                Time          Cycles PC       Instr    Mnemonic
            18880000             455 00000080 00c0006f jal              x0, 12             
            18960000             457 0000008c 30501073 csrrw            x0, x0, 0x305      
            19000000             458 00000090 00000093 addi             x1, x0, 0            x1=00000000
            19040000             459 00000094 00008113 addi             x2, x1, 0            x2=00000000  x1:00000000
            19080000             460 00000098 00008193 addi             x3, x1, 0            x3=00000000  x1:00000000
            19120000             461 0000009c 00008213 addi             x4, x1, 0            x4=00000000  x1:00000000
            19160000             462 000000a0 00008293 addi             x5, x1, 0            x5=00000000  x1:00000000
            19200000             463 000000a4 00008313 addi             x6, x1, 0            x6=00000000  x1:00000000
            19240000             464 000000a8 00008393 addi             x7, x1, 0            x7=00000000  x1:00000000
            19280000             465 000000ac 00008413 addi             x8, x1, 0            x8=00000000  x1:00000000
            19320000             466 000000b0 00008493 addi             x9, x1, 0            x9=00000000  x1:00000000
            19360000             467 000000b4 00008513 addi             x10, x1, 0          x10=00000000  x1:00000000
            19400000             468 000000b8 00008593 addi             x11, x1, 0          x11=00000000  x1:00000000
            19440000             469 000000bc 00008613 addi             x12, x1, 0          x12=00000000  x1:00000000
            19480000             470 000000c0 00008693 addi             x13, x1, 0          x13=00000000  x1:00000000
            19520000             471 000000c4 00008713 addi             x14, x1, 0          x14=00000000  x1:00000000
            19560000             472 000000c8 00008793 addi             x15, x1, 0          x15=00000000  x1:00000000
            19600000             473 000000cc 00008813 addi             x16, x1, 0          x16=00000000  x1:00000000
            19640000             474 000000d0 00008893 addi             x17, x1, 0          x17=00000000  x1:00000000
            19680000             475 000000d4 00008913 addi             x18, x1, 0          x18=00000000  x1:00000000
            19720000             476 000000d8 00008993 addi             x19, x1, 0          x19=00000000  x1:00000000
            19760000             477 000000dc 00008a13 addi             x20, x1, 0          x20=00000000  x1:00000000
            19800000             478 000000e0 00008a93 addi             x21, x1, 0          x21=00000000  x1:00000000
            19840000             479 000000e4 00008b13 addi             x22, x1, 0          x22=00000000  x1:00000000
            19880000             480 000000e8 00008b93 addi             x23, x1, 0          x23=00000000  x1:00000000
            19920000             481 000000ec 00008c13 addi             x24, x1, 0          x24=00000000  x1:00000000
            19960000             482 000000f0 00008c93 addi             x25, x1, 0          x25=00000000  x1:00000000
            20000000             483 000000f4 00008d13 addi             x26, x1, 0          x26=00000000  x1:00000000
            20040000             484 000000f8 00008d93 addi             x27, x1, 0          x27=00000000  x1:00000000
            20080000             485 000000fc 00008e13 addi             x28, x1, 0          x28=00000000  x1:00000000
            20120000             486 00000100 00008e93 addi             x29, x1, 0          x29=00000000  x1:00000000
            20160000             487 00000104 00008f13 addi             x30, x1, 0          x30=00000000  x1:00000000
            20200000             488 00000108 00008f93 addi             x31, x1, 0          x31=00000000  x1:00000000
            20240000             489 0000010c 00108117 auipc            x2, 0x108000         x2=0010810c
            20280000             490 00000110 ef410113 addi             x2, x2, -268         x2=00108000  x2:0010810c
            20320000             491 00000114 00100d17 auipc            x26, 0x100000       x26=00100114
            20360000             492 00000118 450d0d13 addi             x26, x26, 1104      x26=00100564 x26:00100114
            20400000             493 0000011c 00100d97 auipc            x27, 0x100000       x27=0010011c
            20440000             494 00000120 4c0d8d93 addi             x27, x27, 1216      x27=001005dc x27:0010011c
            20480000             495 00000124 01bd5863 bge              x26, x27, 16        x26:00100564 x27:001005dc
            20520000             496 00000128 000d2023 sw               x0, 0(x26)          x26:00100564  PA:00100564
            20560000             497 0000012c 004d0d13 addi             x26, x26, 4         x26=00100568 x26:00100564
            20600000             498 00000130 ffaddce3 bge              x27, x26, -8        x27:001005dc x26:00100568
            20720000             501 00000128 000d2023 sw               x0, 0(x26)          x26:00100568  PA:00100568
            20760000             502 0000012c 004d0d13 addi             x26, x26, 4         x26=0010056c x26:00100568
            20800000             503 00000130 ffaddce3 bge              x27, x26, -8        x27:001005dc x26:0010056c
            20920000             506 00000128 000d2023 sw               x0, 0(x26)          x26:0010056c  PA:0010056c
            20960000             507 0000012c 004d0d13 addi             x26, x26, 4         x26=00100570 x26:0010056c
            21000000             508 00000130 ffaddce3 bge              x27, x26, -8        x27:001005dc x26:00100570
            21120000             511 00000128 000d2023 sw               x0, 0(x26)          x26:00100570  PA:00100570
            21160000             512 0000012c 004d0d13 addi             x26, x26, 4         x26=00100574 x26:00100570
            21200000             513 00000130 ffaddce3 bge              x27, x26, -8        x27:001005dc x26:00100574
            21320000             516 00000128 000d2023 sw               x0, 0(x26)          x26:00100574  PA:00100574
            21360000             517 0000012c 004d0d13 addi             x26, x26, 4         x26=00100578 x26:00100574
            21400000             518 00000130 ffaddce3 bge              x27, x26, -8        x27:001005dc x26:00100578
            21520000             521 00000128 000d2023 sw               x0, 0(x26)          x26:00100578  PA:00100578
            21560000             522 0000012c 004d0d13 addi             x26, x26, 4         x26=0010057c x26:00100578
            21600000             523 00000130 ffaddce3 bge              x27, x26, -8        x27:001005dc x26:0010057c
            21720000             526 00000128 000d2023 sw               x0, 0(x26)          x26:0010057c  PA:0010057c
            21760000             527 0000012c 004d0d13 addi             x26, x26, 4         x26=00100580 x26:0010057c
            21800000             528 00000130 ffaddce3 bge              x27, x26, -8        x27:001005dc x26:00100580
            21920000             531 00000128 000d2023 sw               x0, 0(x26)          x26:00100580  PA:00100580
            21960000             532 0000012c 004d0d13 addi             x26, x26, 4         x26=00100584 x26:00100580
            22000000             533 00000130 ffaddce3 bge              x27, x26, -8        x27:001005dc x26:00100584
            22120000             536 00000128 000d2023 sw               x0, 0(x26)          x26:00100584  PA:00100584
            22160000             537 0000012c 004d0d13 addi             x26, x26, 4         x26=00100588 x26:00100584
            22200000             538 00000130 ffaddce3 bge              x27, x26, -8        x27:001005dc x26:00100588
            22320000             541 00000128 000d2023 sw               x0, 0(x26)          x26:00100588  PA:00100588
            22360000             542 0000012c 004d0d13 addi             x26, x26, 4         x26=0010058c x26:00100588
            22400000             543 00000130 ffaddce3 bge              x27, x26, -8        x27:001005dc x26:0010058c
            22520000             546 00000128 000d2023 sw               x0, 0(x26)          x26:0010058c  PA:0010058c
            22560000             547 0000012c 004d0d13 addi             x26, x26, 4         x26=00100590 x26:0010058c
            22600000             548 00000130 ffaddce3 bge              x27, x26, -8        x27:001005dc x26:00100590
            22720000             551 00000128 000d2023 sw               x0, 0(x26)          x26:00100590  PA:00100590
            22760000             552 0000012c 004d0d13 addi             x26, x26, 4         x26=00100594 x26:00100590
            22800000             553 00000130 ffaddce3 bge              x27, x26, -8        x27:001005dc x26:00100594
            22920000             556 00000128 000d2023 sw               x0, 0(x26)          x26:00100594  PA:00100594
            22960000             557 0000012c 004d0d13 addi             x26, x26, 4         x26=00100598 x26:00100594
            23000000             558 00000130 ffaddce3 bge              x27, x26, -8        x27:001005dc x26:00100598
            23120000             561 00000128 000d2023 sw               x0, 0(x26)          x26:00100598  PA:00100598
            23160000             562 0000012c 004d0d13 addi             x26, x26, 4         x26=0010059c x26:00100598
            23200000             563 00000130 ffaddce3 bge              x27, x26, -8        x27:001005dc x26:0010059c
            23320000             566 00000128 000d2023 sw               x0, 0(x26)          x26:0010059c  PA:0010059c
            23360000             567 0000012c 004d0d13 addi             x26, x26, 4         x26=001005a0 x26:0010059c
            23400000             568 00000130 ffaddce3 bge              x27, x26, -8        x27:001005dc x26:001005a0
            23520000             571 00000128 000d2023 sw               x0, 0(x26)          x26:001005a0  PA:001005a0
            23560000             572 0000012c 004d0d13 addi             x26, x26, 4         x26=001005a4 x26:001005a0
            23600000             573 00000130 ffaddce3 bge              x27, x26, -8        x27:001005dc x26:001005a4
            23720000             576 00000128 000d2023 sw               x0, 0(x26)          x26:001005a4  PA:001005a4
            23760000             577 0000012c 004d0d13 addi             x26, x26, 4         x26=001005a8 x26:001005a4
            23800000             578 00000130 ffaddce3 bge              x27, x26, -8        x27:001005dc x26:001005a8
            23920000             581 00000128 000d2023 sw               x0, 0(x26)          x26:001005a8  PA:001005a8
            23960000             582 0000012c 004d0d13 addi             x26, x26, 4         x26=001005ac x26:001005a8
            24000000             583 00000130 ffaddce3 bge              x27, x26, -8        x27:001005dc x26:001005ac
            24120000             586 00000128 000d2023 sw               x0, 0(x26)          x26:001005ac  PA:001005ac
            24160000             587 0000012c 004d0d13 addi             x26, x26, 4         x26=001005b0 x26:001005ac
            24200000             588 00000130 ffaddce3 bge              x27, x26, -8        x27:001005dc x26:001005b0
            24320000             591 00000128 000d2023 sw               x0, 0(x26)          x26:001005b0  PA:001005b0
            24360000             592 0000012c 004d0d13 addi             x26, x26, 4         x26=001005b4 x26:001005b0
            24400000             593 00000130 ffaddce3 bge              x27, x26, -8        x27:001005dc x26:001005b4
            24520000             596 00000128 000d2023 sw               x0, 0(x26)          x26:001005b4  PA:001005b4
            24560000             597 0000012c 004d0d13 addi             x26, x26, 4         x26=001005b8 x26:001005b4
            24600000             598 00000130 ffaddce3 bge              x27, x26, -8        x27:001005dc x26:001005b8
            24720000             601 00000128 000d2023 sw               x0, 0(x26)          x26:001005b8  PA:001005b8
            24760000             602 0000012c 004d0d13 addi             x26, x26, 4         x26=001005bc x26:001005b8
            24800000             603 00000130 ffaddce3 bge              x27, x26, -8        x27:001005dc x26:001005bc
            24920000             606 00000128 000d2023 sw               x0, 0(x26)          x26:001005bc  PA:001005bc
            24960000             607 0000012c 004d0d13 addi             x26, x26, 4         x26=001005c0 x26:001005bc
            25000000             608 00000130 ffaddce3 bge              x27, x26, -8        x27:001005dc x26:001005c0
            25120000             611 00000128 000d2023 sw               x0, 0(x26)          x26:001005c0  PA:001005c0
            25160000             612 0000012c 004d0d13 addi             x26, x26, 4         x26=001005c4 x26:001005c0
            25200000             613 00000130 ffaddce3 bge              x27, x26, -8        x27:001005dc x26:001005c4
            25320000             616 00000128 000d2023 sw               x0, 0(x26)          x26:001005c4  PA:001005c4
            25360000             617 0000012c 004d0d13 addi             x26, x26, 4         x26=001005c8 x26:001005c4
            25400000             618 00000130 ffaddce3 bge              x27, x26, -8        x27:001005dc x26:001005c8
            25520000             621 00000128 000d2023 sw               x0, 0(x26)          x26:001005c8  PA:001005c8
            25560000             622 0000012c 004d0d13 addi             x26, x26, 4         x26=001005cc x26:001005c8
            25600000             623 00000130 ffaddce3 bge              x27, x26, -8        x27:001005dc x26:001005cc
            25720000             626 00000128 000d2023 sw               x0, 0(x26)          x26:001005cc  PA:001005cc
            25760000             627 0000012c 004d0d13 addi             x26, x26, 4         x26=001005d0 x26:001005cc
            25800000             628 00000130 ffaddce3 bge              x27, x26, -8        x27:001005dc x26:001005d0
            25920000             631 00000128 000d2023 sw               x0, 0(x26)          x26:001005d0  PA:001005d0
            25960000             632 0000012c 004d0d13 addi             x26, x26, 4         x26=001005d4 x26:001005d0
            26000000             633 00000130 ffaddce3 bge              x27, x26, -8        x27:001005dc x26:001005d4
            26120000             636 00000128 000d2023 sw               x0, 0(x26)          x26:001005d4  PA:001005d4
            26160000             637 0000012c 004d0d13 addi             x26, x26, 4         x26=001005d8 x26:001005d4
            26200000             638 00000130 ffaddce3 bge              x27, x26, -8        x27:001005dc x26:001005d8
            26320000             641 00000128 000d2023 sw               x0, 0(x26)          x26:001005d8  PA:001005d8
            26360000             642 0000012c 004d0d13 addi             x26, x26, 4         x26=001005dc x26:001005d8
            26400000             643 00000130 ffaddce3 bge              x27, x26, -8        x27:001005dc x26:001005dc
            26520000             646 00000128 000d2023 sw               x0, 0(x26)          x26:001005dc  PA:001005dc
            26560000             647 0000012c 004d0d13 addi             x26, x26, 4         x26=001005e0 x26:001005dc
            26600000             648 00000130 ffaddce3 bge              x27, x26, -8        x27:001005dc x26:001005e0
            26640000             649 00000134 230000ef jal              x1, 560              x1=00000138
            26720000             651 00000364 ff010113 addi             x2, x2, -16          x2=00107ff0  x2:00108000
            26760000             652 00000368 00912223 sw               x9, 4(x2)            x9:00000000  x2:00107ff0  PA:00107ff4
            26800000             653 0000036c 001007b7 lui              x15, 0x100000       x15=00100000
            26840000             654 00000370 001004b7 lui              x9, 0x100000         x9=00100000
            26880000             655 00000374 01212023 sw               x18, 0(x2)          x18:00000000  x2:00107ff0  PA:00107ff0
            26920000             656 00000378 00078793 addi             x15, x15, 0         x15=00100000 x15:00100000
            26960000             657 0000037c 00048913 addi             x18, x9, 0          x18=00100000  x9:00100000
            27000000             658 00000380 0527b95b p.subN           x18, x15, x18, 0x2  x18=00000000 x15:00100000 x18:00100000
            27040000             659 00000384 00812423 sw               x8, 8(x2)            x8:00000000  x2:00107ff0  PA:00107ff8
            27080000             660 00000388 00112623 sw               x1, 12(x2)           x1:00000138  x2:00107ff0  PA:00107ffc
            27120000             661 0000038c 00048493 addi             x9, x9, 0            x9=00100000  x9:00100000
            27160000             662 00000390 00000413 addi             x8, x0, 0            x8=00000000
            27200000             663 00000394 00090a63 beq              x18, x0, 20         x18:00000000
            27320000             666 000003a8 001004b7 lui              x9, 0x100000         x9=00100000
            27360000             667 000003ac fb5ff0ef jal              x1, -76              x1=000003b0
            27440000             669 00000360 00008067 jalr             x0, x1, 0            x1:000003b0
            27520000             671 000003b0 001007b7 lui              x15, 0x100000       x15=00100000
            27560000             672 000003b4 00048913 addi             x18, x9, 0          x18=00100000  x9:00100000
            27600000             673 000003b8 00078793 addi             x15, x15, 0         x15=00100000 x15:00100000
            27640000             674 000003bc 0527b95b p.subN           x18, x15, x18, 0x2  x18=00000000 x15:00100000 x18:00100000
            27680000             675 000003c0 00048493 addi             x9, x9, 0            x9=00100000  x9:00100000
            27720000             676 000003c4 00000413 addi             x8, x0, 0            x8=00000000
            27760000             677 000003c8 00090a63 beq              x18, x0, 20         x18:00000000
            27880000             680 000003dc 00c12083 lw               x1, 12(x2)           x1=00000138  x2:00107ff0  PA:00107ffc
            27920000             681 000003e0 00812403 lw               x8, 8(x2)            x8=00000000  x2:00107ff0  PA:00107ff8
            27960000             682 000003e4 00412483 lw               x9, 4(x2)            x9=00000000  x2:00107ff0  PA:00107ff4
            28000000             683 000003e8 00012903 lw               x18, 0(x2)          x18=00000000  x2:00107ff0  PA:00107ff0
            28040000             684 000003ec 01010113 addi             x2, x2, 16           x2=00108000  x2:00107ff0
            28080000             685 000003f0 00008067 jalr             x0, x1, 0            x1:00000138
            28160000             687 00000138 00000513 addi             x10, x0, 0          x10=00000000
            28200000             688 0000013c 00100593 addi             x11, x0, 1          x11=00000001
            28240000             689 00000140 690010ef jal              x1, 5776             x1=00000144
            28320000             691 000017d0 1a107737 lui              x14, 0x1a107000     x14=1a107000
            28360000             692 000017d4 00470713 addi             x14, x14, 4         x14=1a107004 x14:1a107000
            28400000             693 000017d8 00072603 lw               x12, 0(x14)         x12=ffffffff x14:1a107004  PA:1a107004
            28440000             694 000017dc 1a1007b7 lui              x15, 0x1a100000     x15=1a100000
            29160000             712 000017e0 c0164633 p.bset           x12, x12, 0, 1      x12=ffffffff x12:ffffffff
            29200000             713 000017e4 00c72023 sw               x12, 0(x14)         x12:ffffffff x14:1a107004  PA:1a107004
            29240000             714 000017e8 00478693 addi             x13, x15, 4         x13=1a100004 x15:1a100000
            29560000             722 000017ec 00c78513 addi             x10, x15, 12        x10=1a10000c x15:1a100000
            29600000             723 000017f0 0085d813 srli             x16, x11, 0x8       x16=00000000 x11:00000001
            29640000             724 000017f4 08300713 addi             x14, x0, 131        x14=00000083
            29680000             725 000017f8 0ff5f593 andi             x11, x11, 255       x11=00000001 x11:00000001
            29720000             726 000017fc 00e52023 sw               x14, 0(x10)         x14:00000083 x10:1a10000c  PA:1a10000c
            29760000             727 00001800 0106a023 sw               x16, 0(x13)         x16:00000000 x13:1a100004  PA:1a100004
            29840000             729 00001804 0a700713 addi             x14, x0, 167        x14=000000a7
            30120000             736 00001808 00b7a42b p.sw             x11, 8(x15!)        x15=1a100008 x11:00000001 x15:1a100000  PA:1a100000
            30160000             737 0000180c 00e7a023 sw               x14, 0(x15)         x14:000000a7 x15:1a100008  PA:1a100008
            30560000             747 00001810 00300793 addi             x15, x0, 3          x15=00000003
            30920000             756 00001814 00f52023 sw               x15, 0(x10)         x15:00000003 x10:1a10000c  PA:1a10000c
            30960000             757 00001818 0006a783 lw               x15, 0(x13)         x15=ffffffff x13:1a100004  PA:1a100004
            31400000             768 0000181c 0f07f793 andi             x15, x15, 240       x15=000000f0 x15:ffffffff
            31440000             769 00001820 c017c7b3 p.bset           x15, x15, 0, 1      x15=000000f2 x15:000000f0
            31480000             770 00001824 00f6a023 sw               x15, 0(x13)         x15:000000f2 x13:1a100004  PA:1a100004
            31520000             771 00001828 00008067 jalr             x0, x1, 0            x1:00000144
            31920000             781 00000144 00000513 addi             x10, x0, 0          x10=00000000
            31960000             782 00000148 00000593 addi             x11, x0, 0          x11=00000000
            32000000             783 0000014c 2b8000ef jal              x1, 696              x1=00000150
            32080000             785 00000404 fc010113 addi             x2, x2, -64          x2=00107fc0  x2:00108000
            32120000             786 00000408 00100537 lui              x10, 0x100000       x10=00100000
            32160000             787 0000040c 02812c23 sw               x8, 56(x2)           x8:00000000  x2:00107fc0  PA:00107ff8
            32200000             788 00000410 02912a23 sw               x9, 52(x2)           x9:00000000  x2:00107fc0  PA:00107ff4
            32240000             789 00000414 40900437 lui              x8, 0x40900000       x8=40900000
            32280000             790 00000418 407004b7 lui              x9, 0x40700000       x9=40700000
            32320000             791 0000041c 00050513 addi             x10, x10, 0         x10=00100000 x10:00100000
            32360000             792 00000420 02112e23 sw               x1, 60(x2)           x1:00000150  x2:00107fc0  PA:00107ffc
            32400000             793 00000424 00912023 sw               x9, 0(x2)            x9:40700000  x2:00107fc0  PA:00107fc0
            32440000             794 00000428 00812223 sw               x8, 4(x2)            x8:40900000  x2:00107fc0  PA:00107fc4
            32480000             795 0000042c 00012423 sw               x0, 8(x2)            x2:00107fc0  PA:00107fc8
            32520000             796 00000430 00012623 sw               x0, 12(x2)           x2:00107fc0  PA:00107fcc
            32560000             797 00000434 108010ef jal              x1, 4360             x1=00000438
            32640000             799 0000153c ff010113 addi             x2, x2, -16          x2=00107fb0  x2:00107fc0
            32680000             800 00001540 00812423 sw               x8, 8(x2)            x8:40900000  x2:00107fb0  PA:00107fb8
            32720000             801 00001544 00112623 sw               x1, 12(x2)           x1:00000438  x2:00107fb0  PA:00107fbc
            32760000             802 00001548 00912223 sw               x9, 4(x2)            x9:40700000  x2:00107fb0  PA:00107fb4
            32800000             803 0000154c 00050413 addi             x8, x10, 0           x8=00100000 x10:00100000
            32840000             804 00001550 00054503 lbu              x10, 0(x10)         x10=00000068 x10:00100000  PA:00100000
            32920000             806 00001554 02050e63 beq              x10, x0, 60         x10:00000068
            32960000             807 00001558 00140413 addi             x8, x8, 1            x8=00100001  x8:00100000
            33000000             808 0000155c 00000493 addi             x9, x0, 0            x9=00000000
            33040000             809 00001560 2cc000ef jal              x1, 716              x1=00001564
            33120000             811 0000182c 1a100737 lui              x14, 0x1a100000     x14=1a100000
            33160000             812 00001830 01470713 addi             x14, x14, 20        x14=1a100014 x14:1a100000
            33200000             813 00001834 00072783 lw               x15, 0(x14)         x15=00000000 x14:1a100014  PA:1a100014
            33280000             815 00001838 0207f793 andi             x15, x15, 32        x15=00000000 x15:00000000
            33320000             816 0000183c fe078ce3 beq              x15, x0, -8         x15:00000000
            33440000             819 00001834 00072783 lw               x15, 0(x14)         x15=00000060 x14:1a100014  PA:1a100014
            34000000             833 00001838 0207f793 andi             x15, x15, 32        x15=00000020 x15:00000060
            34040000             834 0000183c fe078ce3 beq              x15, x0, -8         x15:00000020
            34080000             835 00001840 1a1007b7 lui              x15, 0x1a100000     x15=1a100000
            34120000             836 00001844 00a7a023 sw               x10, 0(x15)         x10:00000068 x15:1a100000  PA:1a100000
            34160000             837 00001848 00008067 jalr             x0, x1, 0            x1:00001564
            34560000             847 00001564 0014450b p.lbu            x10, 1(x8!)         x10=00000065  x8=00100002  x8:00100001  PA:00100001
            34600000             848 00001568 00148493 addi             x9, x9, 1            x9=00000001  x9:00000000
            34640000             849 0000156c fe051ae3 bne              x10, x0, -12        x10:00000065
            34760000             852 00001560 2cc000ef jal              x1, 716              x1=00001564
            34840000             854 0000182c 1a100737 lui              x14, 0x1a100000     x14=1a100000
            34880000             855 00001830 01470713 addi             x14, x14, 20        x14=1a100014 x14:1a100000
            34920000             856 00001834 00072783 lw               x15, 0(x14)         x15=00000060 x14:1a100014  PA:1a100014
            35280000             865 00001838 0207f793 andi             x15, x15, 32        x15=00000020 x15:00000060
            35320000             866 0000183c fe078ce3 beq              x15, x0, -8         x15:00000020
            35360000             867 00001840 1a1007b7 lui              x15, 0x1a100000     x15=1a100000
            35400000             868 00001844 00a7a023 sw               x10, 0(x15)         x10:00000065 x15:1a100000  PA:1a100000
            35440000             869 00001848 00008067 jalr             x0, x1, 0            x1:00001564
            35840000             879 00001564 0014450b p.lbu            x10, 1(x8!)         x10=0000006c  x8=00100003  x8:00100002  PA:00100002
            35880000             880 00001568 00148493 addi             x9, x9, 1            x9=00000002  x9:00000001
            35920000             881 0000156c fe051ae3 bne              x10, x0, -12        x10:0000006c
            36040000             884 00001560 2cc000ef jal              x1, 716              x1=00001564
            36120000             886 0000182c 1a100737 lui              x14, 0x1a100000     x14=1a100000
            36160000             887 00001830 01470713 addi             x14, x14, 20        x14=1a100014 x14:1a100000
            36200000             888 00001834 00072783 lw               x15, 0(x14)         x15=00000020 x14:1a100014  PA:1a100014
            36560000             897 00001838 0207f793 andi             x15, x15, 32        x15=00000020 x15:00000020
            36600000             898 0000183c fe078ce3 beq              x15, x0, -8         x15:00000020
            36640000             899 00001840 1a1007b7 lui              x15, 0x1a100000     x15=1a100000
            36680000             900 00001844 00a7a023 sw               x10, 0(x15)         x10:0000006c x15:1a100000  PA:1a100000
            36720000             901 00001848 00008067 jalr             x0, x1, 0            x1:00001564
            37120000             911 00001564 0014450b p.lbu            x10, 1(x8!)         x10=0000006c  x8=00100004  x8:00100003  PA:00100003
            37160000             912 00001568 00148493 addi             x9, x9, 1            x9=00000003  x9:00000002
            37200000             913 0000156c fe051ae3 bne              x10, x0, -12        x10:0000006c
            37320000             916 00001560 2cc000ef jal              x1, 716              x1=00001564
            37400000             918 0000182c 1a100737 lui              x14, 0x1a100000     x14=1a100000
            37440000             919 00001830 01470713 addi             x14, x14, 20        x14=1a100014 x14:1a100000
            37480000             920 00001834 00072783 lw               x15, 0(x14)         x15=00000020 x14:1a100014  PA:1a100014
            37840000             929 00001838 0207f793 andi             x15, x15, 32        x15=00000020 x15:00000020
            37880000             930 0000183c fe078ce3 beq              x15, x0, -8         x15:00000020
            37920000             931 00001840 1a1007b7 lui              x15, 0x1a100000     x15=1a100000
            37960000             932 00001844 00a7a023 sw               x10, 0(x15)         x10:0000006c x15:1a100000  PA:1a100000
            38000000             933 00001848 00008067 jalr             x0, x1, 0            x1:00001564
            38400000             943 00001564 0014450b p.lbu            x10, 1(x8!)         x10=0000006f  x8=00100005  x8:00100004  PA:00100004
            38440000             944 00001568 00148493 addi             x9, x9, 1            x9=00000004  x9:00000003
            38480000             945 0000156c fe051ae3 bne              x10, x0, -12        x10:0000006f
            38600000             948 00001560 2cc000ef jal              x1, 716              x1=00001564
            38680000             950 0000182c 1a100737 lui              x14, 0x1a100000     x14=1a100000
            38720000             951 00001830 01470713 addi             x14, x14, 20        x14=1a100014 x14:1a100000
            38760000             952 00001834 00072783 lw               x15, 0(x14)         x15=00000000 x14:1a100014  PA:1a100014
            39120000             961 00001838 0207f793 andi             x15, x15, 32        x15=00000000 x15:00000000
            39160000             962 0000183c fe078ce3 beq              x15, x0, -8         x15:00000000
            39280000             965 00001834 00072783 lw               x15, 0(x14)         x15=00000020 x14:1a100014  PA:1a100014
            39640000             974 00001838 0207f793 andi             x15, x15, 32        x15=00000020 x15:00000020
            39680000             975 0000183c fe078ce3 beq              x15, x0, -8         x15:00000020
            39720000             976 00001840 1a1007b7 lui              x15, 0x1a100000     x15=1a100000
            39760000             977 00001844 00a7a023 sw               x10, 0(x15)         x10:0000006f x15:1a100000  PA:1a100000
            39800000             978 00001848 00008067 jalr             x0, x1, 0            x1:00001564
            40200000             988 00001564 0014450b p.lbu            x10, 1(x8!)         x10=00000077  x8=00100006  x8:00100005  PA:00100005
            40240000             989 00001568 00148493 addi             x9, x9, 1            x9=00000005  x9:00000004
            40280000             990 0000156c fe051ae3 bne              x10, x0, -12        x10:00000077
            40400000             993 00001560 2cc000ef jal              x1, 716              x1=00001564
            40480000             995 0000182c 1a100737 lui              x14, 0x1a100000     x14=1a100000
            40520000             996 00001830 01470713 addi             x14, x14, 20        x14=1a100014 x14:1a100000
            40560000             997 00001834 00072783 lw               x15, 0(x14)         x15=00000020 x14:1a100014  PA:1a100014
            40920000            1006 00001838 0207f793 andi             x15, x15, 32        x15=00000020 x15:00000020
            40960000            1007 0000183c fe078ce3 beq              x15, x0, -8         x15:00000020
            41000000            1008 00001840 1a1007b7 lui              x15, 0x1a100000     x15=1a100000
            41040000            1009 00001844 00a7a023 sw               x10, 0(x15)         x10:00000077 x15:1a100000  PA:1a100000
            41080000            1010 00001848 00008067 jalr             x0, x1, 0            x1:00001564
            41480000            1020 00001564 0014450b p.lbu            x10, 1(x8!)         x10=0000006f  x8=00100007  x8:00100006  PA:00100006
            41520000            1021 00001568 00148493 addi             x9, x9, 1            x9=00000006  x9:00000005
            41560000            1022 0000156c fe051ae3 bne              x10, x0, -12        x10:0000006f
            41680000            1025 00001560 2cc000ef jal              x1, 716              x1=00001564
            41760000            1027 0000182c 1a100737 lui              x14, 0x1a100000     x14=1a100000
            41800000            1028 00001830 01470713 addi             x14, x14, 20        x14=1a100014 x14:1a100000
            41840000            1029 00001834 00072783 lw               x15, 0(x14)         x15=00000020 x14:1a100014  PA:1a100014
            42200000            1038 00001838 0207f793 andi             x15, x15, 32        x15=00000020 x15:00000020
            42240000            1039 0000183c fe078ce3 beq              x15, x0, -8         x15:00000020
            42280000            1040 00001840 1a1007b7 lui              x15, 0x1a100000     x15=1a100000
            42320000            1041 00001844 00a7a023 sw               x10, 0(x15)         x10:0000006f x15:1a100000  PA:1a100000
            42360000            1042 00001848 00008067 jalr             x0, x1, 0            x1:00001564
            42760000            1052 00001564 0014450b p.lbu            x10, 1(x8!)         x10=00000072  x8=00100008  x8:00100007  PA:00100007
            42800000            1053 00001568 00148493 addi             x9, x9, 1            x9=00000007  x9:00000006
            42840000            1054 0000156c fe051ae3 bne              x10, x0, -12        x10:00000072
            42960000            1057 00001560 2cc000ef jal              x1, 716              x1=00001564
            43040000            1059 0000182c 1a100737 lui              x14, 0x1a100000     x14=1a100000
            43080000            1060 00001830 01470713 addi             x14, x14, 20        x14=1a100014 x14:1a100000
            43120000            1061 00001834 00072783 lw               x15, 0(x14)         x15=00000020 x14:1a100014  PA:1a100014
            43480000            1070 00001838 0207f793 andi             x15, x15, 32        x15=00000020 x15:00000020
            43520000            1071 0000183c fe078ce3 beq              x15, x0, -8         x15:00000020
            43560000            1072 00001840 1a1007b7 lui              x15, 0x1a100000     x15=1a100000
            43600000            1073 00001844 00a7a023 sw               x10, 0(x15)         x10:00000072 x15:1a100000  PA:1a100000
            43640000            1074 00001848 00008067 jalr             x0, x1, 0            x1:00001564
            44040000            1084 00001564 0014450b p.lbu            x10, 1(x8!)         x10=0000006c  x8=00100009  x8:00100008  PA:00100008
            44080000            1085 00001568 00148493 addi             x9, x9, 1            x9=00000008  x9:00000007
            44120000            1086 0000156c fe051ae3 bne              x10, x0, -12        x10:0000006c
            44240000            1089 00001560 2cc000ef jal              x1, 716              x1=00001564
            44320000            1091 0000182c 1a100737 lui              x14, 0x1a100000     x14=1a100000
            44360000            1092 00001830 01470713 addi             x14, x14, 20        x14=1a100014 x14:1a100000
            44400000            1093 00001834 00072783 lw               x15, 0(x14)         x15=00000000 x14:1a100014  PA:1a100014
            44760000            1102 00001838 0207f793 andi             x15, x15, 32        x15=00000000 x15:00000000
            44800000            1103 0000183c fe078ce3 beq              x15, x0, -8         x15:00000000
            44920000            1106 00001834 00072783 lw               x15, 0(x14)         x15=00000020 x14:1a100014  PA:1a100014
            45280000            1115 00001838 0207f793 andi             x15, x15, 32        x15=00000020 x15:00000020
            45320000            1116 0000183c fe078ce3 beq              x15, x0, -8         x15:00000020
            45360000            1117 00001840 1a1007b7 lui              x15, 0x1a100000     x15=1a100000
            45400000            1118 00001844 00a7a023 sw               x10, 0(x15)         x10:0000006c x15:1a100000  PA:1a100000
            45440000            1119 00001848 00008067 jalr             x0, x1, 0            x1:00001564
            45840000            1129 00001564 0014450b p.lbu            x10, 1(x8!)         x10=00000064  x8=0010000a  x8:00100009  PA:00100009
            45880000            1130 00001568 00148493 addi             x9, x9, 1            x9=00000009  x9:00000008
            45920000            1131 0000156c fe051ae3 bne              x10, x0, -12        x10:00000064
            46040000            1134 00001560 2cc000ef jal              x1, 716              x1=00001564
            46120000            1136 0000182c 1a100737 lui              x14, 0x1a100000     x14=1a100000
            46160000            1137 00001830 01470713 addi             x14, x14, 20        x14=1a100014 x14:1a100000
            46200000            1138 00001834 00072783 lw               x15, 0(x14)         x15=00000000 x14:1a100014  PA:1a100014
            46560000            1147 00001838 0207f793 andi             x15, x15, 32        x15=00000000 x15:00000000
            46600000            1148 0000183c fe078ce3 beq              x15, x0, -8         x15:00000000
            46720000            1151 00001834 00072783 lw               x15, 0(x14)         x15=00000020 x14:1a100014  PA:1a100014
            47080000            1160 00001838 0207f793 andi             x15, x15, 32        x15=00000020 x15:00000020
            47120000            1161 0000183c fe078ce3 beq              x15, x0, -8         x15:00000020
            47160000            1162 00001840 1a1007b7 lui              x15, 0x1a100000     x15=1a100000
            47200000            1163 00001844 00a7a023 sw               x10, 0(x15)         x10:00000064 x15:1a100000  PA:1a100000
            47240000            1164 00001848 00008067 jalr             x0, x1, 0            x1:00001564
            47600000            1173 00001564 0014450b p.lbu            x10, 1(x8!)         x10=00000020  x8=0010000b  x8:0010000a  PA:0010000a
            47640000            1174 00001568 00148493 addi             x9, x9, 1            x9=0000000a  x9:00000009
            47680000            1175 0000156c fe051ae3 bne              x10, x0, -12        x10:00000020
            47800000            1178 00001560 2cc000ef jal              x1, 716              x1=00001564
            47880000            1180 0000182c 1a100737 lui              x14, 0x1a100000     x14=1a100000
            47920000            1181 00001830 01470713 addi             x14, x14, 20        x14=1a100014 x14:1a100000
            47960000            1182 00001834 00072783 lw               x15, 0(x14)         x15=00000000 x14:1a100014  PA:1a100014
            48320000            1191 00001838 0207f793 andi             x15, x15, 32        x15=00000000 x15:00000000
            48360000            1192 0000183c fe078ce3 beq              x15, x0, -8         x15:00000000
            48480000            1195 00001834 00072783 lw               x15, 0(x14)         x15=00000020 x14:1a100014  PA:1a100014
            48840000            1204 00001838 0207f793 andi             x15, x15, 32        x15=00000020 x15:00000020
            48880000            1205 0000183c fe078ce3 beq              x15, x0, -8         x15:00000020
            48920000            1206 00001840 1a1007b7 lui              x15, 0x1a100000     x15=1a100000
            48960000            1207 00001844 00a7a023 sw               x10, 0(x15)         x10:00000020 x15:1a100000  PA:1a100000
            49000000            1208 00001848 00008067 jalr             x0, x1, 0            x1:00001564
            49360000            1217 00001564 0014450b p.lbu            x10, 1(x8!)         x10=00000000  x8=0010000c  x8:0010000b  PA:0010000b
            49400000            1218 00001568 00148493 addi             x9, x9, 1            x9=0000000b  x9:0000000a
            49440000            1219 0000156c fe051ae3 bne              x10, x0, -12        x10:00000000
            49480000            1220 00001570 00a00513 addi             x10, x0, 10         x10=0000000a
            49520000            1221 00001574 2b8000ef jal              x1, 696              x1=00001578
            49600000            1223 0000182c 1a100737 lui              x14, 0x1a100000     x14=1a100000
            49640000            1224 00001830 01470713 addi             x14, x14, 20        x14=1a100014 x14:1a100000
            49680000            1225 00001834 00072783 lw               x15, 0(x14)         x15=00000000 x14:1a100014  PA:1a100014
            50040000            1234 00001838 0207f793 andi             x15, x15, 32        x15=00000000 x15:00000000
            50080000            1235 0000183c fe078ce3 beq              x15, x0, -8         x15:00000000
            50200000            1238 00001834 00072783 lw               x15, 0(x14)         x15=00000020 x14:1a100014  PA:1a100014
            50560000            1247 00001838 0207f793 andi             x15, x15, 32        x15=00000020 x15:00000020
            50600000            1248 0000183c fe078ce3 beq              x15, x0, -8         x15:00000020
            50640000            1249 00001840 1a1007b7 lui              x15, 0x1a100000     x15=1a100000
            50680000            1250 00001844 00a7a023 sw               x10, 0(x15)         x10:0000000a x15:1a100000  PA:1a100000
            50720000            1251 00001848 00008067 jalr             x0, x1, 0            x1:00001578
            51080000            1260 00001578 00c12083 lw               x1, 12(x2)           x1=00000438  x2:00107fb0  PA:00107fbc
            51120000            1261 0000157c 00048513 addi             x10, x9, 0          x10=0000000b  x9:0000000b
            51160000            1262 00001580 00812403 lw               x8, 8(x2)            x8=40900000  x2:00107fb0  PA:00107fb8
            51200000            1263 00001584 00412483 lw               x9, 4(x2)            x9=40700000  x2:00107fb0  PA:00107fb4
            51240000            1264 00001588 01010113 addi             x2, x2, 16           x2=00107fc0  x2:00107fb0
            51280000            1265 0000158c 00008067 jalr             x0, x1, 0            x1:00000438
            51360000            1267 00000438 1a1117b7 lui              x15, 0x1a111000     x15=1a111000
            51400000            1268 0000043c 00078713 addi             x14, x15, 0         x14=1a111000 x15:1a111000
            51440000            1269 00000440 0097222b p.sw             x9, 4(x14!)         x14=1a111004  x9:40700000 x14:1a111000  PA:1a111000
            51480000            1270 00000444 00878693 addi             x13, x15, 8         x13=1a111008 x15:1a111000
            51800000            1278 00000448 00872023 sw               x8, 0(x14)           x8:40900000 x14:1a111004  PA:1a111004
            51840000            1279 0000044c 0006a023 sw               x0, 0(x13)          x13:1a111008  PA:1a111008
            52200000            1288 00000450 0107a783 lw               x15, 16(x15)        x15=00000000 x15:1a111000  PA:1a111010
            52560000            1297 00000454 00000593 addi             x11, x0, 0          x11=00000000
            52880000            1305 00000458 10000793 addi             x15, x0, 256        x15=00000100
            52920000            1306 0000045c 00010513 addi             x10, x2, 0          x10=00107fc0  x2:00107fc0
            52960000            1307 00000460 00f12023 sw               x15, 0(x2)          x15:00000100  x2:00107fc0  PA:00107fc0
            53000000            1308 00000464 2d8010ef jal              x1, 4824             x1=00000468
            53080000            1310 0000173c 00052703 lw               x14, 0(x10)         x14=00000100 x10:00107fc0  PA:00107fc0
            53120000            1311 00001740 000207b7 lui              x15, 0x20000        x15=00020000
            53160000            1312 00001744 00e5e7a3 p.sw             x14, x0(x11)        x14:00000100 x11:00000000  PA:00020000
            53200000            1313 00001748 00008067 jalr             x0, x1, 0            x1:00000468
            53600000            1323 00000468 18100793 addi             x15, x0, 385        x15=00000181
            53640000            1324 0000046c 00f12023 sw               x15, 0(x2)          x15:00000181  x2:00107fc0  PA:00107fc0
            53680000            1325 00000470 008007b7 lui              x15, 0x800000       x15=00800000
            53720000            1326 00000474 00f12223 sw               x15, 4(x2)          x15:00800000  x2:00107fc0  PA:00107fc4
            53760000            1327 00000478 040a97b7 lui              x15, 0x40a9000      x15=040a9000
            53800000            1328 0000047c 1e178793 addi             x15, x15, 481       x15=040a91e1 x15:040a9000
            53840000            1329 00000480 00c10693 addi             x13, x2, 12         x13=00107fcc  x2:00107fc0
            53880000            1330 00000484 00810613 addi             x12, x2, 8          x12=00107fc8  x2:00107fc0
            53920000            1331 00000488 00000713 addi             x14, x0, 0          x14=00000000
            53960000            1332 0000048c 00410593 addi             x11, x2, 4          x11=00107fc4  x2:00107fc0
            54000000            1333 00000490 00010513 addi             x10, x2, 0          x10=00107fc0  x2:00107fc0
            54040000            1334 00000494 00f12423 sw               x15, 8(x2)          x15:040a91e1  x2:00107fc0  PA:00107fc8
            54080000            1335 00000498 08000793 addi             x15, x0, 128        x15=00000080
            54120000            1336 0000049c 00f12623 sw               x15, 12(x2)         x15:00000080  x2:00107fc0  PA:00107fcc
            54160000            1337 000004a0 264010ef jal              x1, 4708             x1=000004a4
            54240000            1339 00001704 00052303 lw               x6, 0(x10)           x6=00000181 x10:00107fc0  PA:00107fc0
            54280000            1340 00001708 0005a803 lw               x16, 0(x11)         x16=00800000 x11:00107fc4  PA:00107fc4
            54320000            1341 0000170c 000207b7 lui              x15, 0x20000        x15=00020000
            54360000            1342 00001710 00062583 lw               x11, 0(x12)         x11=040a91e1 x12:00107fc8  PA:00107fc8
            54400000            1343 00001714 0006a683 lw               x13, 0(x13)         x13=00000080 x13:00107fcc  PA:00107fcc
            54440000            1344 00001718 04078893 addi             x17, x15, 64        x17=00020040 x15:00020000
            54480000            1345 0000171c 04478513 addi             x10, x15, 68        x10=00020044 x15:00020000
            54520000            1346 00001720 04878613 addi             x12, x15, 72        x12=00020048 x15:00020000
            54560000            1347 00001724 04c78793 addi             x15, x15, 76        x15=0002004c x15:00020000
            54600000            1348 00001728 006768a3 p.sw             x6, x0(x14)          x6:00000181 x14:00000000  PA:00020040
            54640000            1349 0000172c 01076523 p.sw             x16, x0(x14)        x16:00800000 x14:00000000  PA:00020044
            55040000            1359 00001730 00b76623 p.sw             x11, x0(x14)        x11:040a91e1 x14:00000000  PA:00020048
            55440000            1369 00001734 00d767a3 p.sw             x13, x0(x14)        x13:00000080 x14:00000000  PA:0002004c
            55520000            1371 00001738 00008067 jalr             x0, x1, 0            x1:000004a4
            55880000            1380 000004a4 954bd737 lui              x14, 0x954bd000     x14=954bd000
            55920000            1381 000004a8 a3570713 addi             x14, x14, -1483     x14=954bca35 x14:954bd000
            55960000            1382 000004ac 00e12a23 sw               x14, 20(x2)         x14:954bca35  x2:00107fc0  PA:00107fd4
            56000000            1383 000004b0 35b5c737 lui              x14, 0x35b5c000     x14=35b5c000
            56040000            1384 000004b4 c3670713 addi             x14, x14, -970      x14=35b5bc36 x14:35b5c000
            56080000            1385 000004b8 00e12c23 sw               x14, 24(x2)         x14:35b5bc36  x2:00107fc0  PA:00107fd8
            56120000            1386 000004bc 36955737 lui              x14, 0x36955000     x14=36955000
            56160000            1387 000004c0 bca70713 addi             x14, x14, -1078     x14=36954bca x14:36955000
            56200000            1388 000004c4 00e12e23 sw               x14, 28(x2)         x14:36954bca  x2:00107fc0  PA:00107fdc
            56240000            1389 000004c8 ca35b737 lui              x14, 0xca35b000     x14=ca35b000
            56280000            1390 000004cc 5bc70713 addi             x14, x14, 1468      x14=ca35b5bc x14:ca35b000
            56320000            1391 000004d0 02e12023 sw               x14, 32(x2)         x14:ca35b5bc  x2:00107fc0  PA:00107fe0
            56360000            1392 000004d4 bc369737 lui              x14, 0xbc369000     x14=bc369000
            56400000            1393 000004d8 54c70713 addi             x14, x14, 1356      x14=bc36954c x14:bc369000
            56440000            1394 000004dc 02e12223 sw               x14, 36(x2)         x14:bc36954c  x2:00107fc0  PA:00107fe4
            56480000            1395 000004e0 b5bc37b7 lui              x15, 0xb5bc3000     x15=b5bc3000
            56520000            1396 000004e4 4bca3737 lui              x14, 0x4bca3000     x14=4bca3000
            56560000            1397 000004e8 69578793 addi             x15, x15, 1685      x15=b5bc3695 x15:b5bc3000
            56600000            1398 000004ec 5b570713 addi             x14, x14, 1461      x14=4bca35b5 x14:4bca3000
            56640000            1399 000004f0 00000593 addi             x11, x0, 0          x11=00000000
            56680000            1400 000004f4 01010513 addi             x10, x2, 16         x10=00107fd0  x2:00107fc0
            56720000            1401 000004f8 02e12423 sw               x14, 40(x2)         x14:4bca35b5  x2:00107fc0  PA:00107fe8
            56760000            1402 000004fc 00f12823 sw               x15, 16(x2)         x15:b5bc3695  x2:00107fc0  PA:00107fd0
            56800000            1403 00000500 02f12623 sw               x15, 44(x2)         x15:b5bc3695  x2:00107fc0  PA:00107fec
            56840000            1404 00000504 248010ef jal              x1, 4680             x1=00000508
            56920000            1406 0000174c ff010113 addi             x2, x2, -16          x2=00107fb0  x2:00107fc0
            56960000            1407 00001750 00912423 sw               x9, 8(x2)            x9:40700000  x2:00107fb0  PA:00107fb8
            57000000            1408 00001754 00259593 slli             x11, x11, 0x2       x11=00000000 x11:00000000
            57040000            1409 00001758 00052483 lw               x9, 0(x10)           x9=b5bc3695 x10:00107fd0  PA:00107fd0
            57080000            1410 0000175c 000207b7 lui              x15, 0x20000        x15=00020000
            57120000            1411 00001760 00812623 sw               x8, 12(x2)           x8:40900000  x2:00107fb0  PA:00107fbc
            57160000            1412 00001764 00852283 lw               x5, 8(x10)           x5=35b5bc36 x10:00107fd0  PA:00107fd8
            57200000            1413 00001768 00452403 lw               x8, 4(x10)           x8=954bca35 x10:00107fd0  PA:00107fd4
            57240000            1414 0000176c 00c52f03 lw               x30, 12(x10)        x30=36954bca x10:00107fd0  PA:00107fdc
            57280000            1415 00001770 01052e03 lw               x28, 16(x10)        x28=ca35b5bc x10:00107fd0  PA:00107fe0
            57320000            1416 00001774 01452883 lw               x17, 20(x10)        x17=bc36954c x10:00107fd0  PA:00107fe4
            57360000            1417 00001778 01852603 lw               x12, 24(x10)        x12=4bca35b5 x10:00107fd0  PA:00107fe8
            57400000            1418 0000177c 20078793 addi             x15, x15, 512       x15=00020200 x15:00020000
            57440000            1419 00001780 01c52503 lw               x10, 28(x10)        x10=b5bc3695 x10:00107fd0  PA:00107fec
            57480000            1420 00001784 00458393 addi             x7, x11, 4           x7=00000004 x11:00000000
            57520000            1421 00001788 00858f93 addi             x31, x11, 8         x31=00000008 x11:00000000
            57560000            1422 0000178c 00c58e93 addi             x29, x11, 12        x29=0000000c x11:00000000
            57600000            1423 00001790 01058313 addi             x6, x11, 16          x6=00000010 x11:00000000
            57640000            1424 00001794 01458813 addi             x16, x11, 20        x16=00000014 x11:00000000
            57680000            1425 00001798 01858693 addi             x13, x11, 24        x13=00000018 x11:00000000
            57720000            1426 0000179c 01c58713 addi             x14, x11, 28        x14=0000001c x11:00000000
            57760000            1427 000017a0 0095e7a3 p.sw             x9, x0(x11)          x9:b5bc3695 x11:00000000  PA:00020200
            57800000            1428 000017a4 0083e7a3 p.sw             x8, x0(x7)           x8:954bca35  x7:00000004  PA:00020204
            58200000            1438 000017a8 00812483 lw               x9, 8(x2)            x9=40700000  x2:00107fb0  PA:00107fb8
            58560000            1447 000017ac 005fe7a3 p.sw             x5, x0(x31)          x5:35b5bc36 x31:00000008  PA:00020208
            58600000            1448 000017b0 00c12403 lw               x8, 12(x2)           x8=40900000  x2:00107fb0  PA:00107fbc
            58640000            1449 000017b4 01eee7a3 p.sw             x30, x0(x29)        x30:36954bca x29:0000000c  PA:0002020c
            58680000            1450 000017b8 01010113 addi             x2, x2, 16           x2=00107fc0  x2:00107fb0
            59040000            1459 000017bc 01c367a3 p.sw             x28, x0(x6)         x28:ca35b5bc  x6:00000010  PA:00020210
            59080000            1460 000017c0 011867a3 p.sw             x17, x0(x16)        x17:bc36954c x16:00000014  PA:00020214
            59480000            1470 000017c4 00c6e7a3 p.sw             x12, x0(x13)        x12:4bca35b5 x13:00000018  PA:00020218
            59880000            1480 000017c8 00a767a3 p.sw             x10, x0(x14)        x10:b5bc3695 x14:0000001c  PA:0002021c
            59960000            1482 000017cc 00008067 jalr             x0, x1, 0            x1:00000508
            60320000            1491 00000508 1cc010ef jal              x1, 4556             x1=0000050c
            60360000            1492 000016d4 000207b7 lui              x15, 0x20000        x15=00020000
            60400000            1493 000016d8 41078713 addi             x14, x15, 1040      x14=00020410 x15:00020000
            60440000            1494 000016dc 00200693 addi             x13, x0, 2          x13=00000002
            60480000            1495 000016e0 00d72023 sw               x13, 0(x14)         x13:00000002 x14:00020410  PA:00020410
            60520000            1496 000016e4 41478793 addi             x15, x15, 1044      x15=00020414 x15:00020000
            60880000            1505 000016e8 00100713 addi             x14, x0, 1          x14=00000001
            60920000            1506 000016ec 00e7a023 sw               x14, 0(x15)         x14:00000001 x15:00020414  PA:00020414
            60960000            1507 000016f0 00008067 jalr             x0, x1, 0            x1:0000050c
            61360000            1517 0000050c 00020737 lui              x14, 0x20000        x14=00020000
            61400000            1518 00000510 41070713 addi             x14, x14, 1040      x14=00020410 x14:00020000
            61440000            1519 00000514 00072783 lw               x15, 0(x14)         x15=00000091 x14:00020410  PA:00020410
            62840000            1554 00000518 fe47bee3 p.bneimm         x15, -4             x15:00000091
            62960000            1557 00000514 00072783 lw               x15, 0(x14)         x15=00000091 x14:00020410  PA:00020410
            63920000            1581 00000518 fe47bee3 p.bneimm         x15, -4             x15:00000091
            64040000            1584 00000514 00072783 lw               x15, 0(x14)         x15=00000091 x14:00020410  PA:00020410
            65000000            1608 00000518 fe47bee3 p.bneimm         x15, -4             x15:00000091
            65120000            1611 00000514 00072783 lw               x15, 0(x14)         x15=00000020 x14:00020410  PA:00020410
            65200000            1613 00000518 fe47bee3 p.bneimm         x15, -4             x15:00000020
