                Time          Cycles PC       Instr    Mnemonic
            18880000             455 00000080 00c0006f jal              x0, 12             
            18960000             457 0000008c 30501073 csrrw            x0, x0, 0x305      
            19000000             458 00000090 00000093 addi             x1, x0, 0            x1=00000000
            19040000             459 00000094 00008113 addi             x2, x1, 0            x2=00000000  x1:00000000
            19080000             460 00000098 00008193 addi             x3, x1, 0            x3=00000000  x1:00000000
            19120000             461 0000009c 00008213 addi             x4, x1, 0            x4=00000000  x1:00000000
            19160000             462 000000a0 00008293 addi             x5, x1, 0            x5=00000000  x1:00000000
            19200000             463 000000a4 00008313 addi             x6, x1, 0            x6=00000000  x1:00000000
            19240000             464 000000a8 00008393 addi             x7, x1, 0            x7=00000000  x1:00000000
            19280000             465 000000ac 00008413 addi             x8, x1, 0            x8=00000000  x1:00000000
            19320000             466 000000b0 00008493 addi             x9, x1, 0            x9=00000000  x1:00000000
            19360000             467 000000b4 00008513 addi             x10, x1, 0          x10=00000000  x1:00000000
            19400000             468 000000b8 00008593 addi             x11, x1, 0          x11=00000000  x1:00000000
            19440000             469 000000bc 00008613 addi             x12, x1, 0          x12=00000000  x1:00000000
            19480000             470 000000c0 00008693 addi             x13, x1, 0          x13=00000000  x1:00000000
            19520000             471 000000c4 00008713 addi             x14, x1, 0          x14=00000000  x1:00000000
            19560000             472 000000c8 00008793 addi             x15, x1, 0          x15=00000000  x1:00000000
            19600000             473 000000cc 00008813 addi             x16, x1, 0          x16=00000000  x1:00000000
            19640000             474 000000d0 00008893 addi             x17, x1, 0          x17=00000000  x1:00000000
            19680000             475 000000d4 00008913 addi             x18, x1, 0          x18=00000000  x1:00000000
            19720000             476 000000d8 00008993 addi             x19, x1, 0          x19=00000000  x1:00000000
            19760000             477 000000dc 00008a13 addi             x20, x1, 0          x20=00000000  x1:00000000
            19800000             478 000000e0 00008a93 addi             x21, x1, 0          x21=00000000  x1:00000000
            19840000             479 000000e4 00008b13 addi             x22, x1, 0          x22=00000000  x1:00000000
            19880000             480 000000e8 00008b93 addi             x23, x1, 0          x23=00000000  x1:00000000
            19920000             481 000000ec 00008c13 addi             x24, x1, 0          x24=00000000  x1:00000000
            19960000             482 000000f0 00008c93 addi             x25, x1, 0          x25=00000000  x1:00000000
            20000000             483 000000f4 00008d13 addi             x26, x1, 0          x26=00000000  x1:00000000
            20040000             484 000000f8 00008d93 addi             x27, x1, 0          x27=00000000  x1:00000000
            20080000             485 000000fc 00008e13 addi             x28, x1, 0          x28=00000000  x1:00000000
            20120000             486 00000100 00008e93 addi             x29, x1, 0          x29=00000000  x1:00000000
            20160000             487 00000104 00008f13 addi             x30, x1, 0          x30=00000000  x1:00000000
            20200000             488 00000108 00008f93 addi             x31, x1, 0          x31=00000000  x1:00000000
            20240000             489 0000010c 00108117 auipc            x2, 0x108000         x2=0010810c
            20280000             490 00000110 ef410113 addi             x2, x2, -268         x2=00108000  x2:0010810c
            20320000             491 00000114 00100d17 auipc            x26, 0x100000       x26=00100114
            20360000             492 00000118 174d0d13 addi             x26, x26, 372       x26=00100288 x26:00100114
            20400000             493 0000011c 00100d97 auipc            x27, 0x100000       x27=0010011c
            20440000             494 00000120 1e4d8d93 addi             x27, x27, 484       x27=00100300 x27:0010011c
            20480000             495 00000124 01bd5863 bge              x26, x27, 16        x26:00100288 x27:00100300
            20520000             496 00000128 000d2023 sw               x0, 0(x26)          x26:00100288  PA:00100288
            20560000             497 0000012c 004d0d13 addi             x26, x26, 4         x26=0010028c x26:00100288
            20600000             498 00000130 ffaddce3 bge              x27, x26, -8        x27:00100300 x26:0010028c
            20720000             501 00000128 000d2023 sw               x0, 0(x26)          x26:0010028c  PA:0010028c
            20760000             502 0000012c 004d0d13 addi             x26, x26, 4         x26=00100290 x26:0010028c
            20800000             503 00000130 ffaddce3 bge              x27, x26, -8        x27:00100300 x26:00100290
            20920000             506 00000128 000d2023 sw               x0, 0(x26)          x26:00100290  PA:00100290
            20960000             507 0000012c 004d0d13 addi             x26, x26, 4         x26=00100294 x26:00100290
            21000000             508 00000130 ffaddce3 bge              x27, x26, -8        x27:00100300 x26:00100294
            21120000             511 00000128 000d2023 sw               x0, 0(x26)          x26:00100294  PA:00100294
            21160000             512 0000012c 004d0d13 addi             x26, x26, 4         x26=00100298 x26:00100294
            21200000             513 00000130 ffaddce3 bge              x27, x26, -8        x27:00100300 x26:00100298
            21320000             516 00000128 000d2023 sw               x0, 0(x26)          x26:00100298  PA:00100298
            21360000             517 0000012c 004d0d13 addi             x26, x26, 4         x26=0010029c x26:00100298
            21400000             518 00000130 ffaddce3 bge              x27, x26, -8        x27:00100300 x26:0010029c
            21520000             521 00000128 000d2023 sw               x0, 0(x26)          x26:0010029c  PA:0010029c
            21560000             522 0000012c 004d0d13 addi             x26, x26, 4         x26=001002a0 x26:0010029c
            21600000             523 00000130 ffaddce3 bge              x27, x26, -8        x27:00100300 x26:001002a0
            21720000             526 00000128 000d2023 sw               x0, 0(x26)          x26:001002a0  PA:001002a0
            21760000             527 0000012c 004d0d13 addi             x26, x26, 4         x26=001002a4 x26:001002a0
            21800000             528 00000130 ffaddce3 bge              x27, x26, -8        x27:00100300 x26:001002a4
            21920000             531 00000128 000d2023 sw               x0, 0(x26)          x26:001002a4  PA:001002a4
            21960000             532 0000012c 004d0d13 addi             x26, x26, 4         x26=001002a8 x26:001002a4
            22000000             533 00000130 ffaddce3 bge              x27, x26, -8        x27:00100300 x26:001002a8
            22120000             536 00000128 000d2023 sw               x0, 0(x26)          x26:001002a8  PA:001002a8
            22160000             537 0000012c 004d0d13 addi             x26, x26, 4         x26=001002ac x26:001002a8
            22200000             538 00000130 ffaddce3 bge              x27, x26, -8        x27:00100300 x26:001002ac
            22320000             541 00000128 000d2023 sw               x0, 0(x26)          x26:001002ac  PA:001002ac
            22360000             542 0000012c 004d0d13 addi             x26, x26, 4         x26=001002b0 x26:001002ac
            22400000             543 00000130 ffaddce3 bge              x27, x26, -8        x27:00100300 x26:001002b0
            22520000             546 00000128 000d2023 sw               x0, 0(x26)          x26:001002b0  PA:001002b0
            22560000             547 0000012c 004d0d13 addi             x26, x26, 4         x26=001002b4 x26:001002b0
            22600000             548 00000130 ffaddce3 bge              x27, x26, -8        x27:00100300 x26:001002b4
            22720000             551 00000128 000d2023 sw               x0, 0(x26)          x26:001002b4  PA:001002b4
            22760000             552 0000012c 004d0d13 addi             x26, x26, 4         x26=001002b8 x26:001002b4
            22800000             553 00000130 ffaddce3 bge              x27, x26, -8        x27:00100300 x26:001002b8
            22920000             556 00000128 000d2023 sw               x0, 0(x26)          x26:001002b8  PA:001002b8
            22960000             557 0000012c 004d0d13 addi             x26, x26, 4         x26=001002bc x26:001002b8
            23000000             558 00000130 ffaddce3 bge              x27, x26, -8        x27:00100300 x26:001002bc
            23120000             561 00000128 000d2023 sw               x0, 0(x26)          x26:001002bc  PA:001002bc
            23160000             562 0000012c 004d0d13 addi             x26, x26, 4         x26=001002c0 x26:001002bc
            23200000             563 00000130 ffaddce3 bge              x27, x26, -8        x27:00100300 x26:001002c0
            23320000             566 00000128 000d2023 sw               x0, 0(x26)          x26:001002c0  PA:001002c0
            23360000             567 0000012c 004d0d13 addi             x26, x26, 4         x26=001002c4 x26:001002c0
            23400000             568 00000130 ffaddce3 bge              x27, x26, -8        x27:00100300 x26:001002c4
            23520000             571 00000128 000d2023 sw               x0, 0(x26)          x26:001002c4  PA:001002c4
            23560000             572 0000012c 004d0d13 addi             x26, x26, 4         x26=001002c8 x26:001002c4
            23600000             573 00000130 ffaddce3 bge              x27, x26, -8        x27:00100300 x26:001002c8
            23720000             576 00000128 000d2023 sw               x0, 0(x26)          x26:001002c8  PA:001002c8
            23760000             577 0000012c 004d0d13 addi             x26, x26, 4         x26=001002cc x26:001002c8
            23800000             578 00000130 ffaddce3 bge              x27, x26, -8        x27:00100300 x26:001002cc
            23920000             581 00000128 000d2023 sw               x0, 0(x26)          x26:001002cc  PA:001002cc
            23960000             582 0000012c 004d0d13 addi             x26, x26, 4         x26=001002d0 x26:001002cc
            24000000             583 00000130 ffaddce3 bge              x27, x26, -8        x27:00100300 x26:001002d0
            24120000             586 00000128 000d2023 sw               x0, 0(x26)          x26:001002d0  PA:001002d0
            24160000             587 0000012c 004d0d13 addi             x26, x26, 4         x26=001002d4 x26:001002d0
            24200000             588 00000130 ffaddce3 bge              x27, x26, -8        x27:00100300 x26:001002d4
            24320000             591 00000128 000d2023 sw               x0, 0(x26)          x26:001002d4  PA:001002d4
            24360000             592 0000012c 004d0d13 addi             x26, x26, 4         x26=001002d8 x26:001002d4
            24400000             593 00000130 ffaddce3 bge              x27, x26, -8        x27:00100300 x26:001002d8
            24520000             596 00000128 000d2023 sw               x0, 0(x26)          x26:001002d8  PA:001002d8
            24560000             597 0000012c 004d0d13 addi             x26, x26, 4         x26=001002dc x26:001002d8
            24600000             598 00000130 ffaddce3 bge              x27, x26, -8        x27:00100300 x26:001002dc
            24720000             601 00000128 000d2023 sw               x0, 0(x26)          x26:001002dc  PA:001002dc
            24760000             602 0000012c 004d0d13 addi             x26, x26, 4         x26=001002e0 x26:001002dc
            24800000             603 00000130 ffaddce3 bge              x27, x26, -8        x27:00100300 x26:001002e0
            24920000             606 00000128 000d2023 sw               x0, 0(x26)          x26:001002e0  PA:001002e0
            24960000             607 0000012c 004d0d13 addi             x26, x26, 4         x26=001002e4 x26:001002e0
            25000000             608 00000130 ffaddce3 bge              x27, x26, -8        x27:00100300 x26:001002e4
            25120000             611 00000128 000d2023 sw               x0, 0(x26)          x26:001002e4  PA:001002e4
            25160000             612 0000012c 004d0d13 addi             x26, x26, 4         x26=001002e8 x26:001002e4
            25200000             613 00000130 ffaddce3 bge              x27, x26, -8        x27:00100300 x26:001002e8
            25320000             616 00000128 000d2023 sw               x0, 0(x26)          x26:001002e8  PA:001002e8
            25360000             617 0000012c 004d0d13 addi             x26, x26, 4         x26=001002ec x26:001002e8
            25400000             618 00000130 ffaddce3 bge              x27, x26, -8        x27:00100300 x26:001002ec
            25520000             621 00000128 000d2023 sw               x0, 0(x26)          x26:001002ec  PA:001002ec
            25560000             622 0000012c 004d0d13 addi             x26, x26, 4         x26=001002f0 x26:001002ec
            25600000             623 00000130 ffaddce3 bge              x27, x26, -8        x27:00100300 x26:001002f0
            25720000             626 00000128 000d2023 sw               x0, 0(x26)          x26:001002f0  PA:001002f0
            25760000             627 0000012c 004d0d13 addi             x26, x26, 4         x26=001002f4 x26:001002f0
            25800000             628 00000130 ffaddce3 bge              x27, x26, -8        x27:00100300 x26:001002f4
            25920000             631 00000128 000d2023 sw               x0, 0(x26)          x26:001002f4  PA:001002f4
            25960000             632 0000012c 004d0d13 addi             x26, x26, 4         x26=001002f8 x26:001002f4
            26000000             633 00000130 ffaddce3 bge              x27, x26, -8        x27:00100300 x26:001002f8
            26120000             636 00000128 000d2023 sw               x0, 0(x26)          x26:001002f8  PA:001002f8
            26160000             637 0000012c 004d0d13 addi             x26, x26, 4         x26=001002fc x26:001002f8
            26200000             638 00000130 ffaddce3 bge              x27, x26, -8        x27:00100300 x26:001002fc
            26320000             641 00000128 000d2023 sw               x0, 0(x26)          x26:001002fc  PA:001002fc
            26360000             642 0000012c 004d0d13 addi             x26, x26, 4         x26=00100300 x26:001002fc
            26400000             643 00000130 ffaddce3 bge              x27, x26, -8        x27:00100300 x26:00100300
            26520000             646 00000128 000d2023 sw               x0, 0(x26)          x26:00100300  PA:00100300
            26560000             647 0000012c 004d0d13 addi             x26, x26, 4         x26=00100304 x26:00100300
            26600000             648 00000130 ffaddce3 bge              x27, x26, -8        x27:00100300 x26:00100304
            26640000             649 00000134 230000ef jal              x1, 560              x1=00000138
            26720000             651 00000364 ff010113 addi             x2, x2, -16          x2=00107ff0  x2:00108000
            26760000             652 00000368 00912223 sw               x9, 4(x2)            x9:00000000  x2:00107ff0  PA:00107ff4
            26800000             653 0000036c 001007b7 lui              x15, 0x100000       x15=00100000
            26840000             654 00000370 001004b7 lui              x9, 0x100000         x9=00100000
            26880000             655 00000374 01212023 sw               x18, 0(x2)          x18:00000000  x2:00107ff0  PA:00107ff0
            26920000             656 00000378 00078793 addi             x15, x15, 0         x15=00100000 x15:00100000
            26960000             657 0000037c 00048913 addi             x18, x9, 0          x18=00100000  x9:00100000
            27000000             658 00000380 0527b95b p.subN           x18, x15, x18, 0x2  x18=00000000 x15:00100000 x18:00100000
            27040000             659 00000384 00812423 sw               x8, 8(x2)            x8:00000000  x2:00107ff0  PA:00107ff8
            27080000             660 00000388 00112623 sw               x1, 12(x2)           x1:00000138  x2:00107ff0  PA:00107ffc
            27120000             661 0000038c 00048493 addi             x9, x9, 0            x9=00100000  x9:00100000
            27160000             662 00000390 00000413 addi             x8, x0, 0            x8=00000000
            27200000             663 00000394 00090a63 beq              x18, x0, 20         x18:00000000
            27320000             666 000003a8 001004b7 lui              x9, 0x100000         x9=00100000
            27360000             667 000003ac fb5ff0ef jal              x1, -76              x1=000003b0
            27440000             669 00000360 00008067 jalr             x0, x1, 0            x1:000003b0
            27520000             671 000003b0 001007b7 lui              x15, 0x100000       x15=00100000
            27560000             672 000003b4 00048913 addi             x18, x9, 0          x18=00100000  x9:00100000
            27600000             673 000003b8 00078793 addi             x15, x15, 0         x15=00100000 x15:00100000
            27640000             674 000003bc 0527b95b p.subN           x18, x15, x18, 0x2  x18=00000000 x15:00100000 x18:00100000
            27680000             675 000003c0 00048493 addi             x9, x9, 0            x9=00100000  x9:00100000
            27720000             676 000003c4 00000413 addi             x8, x0, 0            x8=00000000
            27760000             677 000003c8 00090a63 beq              x18, x0, 20         x18:00000000
            27880000             680 000003dc 00c12083 lw               x1, 12(x2)           x1=00000138  x2:00107ff0  PA:00107ffc
            27920000             681 000003e0 00812403 lw               x8, 8(x2)            x8=00000000  x2:00107ff0  PA:00107ff8
            27960000             682 000003e4 00412483 lw               x9, 4(x2)            x9=00000000  x2:00107ff0  PA:00107ff4
            28000000             683 000003e8 00012903 lw               x18, 0(x2)          x18=00000000  x2:00107ff0  PA:00107ff0
            28040000             684 000003ec 01010113 addi             x2, x2, 16           x2=00108000  x2:00107ff0
            28080000             685 000003f0 00008067 jalr             x0, x1, 0            x1:00000138
            28160000             687 00000138 00000513 addi             x10, x0, 0          x10=00000000
            28200000             688 0000013c 00100593 addi             x11, x0, 1          x11=00000001
            28240000             689 00000140 72c010ef jal              x1, 5932             x1=00000144
            28320000             691 0000186c fe010113 addi             x2, x2, -32          x2=00107fe0  x2:00108000
            28360000             692 00001870 00812e23 sw               x8, 28(x2)           x8:00000000  x2:00107fe0  PA:00107ffc
            28400000             693 00001874 02010413 addi             x8, x2, 32           x8=00108000  x2:00107fe0
            28440000             694 00001878 fea42623 sw               x10, -20(x8)        x10:00000000  x8:00108000  PA:00107fec
            28480000             695 0000187c 00058793 addi             x15, x11, 0         x15=00000001 x11:00000001
            28520000             696 00001880 fef41523 sh               x15, -22(x8)        x15:00000001  x8:00108000  PA:00107fea
            28560000             697 00001884 1a1077b7 lui              x15, 0x1a107000     x15=1a107000
            28600000             698 00001888 00478793 addi             x15, x15, 4         x15=1a107004 x15:1a107000
            28640000             699 0000188c 1a107737 lui              x14, 0x1a107000     x14=1a107000
            28680000             700 00001890 00470713 addi             x14, x14, 4         x14=1a107004 x14:1a107000
            28720000             701 00001894 00072703 lw               x14, 0(x14)         x14=ffffffff x14:1a107004  PA:1a107004
            28960000             707 00001898 c0174733 p.bset           x14, x14, 0, 1      x14=ffffffff x14:ffffffff
            29000000             708 0000189c 00e7a023 sw               x14, 0(x15)         x14:ffffffff x15:1a107004  PA:1a107004
            29040000             709 000018a0 1a1007b7 lui              x15, 0x1a100000     x15=1a100000
            29280000             715 000018a4 00c78793 addi             x15, x15, 12        x15=1a10000c x15:1a100000
            29320000             716 000018a8 08300713 addi             x14, x0, 131        x14=00000083
            29360000             717 000018ac 00e7a023 sw               x14, 0(x15)         x14:00000083 x15:1a10000c  PA:1a10000c
            29400000             718 000018b0 1a1007b7 lui              x15, 0x1a100000     x15=1a100000
            29640000             724 000018b4 00478793 addi             x15, x15, 4         x15=1a100004 x15:1a100000
            29680000             725 000018b8 fea45703 lhu              x14, -22(x8)        x14=00000001  x8:00108000  PA:00107fea
            29760000             727 000018bc 00875713 srli             x14, x14, 0x8       x14=00000000 x14:00000001
            29800000             728 000018c0 10075733 p.exthz          x14, x14, x0        x14=00000000 x14:00000000
            29840000             729 000018c4 ee873733 p.bclr           x14, x14, 23, 8     x14=00000000 x14:00000000
            29880000             730 000018c8 00e7a023 sw               x14, 0(x15)         x14:00000000 x15:1a100004  PA:1a100004
            29920000             731 000018cc 1a1007b7 lui              x15, 0x1a100000     x15=1a100000
            30160000             737 000018d0 fea45703 lhu              x14, -22(x8)        x14=00000001  x8:00108000  PA:00107fea
            30240000             739 000018d4 ee873733 p.bclr           x14, x14, 23, 8     x14=00000001 x14:00000001
            30280000             740 000018d8 00e7a023 sw               x14, 0(x15)         x14:00000001 x15:1a100000  PA:1a100000
            30320000             741 000018dc 1a1007b7 lui              x15, 0x1a100000     x15=1a100000
            30560000             747 000018e0 00878793 addi             x15, x15, 8         x15=1a100008 x15:1a100000
            30600000             748 000018e4 0a700713 addi             x14, x0, 167        x14=000000a7
            30640000             749 000018e8 00e7a023 sw               x14, 0(x15)         x14:000000a7 x15:1a100008  PA:1a100008
            30680000             750 000018ec 1a1007b7 lui              x15, 0x1a100000     x15=1a100000
            30920000             756 000018f0 00c78793 addi             x15, x15, 12        x15=1a10000c x15:1a100000
            30960000             757 000018f4 00300713 addi             x14, x0, 3          x14=00000003
            31000000             758 000018f8 00e7a023 sw               x14, 0(x15)         x14:00000003 x15:1a10000c  PA:1a10000c
            31040000             759 000018fc 1a1007b7 lui              x15, 0x1a100000     x15=1a100000
            31280000             765 00001900 00478793 addi             x15, x15, 4         x15=1a100004 x15:1a100000
            31320000             766 00001904 1a100737 lui              x14, 0x1a100000     x14=1a100000
            31360000             767 00001908 00470713 addi             x14, x14, 4         x14=1a100004 x14:1a100000
            31400000             768 0000190c 00072703 lw               x14, 0(x14)         x14=00000000 x14:1a100004  PA:1a100004
            31640000             774 00001910 0f077713 andi             x14, x14, 240       x14=00000000 x14:00000000
            31680000             775 00001914 c0174733 p.bset           x14, x14, 0, 1      x14=00000002 x14:00000000
            31720000             776 00001918 00e7a023 sw               x14, 0(x15)         x14:00000002 x15:1a100004  PA:1a100004
            31760000             777 0000191c 00000013 nop                                 
            32000000             783 00001920 01c12403 lw               x8, 28(x2)           x8=00000000  x2:00107fe0  PA:00107ffc
            32040000             784 00001924 02010113 addi             x2, x2, 32           x2=00108000  x2:00107fe0
            32080000             785 00001928 00008067 jalr             x0, x1, 0            x1:00000144
            32160000             787 00000144 00000513 addi             x10, x0, 0          x10=00000000
            32200000             788 00000148 00000593 addi             x11, x0, 0          x11=00000000
            32240000             789 0000014c 3d0000ef jal              x1, 976              x1=00000150
            32320000             791 0000051c fd010113 addi             x2, x2, -48          x2=00107fd0  x2:00108000
            32360000             792 00000520 02112623 sw               x1, 44(x2)           x1:00000150  x2:00107fd0  PA:00107ffc
            32400000             793 00000524 02812423 sw               x8, 40(x2)           x8:00000000  x2:00107fd0  PA:00107ff8
            32440000             794 00000528 03010413 addi             x8, x2, 48           x8=00108000  x2:00107fd0
            32480000             795 0000052c 407007b7 lui              x15, 0x40700000     x15=40700000
            32520000             796 00000530 fcf42e23 sw               x15, -36(x8)        x15:40700000  x8:00108000  PA:00107fdc
            32560000             797 00000534 fdc40793 addi             x15, x8, -36        x15=00107fdc  x8:00108000
            32600000             798 00000538 fef42623 sw               x15, -20(x8)        x15:00107fdc  x8:00108000  PA:00107fec
            32640000             799 0000053c 409007b7 lui              x15, 0x40900000     x15=40900000
            32680000             800 00000540 fcf42c23 sw               x15, -40(x8)        x15:40900000  x8:00108000  PA:00107fd8
            32720000             801 00000544 fd840793 addi             x15, x8, -40        x15=00107fd8  x8:00108000
            32760000             802 00000548 fef42423 sw               x15, -24(x8)        x15:00107fd8  x8:00108000  PA:00107fe8
            32800000             803 0000054c fc042a23 sw               x0, -44(x8)          x8:00108000  PA:00107fd4
            32840000             804 00000550 fd440793 addi             x15, x8, -44        x15=00107fd4  x8:00108000
            32880000             805 00000554 fef42223 sw               x15, -28(x8)        x15:00107fd4  x8:00108000  PA:00107fe4
            32920000             806 00000558 ff040793 addi             x15, x8, -16        x15=00107ff0  x8:00108000
            32960000             807 0000055c ff47a603 lw               x12, -12(x15)       x12=00107fd4 x15:00107ff0  PA:00107fe4
            33000000             808 00000560 ff040793 addi             x15, x8, -16        x15=00107ff0  x8:00108000
            33040000             809 00000564 ff87a583 lw               x11, -8(x15)        x11=00107fd8 x15:00107ff0  PA:00107fe8
            33080000             810 00000568 ff040793 addi             x15, x8, -16        x15=00107ff0  x8:00108000
            33120000             811 0000056c ffc7a503 lw               x10, -4(x15)        x10=00107fdc x15:00107ff0  PA:00107fec
            33160000             812 00000570 e95ff0ef jal              x1, -364             x1=00000574
            33240000             814 00000404 fd010113 addi             x2, x2, -48          x2=00107fa0  x2:00107fd0
            33280000             815 00000408 02812623 sw               x8, 44(x2)           x8:00108000  x2:00107fa0  PA:00107fcc
            33320000             816 0000040c 03010413 addi             x8, x2, 48           x8=00107fd0  x2:00107fa0
            33360000             817 00000410 fca42e23 sw               x10, -36(x8)        x10:00107fdc  x8:00107fd0  PA:00107fac
            33400000             818 00000414 fcb42c23 sw               x11, -40(x8)        x11:00107fd8  x8:00107fd0  PA:00107fa8
            33440000             819 00000418 fcc42a23 sw               x12, -44(x8)        x12:00107fd4  x8:00107fd0  PA:00107fa4
            33480000             820 0000041c 1a1087b7 lui              x15, 0x1a108000     x15=1a108000
            33520000             821 00000420 ff040693 addi             x13, x8, -16        x13=00107fc0  x8:00107fd0
            33560000             822 00000424 fec6a703 lw               x14, -20(x13)       x14=00107fdc x13:00107fc0  PA:00107fac
            33640000             824 00000428 00072703 lw               x14, 0(x14)         x14=40700000 x14:00107fdc  PA:00107fdc
            33720000             826 0000042c 00e7a023 sw               x14, 0(x15)         x14:40700000 x15:1a108000  PA:1a108000
            33760000             827 00000430 00100793 addi             x15, x0, 1          x15=00000001
            34000000             833 00000434 fef42623 sw               x15, -20(x8)        x15:00000001  x8:00107fd0  PA:00107fbc
            34040000             834 00000438 0140006f jal              x0, 20             
            34120000             836 0000044c ff040793 addi             x15, x8, -16        x15=00107fc0  x8:00107fd0
            34160000             837 00000450 ffc7a703 lw               x14, -4(x15)        x14=00000001 x15:00107fc0  PA:00107fbc
            34200000             838 00000454 01e00793 addi             x15, x0, 30         x15=0000001e
            34240000             839 00000458 fee7d2e3 bge              x15, x14, -28       x15:0000001e x14:00000001
            34360000             842 0000043c ff040713 addi             x14, x8, -16        x14=00107fc0  x8:00107fd0
            34400000             843 00000440 ffc72783 lw               x15, -4(x14)        x15=00000001 x14:00107fc0  PA:00107fbc
            34480000             845 00000444 00178793 addi             x15, x15, 1         x15=00000002 x15:00000001
            34520000             846 00000448 fef42623 sw               x15, -20(x8)        x15:00000002  x8:00107fd0  PA:00107fbc
            34560000             847 0000044c ff040793 addi             x15, x8, -16        x15=00107fc0  x8:00107fd0
            34600000             848 00000450 ffc7a703 lw               x14, -4(x15)        x14=00000002 x15:00107fc0  PA:00107fbc
            34640000             849 00000454 01e00793 addi             x15, x0, 30         x15=0000001e
            34680000             850 00000458 fee7d2e3 bge              x15, x14, -28       x15:0000001e x14:00000002
            34800000             853 0000043c ff040713 addi             x14, x8, -16        x14=00107fc0  x8:00107fd0
            34840000             854 00000440 ffc72783 lw               x15, -4(x14)        x15=00000002 x14:00107fc0  PA:00107fbc
            34920000             856 00000444 00178793 addi             x15, x15, 1         x15=00000003 x15:00000002
            34960000             857 00000448 fef42623 sw               x15, -20(x8)        x15:00000003  x8:00107fd0  PA:00107fbc
            35000000             858 0000044c ff040793 addi             x15, x8, -16        x15=00107fc0  x8:00107fd0
            35040000             859 00000450 ffc7a703 lw               x14, -4(x15)        x14=00000003 x15:00107fc0  PA:00107fbc
            35080000             860 00000454 01e00793 addi             x15, x0, 30         x15=0000001e
            35120000             861 00000458 fee7d2e3 bge              x15, x14, -28       x15:0000001e x14:00000003
            35240000             864 0000043c ff040713 addi             x14, x8, -16        x14=00107fc0  x8:00107fd0
            35280000             865 00000440 ffc72783 lw               x15, -4(x14)        x15=00000003 x14:00107fc0  PA:00107fbc
            35360000             867 00000444 00178793 addi             x15, x15, 1         x15=00000004 x15:00000003
            35400000             868 00000448 fef42623 sw               x15, -20(x8)        x15:00000004  x8:00107fd0  PA:00107fbc
            35440000             869 0000044c ff040793 addi             x15, x8, -16        x15=00107fc0  x8:00107fd0
            35480000             870 00000450 ffc7a703 lw               x14, -4(x15)        x14=00000004 x15:00107fc0  PA:00107fbc
            35520000             871 00000454 01e00793 addi             x15, x0, 30         x15=0000001e
            35560000             872 00000458 fee7d2e3 bge              x15, x14, -28       x15:0000001e x14:00000004
            35680000             875 0000043c ff040713 addi             x14, x8, -16        x14=00107fc0  x8:00107fd0
            35720000             876 00000440 ffc72783 lw               x15, -4(x14)        x15=00000004 x14:00107fc0  PA:00107fbc
            35800000             878 00000444 00178793 addi             x15, x15, 1         x15=00000005 x15:00000004
            35840000             879 00000448 fef42623 sw               x15, -20(x8)        x15:00000005  x8:00107fd0  PA:00107fbc
            35880000             880 0000044c ff040793 addi             x15, x8, -16        x15=00107fc0  x8:00107fd0
            35920000             881 00000450 ffc7a703 lw               x14, -4(x15)        x14=00000005 x15:00107fc0  PA:00107fbc
            35960000             882 00000454 01e00793 addi             x15, x0, 30         x15=0000001e
            36000000             883 00000458 fee7d2e3 bge              x15, x14, -28       x15:0000001e x14:00000005
            36120000             886 0000043c ff040713 addi             x14, x8, -16        x14=00107fc0  x8:00107fd0
            36160000             887 00000440 ffc72783 lw               x15, -4(x14)        x15=00000005 x14:00107fc0  PA:00107fbc
            36240000             889 00000444 00178793 addi             x15, x15, 1         x15=00000006 x15:00000005
            36280000             890 00000448 fef42623 sw               x15, -20(x8)        x15:00000006  x8:00107fd0  PA:00107fbc
            36320000             891 0000044c ff040793 addi             x15, x8, -16        x15=00107fc0  x8:00107fd0
            36360000             892 00000450 ffc7a703 lw               x14, -4(x15)        x14=00000006 x15:00107fc0  PA:00107fbc
            36400000             893 00000454 01e00793 addi             x15, x0, 30         x15=0000001e
            36440000             894 00000458 fee7d2e3 bge              x15, x14, -28       x15:0000001e x14:00000006
            36560000             897 0000043c ff040713 addi             x14, x8, -16        x14=00107fc0  x8:00107fd0
            36600000             898 00000440 ffc72783 lw               x15, -4(x14)        x15=00000006 x14:00107fc0  PA:00107fbc
            36680000             900 00000444 00178793 addi             x15, x15, 1         x15=00000007 x15:00000006
            36720000             901 00000448 fef42623 sw               x15, -20(x8)        x15:00000007  x8:00107fd0  PA:00107fbc
            36760000             902 0000044c ff040793 addi             x15, x8, -16        x15=00107fc0  x8:00107fd0
            36800000             903 00000450 ffc7a703 lw               x14, -4(x15)        x14=00000007 x15:00107fc0  PA:00107fbc
            36840000             904 00000454 01e00793 addi             x15, x0, 30         x15=0000001e
            36880000             905 00000458 fee7d2e3 bge              x15, x14, -28       x15:0000001e x14:00000007
            37000000             908 0000043c ff040713 addi             x14, x8, -16        x14=00107fc0  x8:00107fd0
            37040000             909 00000440 ffc72783 lw               x15, -4(x14)        x15=00000007 x14:00107fc0  PA:00107fbc
            37120000             911 00000444 00178793 addi             x15, x15, 1         x15=00000008 x15:00000007
            37160000             912 00000448 fef42623 sw               x15, -20(x8)        x15:00000008  x8:00107fd0  PA:00107fbc
            37200000             913 0000044c ff040793 addi             x15, x8, -16        x15=00107fc0  x8:00107fd0
            37240000             914 00000450 ffc7a703 lw               x14, -4(x15)        x14=00000008 x15:00107fc0  PA:00107fbc
            37280000             915 00000454 01e00793 addi             x15, x0, 30         x15=0000001e
            37320000             916 00000458 fee7d2e3 bge              x15, x14, -28       x15:0000001e x14:00000008
            37440000             919 0000043c ff040713 addi             x14, x8, -16        x14=00107fc0  x8:00107fd0
            37480000             920 00000440 ffc72783 lw               x15, -4(x14)        x15=00000008 x14:00107fc0  PA:00107fbc
            37560000             922 00000444 00178793 addi             x15, x15, 1         x15=00000009 x15:00000008
            37600000             923 00000448 fef42623 sw               x15, -20(x8)        x15:00000009  x8:00107fd0  PA:00107fbc
            37640000             924 0000044c ff040793 addi             x15, x8, -16        x15=00107fc0  x8:00107fd0
            37680000             925 00000450 ffc7a703 lw               x14, -4(x15)        x14=00000009 x15:00107fc0  PA:00107fbc
            37720000             926 00000454 01e00793 addi             x15, x0, 30         x15=0000001e
            37760000             927 00000458 fee7d2e3 bge              x15, x14, -28       x15:0000001e x14:00000009
            37880000             930 0000043c ff040713 addi             x14, x8, -16        x14=00107fc0  x8:00107fd0
            37920000             931 00000440 ffc72783 lw               x15, -4(x14)        x15=00000009 x14:00107fc0  PA:00107fbc
            38000000             933 00000444 00178793 addi             x15, x15, 1         x15=0000000a x15:00000009
            38040000             934 00000448 fef42623 sw               x15, -20(x8)        x15:0000000a  x8:00107fd0  PA:00107fbc
            38080000             935 0000044c ff040793 addi             x15, x8, -16        x15=00107fc0  x8:00107fd0
            38120000             936 00000450 ffc7a703 lw               x14, -4(x15)        x14=0000000a x15:00107fc0  PA:00107fbc
            38160000             937 00000454 01e00793 addi             x15, x0, 30         x15=0000001e
            38200000             938 00000458 fee7d2e3 bge              x15, x14, -28       x15:0000001e x14:0000000a
            38320000             941 0000043c ff040713 addi             x14, x8, -16        x14=00107fc0  x8:00107fd0
            38360000             942 00000440 ffc72783 lw               x15, -4(x14)        x15=0000000a x14:00107fc0  PA:00107fbc
            38440000             944 00000444 00178793 addi             x15, x15, 1         x15=0000000b x15:0000000a
            38480000             945 00000448 fef42623 sw               x15, -20(x8)        x15:0000000b  x8:00107fd0  PA:00107fbc
            38520000             946 0000044c ff040793 addi             x15, x8, -16        x15=00107fc0  x8:00107fd0
            38560000             947 00000450 ffc7a703 lw               x14, -4(x15)        x14=0000000b x15:00107fc0  PA:00107fbc
            38600000             948 00000454 01e00793 addi             x15, x0, 30         x15=0000001e
            38640000             949 00000458 fee7d2e3 bge              x15, x14, -28       x15:0000001e x14:0000000b
            38760000             952 0000043c ff040713 addi             x14, x8, -16        x14=00107fc0  x8:00107fd0
            38800000             953 00000440 ffc72783 lw               x15, -4(x14)        x15=0000000b x14:00107fc0  PA:00107fbc
            38880000             955 00000444 00178793 addi             x15, x15, 1         x15=0000000c x15:0000000b
            38920000             956 00000448 fef42623 sw               x15, -20(x8)        x15:0000000c  x8:00107fd0  PA:00107fbc
            38960000             957 0000044c ff040793 addi             x15, x8, -16        x15=00107fc0  x8:00107fd0
            39000000             958 00000450 ffc7a703 lw               x14, -4(x15)        x14=0000000c x15:00107fc0  PA:00107fbc
            39040000             959 00000454 01e00793 addi             x15, x0, 30         x15=0000001e
            39080000             960 00000458 fee7d2e3 bge              x15, x14, -28       x15:0000001e x14:0000000c
            39200000             963 0000043c ff040713 addi             x14, x8, -16        x14=00107fc0  x8:00107fd0
            39240000             964 00000440 ffc72783 lw               x15, -4(x14)        x15=0000000c x14:00107fc0  PA:00107fbc
            39320000             966 00000444 00178793 addi             x15, x15, 1         x15=0000000d x15:0000000c
            39360000             967 00000448 fef42623 sw               x15, -20(x8)        x15:0000000d  x8:00107fd0  PA:00107fbc
            39400000             968 0000044c ff040793 addi             x15, x8, -16        x15=00107fc0  x8:00107fd0
            39440000             969 00000450 ffc7a703 lw               x14, -4(x15)        x14=0000000d x15:00107fc0  PA:00107fbc
            39480000             970 00000454 01e00793 addi             x15, x0, 30         x15=0000001e
            39520000             971 00000458 fee7d2e3 bge              x15, x14, -28       x15:0000001e x14:0000000d
            39640000             974 0000043c ff040713 addi             x14, x8, -16        x14=00107fc0  x8:00107fd0
            39680000             975 00000440 ffc72783 lw               x15, -4(x14)        x15=0000000d x14:00107fc0  PA:00107fbc
            39760000             977 00000444 00178793 addi             x15, x15, 1         x15=0000000e x15:0000000d
            39800000             978 00000448 fef42623 sw               x15, -20(x8)        x15:0000000e  x8:00107fd0  PA:00107fbc
            39840000             979 0000044c ff040793 addi             x15, x8, -16        x15=00107fc0  x8:00107fd0
            39880000             980 00000450 ffc7a703 lw               x14, -4(x15)        x14=0000000e x15:00107fc0  PA:00107fbc
            39920000             981 00000454 01e00793 addi             x15, x0, 30         x15=0000001e
            39960000             982 00000458 fee7d2e3 bge              x15, x14, -28       x15:0000001e x14:0000000e
            40080000             985 0000043c ff040713 addi             x14, x8, -16        x14=00107fc0  x8:00107fd0
            40120000             986 00000440 ffc72783 lw               x15, -4(x14)        x15=0000000e x14:00107fc0  PA:00107fbc
            40200000             988 00000444 00178793 addi             x15, x15, 1         x15=0000000f x15:0000000e
            40240000             989 00000448 fef42623 sw               x15, -20(x8)        x15:0000000f  x8:00107fd0  PA:00107fbc
            40280000             990 0000044c ff040793 addi             x15, x8, -16        x15=00107fc0  x8:00107fd0
            40320000             991 00000450 ffc7a703 lw               x14, -4(x15)        x14=0000000f x15:00107fc0  PA:00107fbc
            40360000             992 00000454 01e00793 addi             x15, x0, 30         x15=0000001e
            40400000             993 00000458 fee7d2e3 bge              x15, x14, -28       x15:0000001e x14:0000000f
            40520000             996 0000043c ff040713 addi             x14, x8, -16        x14=00107fc0  x8:00107fd0
            40560000             997 00000440 ffc72783 lw               x15, -4(x14)        x15=0000000f x14:00107fc0  PA:00107fbc
            40640000             999 00000444 00178793 addi             x15, x15, 1         x15=00000010 x15:0000000f
            40680000            1000 00000448 fef42623 sw               x15, -20(x8)        x15:00000010  x8:00107fd0  PA:00107fbc
            40720000            1001 0000044c ff040793 addi             x15, x8, -16        x15=00107fc0  x8:00107fd0
            40760000            1002 00000450 ffc7a703 lw               x14, -4(x15)        x14=00000010 x15:00107fc0  PA:00107fbc
            40800000            1003 00000454 01e00793 addi             x15, x0, 30         x15=0000001e
            40840000            1004 00000458 fee7d2e3 bge              x15, x14, -28       x15:0000001e x14:00000010
            40960000            1007 0000043c ff040713 addi             x14, x8, -16        x14=00107fc0  x8:00107fd0
            41000000            1008 00000440 ffc72783 lw               x15, -4(x14)        x15=00000010 x14:00107fc0  PA:00107fbc
            41080000            1010 00000444 00178793 addi             x15, x15, 1         x15=00000011 x15:00000010
            41120000            1011 00000448 fef42623 sw               x15, -20(x8)        x15:00000011  x8:00107fd0  PA:00107fbc
            41160000            1012 0000044c ff040793 addi             x15, x8, -16        x15=00107fc0  x8:00107fd0
            41200000            1013 00000450 ffc7a703 lw               x14, -4(x15)        x14=00000011 x15:00107fc0  PA:00107fbc
            41240000            1014 00000454 01e00793 addi             x15, x0, 30         x15=0000001e
            41280000            1015 00000458 fee7d2e3 bge              x15, x14, -28       x15:0000001e x14:00000011
            41400000            1018 0000043c ff040713 addi             x14, x8, -16        x14=00107fc0  x8:00107fd0
            41440000            1019 00000440 ffc72783 lw               x15, -4(x14)        x15=00000011 x14:00107fc0  PA:00107fbc
            41520000            1021 00000444 00178793 addi             x15, x15, 1         x15=00000012 x15:00000011
            41560000            1022 00000448 fef42623 sw               x15, -20(x8)        x15:00000012  x8:00107fd0  PA:00107fbc
            41600000            1023 0000044c ff040793 addi             x15, x8, -16        x15=00107fc0  x8:00107fd0
            41640000            1024 00000450 ffc7a703 lw               x14, -4(x15)        x14=00000012 x15:00107fc0  PA:00107fbc
            41680000            1025 00000454 01e00793 addi             x15, x0, 30         x15=0000001e
            41720000            1026 00000458 fee7d2e3 bge              x15, x14, -28       x15:0000001e x14:00000012
            41840000            1029 0000043c ff040713 addi             x14, x8, -16        x14=00107fc0  x8:00107fd0
            41880000            1030 00000440 ffc72783 lw               x15, -4(x14)        x15=00000012 x14:00107fc0  PA:00107fbc
            41960000            1032 00000444 00178793 addi             x15, x15, 1         x15=00000013 x15:00000012
            42000000            1033 00000448 fef42623 sw               x15, -20(x8)        x15:00000013  x8:00107fd0  PA:00107fbc
            42040000            1034 0000044c ff040793 addi             x15, x8, -16        x15=00107fc0  x8:00107fd0
            42080000            1035 00000450 ffc7a703 lw               x14, -4(x15)        x14=00000013 x15:00107fc0  PA:00107fbc
            42120000            1036 00000454 01e00793 addi             x15, x0, 30         x15=0000001e
            42160000            1037 00000458 fee7d2e3 bge              x15, x14, -28       x15:0000001e x14:00000013
            42280000            1040 0000043c ff040713 addi             x14, x8, -16        x14=00107fc0  x8:00107fd0
            42320000            1041 00000440 ffc72783 lw               x15, -4(x14)        x15=00000013 x14:00107fc0  PA:00107fbc
            42400000            1043 00000444 00178793 addi             x15, x15, 1         x15=00000014 x15:00000013
            42440000            1044 00000448 fef42623 sw               x15, -20(x8)        x15:00000014  x8:00107fd0  PA:00107fbc
            42480000            1045 0000044c ff040793 addi             x15, x8, -16        x15=00107fc0  x8:00107fd0
            42520000            1046 00000450 ffc7a703 lw               x14, -4(x15)        x14=00000014 x15:00107fc0  PA:00107fbc
            42560000            1047 00000454 01e00793 addi             x15, x0, 30         x15=0000001e
            42600000            1048 00000458 fee7d2e3 bge              x15, x14, -28       x15:0000001e x14:00000014
            42720000            1051 0000043c ff040713 addi             x14, x8, -16        x14=00107fc0  x8:00107fd0
            42760000            1052 00000440 ffc72783 lw               x15, -4(x14)        x15=00000014 x14:00107fc0  PA:00107fbc
            42840000            1054 00000444 00178793 addi             x15, x15, 1         x15=00000015 x15:00000014
            42880000            1055 00000448 fef42623 sw               x15, -20(x8)        x15:00000015  x8:00107fd0  PA:00107fbc
            42920000            1056 0000044c ff040793 addi             x15, x8, -16        x15=00107fc0  x8:00107fd0
            42960000            1057 00000450 ffc7a703 lw               x14, -4(x15)        x14=00000015 x15:00107fc0  PA:00107fbc
            43000000            1058 00000454 01e00793 addi             x15, x0, 30         x15=0000001e
            43040000            1059 00000458 fee7d2e3 bge              x15, x14, -28       x15:0000001e x14:00000015
            43160000            1062 0000043c ff040713 addi             x14, x8, -16        x14=00107fc0  x8:00107fd0
            43200000            1063 00000440 ffc72783 lw               x15, -4(x14)        x15=00000015 x14:00107fc0  PA:00107fbc
            43280000            1065 00000444 00178793 addi             x15, x15, 1         x15=00000016 x15:00000015
            43320000            1066 00000448 fef42623 sw               x15, -20(x8)        x15:00000016  x8:00107fd0  PA:00107fbc
            43360000            1067 0000044c ff040793 addi             x15, x8, -16        x15=00107fc0  x8:00107fd0
            43400000            1068 00000450 ffc7a703 lw               x14, -4(x15)        x14=00000016 x15:00107fc0  PA:00107fbc
            43440000            1069 00000454 01e00793 addi             x15, x0, 30         x15=0000001e
            43480000            1070 00000458 fee7d2e3 bge              x15, x14, -28       x15:0000001e x14:00000016
            43600000            1073 0000043c ff040713 addi             x14, x8, -16        x14=00107fc0  x8:00107fd0
            43640000            1074 00000440 ffc72783 lw               x15, -4(x14)        x15=00000016 x14:00107fc0  PA:00107fbc
            43720000            1076 00000444 00178793 addi             x15, x15, 1         x15=00000017 x15:00000016
            43760000            1077 00000448 fef42623 sw               x15, -20(x8)        x15:00000017  x8:00107fd0  PA:00107fbc
            43800000            1078 0000044c ff040793 addi             x15, x8, -16        x15=00107fc0  x8:00107fd0
            43840000            1079 00000450 ffc7a703 lw               x14, -4(x15)        x14=00000017 x15:00107fc0  PA:00107fbc
            43880000            1080 00000454 01e00793 addi             x15, x0, 30         x15=0000001e
            43920000            1081 00000458 fee7d2e3 bge              x15, x14, -28       x15:0000001e x14:00000017
            44040000            1084 0000043c ff040713 addi             x14, x8, -16        x14=00107fc0  x8:00107fd0
            44080000            1085 00000440 ffc72783 lw               x15, -4(x14)        x15=00000017 x14:00107fc0  PA:00107fbc
            44160000            1087 00000444 00178793 addi             x15, x15, 1         x15=00000018 x15:00000017
            44200000            1088 00000448 fef42623 sw               x15, -20(x8)        x15:00000018  x8:00107fd0  PA:00107fbc
            44240000            1089 0000044c ff040793 addi             x15, x8, -16        x15=00107fc0  x8:00107fd0
            44280000            1090 00000450 ffc7a703 lw               x14, -4(x15)        x14=00000018 x15:00107fc0  PA:00107fbc
            44320000            1091 00000454 01e00793 addi             x15, x0, 30         x15=0000001e
            44360000            1092 00000458 fee7d2e3 bge              x15, x14, -28       x15:0000001e x14:00000018
            44480000            1095 0000043c ff040713 addi             x14, x8, -16        x14=00107fc0  x8:00107fd0
            44520000            1096 00000440 ffc72783 lw               x15, -4(x14)        x15=00000018 x14:00107fc0  PA:00107fbc
            44600000            1098 00000444 00178793 addi             x15, x15, 1         x15=00000019 x15:00000018
            44640000            1099 00000448 fef42623 sw               x15, -20(x8)        x15:00000019  x8:00107fd0  PA:00107fbc
            44680000            1100 0000044c ff040793 addi             x15, x8, -16        x15=00107fc0  x8:00107fd0
            44720000            1101 00000450 ffc7a703 lw               x14, -4(x15)        x14=00000019 x15:00107fc0  PA:00107fbc
            44760000            1102 00000454 01e00793 addi             x15, x0, 30         x15=0000001e
            44800000            1103 00000458 fee7d2e3 bge              x15, x14, -28       x15:0000001e x14:00000019
            44920000            1106 0000043c ff040713 addi             x14, x8, -16        x14=00107fc0  x8:00107fd0
            44960000            1107 00000440 ffc72783 lw               x15, -4(x14)        x15=00000019 x14:00107fc0  PA:00107fbc
            45040000            1109 00000444 00178793 addi             x15, x15, 1         x15=0000001a x15:00000019
            45080000            1110 00000448 fef42623 sw               x15, -20(x8)        x15:0000001a  x8:00107fd0  PA:00107fbc
            45120000            1111 0000044c ff040793 addi             x15, x8, -16        x15=00107fc0  x8:00107fd0
            45160000            1112 00000450 ffc7a703 lw               x14, -4(x15)        x14=0000001a x15:00107fc0  PA:00107fbc
            45200000            1113 00000454 01e00793 addi             x15, x0, 30         x15=0000001e
            45240000            1114 00000458 fee7d2e3 bge              x15, x14, -28       x15:0000001e x14:0000001a
            45360000            1117 0000043c ff040713 addi             x14, x8, -16        x14=00107fc0  x8:00107fd0
            45400000            1118 00000440 ffc72783 lw               x15, -4(x14)        x15=0000001a x14:00107fc0  PA:00107fbc
            45480000            1120 00000444 00178793 addi             x15, x15, 1         x15=0000001b x15:0000001a
            45520000            1121 00000448 fef42623 sw               x15, -20(x8)        x15:0000001b  x8:00107fd0  PA:00107fbc
            45560000            1122 0000044c ff040793 addi             x15, x8, -16        x15=00107fc0  x8:00107fd0
            45600000            1123 00000450 ffc7a703 lw               x14, -4(x15)        x14=0000001b x15:00107fc0  PA:00107fbc
            45640000            1124 00000454 01e00793 addi             x15, x0, 30         x15=0000001e
            45680000            1125 00000458 fee7d2e3 bge              x15, x14, -28       x15:0000001e x14:0000001b
            45800000            1128 0000043c ff040713 addi             x14, x8, -16        x14=00107fc0  x8:00107fd0
            45840000            1129 00000440 ffc72783 lw               x15, -4(x14)        x15=0000001b x14:00107fc0  PA:00107fbc
            45920000            1131 00000444 00178793 addi             x15, x15, 1         x15=0000001c x15:0000001b
            45960000            1132 00000448 fef42623 sw               x15, -20(x8)        x15:0000001c  x8:00107fd0  PA:00107fbc
            46000000            1133 0000044c ff040793 addi             x15, x8, -16        x15=00107fc0  x8:00107fd0
            46040000            1134 00000450 ffc7a703 lw               x14, -4(x15)        x14=0000001c x15:00107fc0  PA:00107fbc
            46080000            1135 00000454 01e00793 addi             x15, x0, 30         x15=0000001e
            46120000            1136 00000458 fee7d2e3 bge              x15, x14, -28       x15:0000001e x14:0000001c
            46240000            1139 0000043c ff040713 addi             x14, x8, -16        x14=00107fc0  x8:00107fd0
            46280000            1140 00000440 ffc72783 lw               x15, -4(x14)        x15=0000001c x14:00107fc0  PA:00107fbc
            46360000            1142 00000444 00178793 addi             x15, x15, 1         x15=0000001d x15:0000001c
            46400000            1143 00000448 fef42623 sw               x15, -20(x8)        x15:0000001d  x8:00107fd0  PA:00107fbc
            46440000            1144 0000044c ff040793 addi             x15, x8, -16        x15=00107fc0  x8:00107fd0
            46480000            1145 00000450 ffc7a703 lw               x14, -4(x15)        x14=0000001d x15:00107fc0  PA:00107fbc
            46520000            1146 00000454 01e00793 addi             x15, x0, 30         x15=0000001e
            46560000            1147 00000458 fee7d2e3 bge              x15, x14, -28       x15:0000001e x14:0000001d
            46680000            1150 0000043c ff040713 addi             x14, x8, -16        x14=00107fc0  x8:00107fd0
            46720000            1151 00000440 ffc72783 lw               x15, -4(x14)        x15=0000001d x14:00107fc0  PA:00107fbc
            46800000            1153 00000444 00178793 addi             x15, x15, 1         x15=0000001e x15:0000001d
            46840000            1154 00000448 fef42623 sw               x15, -20(x8)        x15:0000001e  x8:00107fd0  PA:00107fbc
            46880000            1155 0000044c ff040793 addi             x15, x8, -16        x15=00107fc0  x8:00107fd0
            46920000            1156 00000450 ffc7a703 lw               x14, -4(x15)        x14=0000001e x15:00107fc0  PA:00107fbc
            46960000            1157 00000454 01e00793 addi             x15, x0, 30         x15=0000001e
            47000000            1158 00000458 fee7d2e3 bge              x15, x14, -28       x15:0000001e x14:0000001e
            47120000            1161 0000043c ff040713 addi             x14, x8, -16        x14=00107fc0  x8:00107fd0
            47160000            1162 00000440 ffc72783 lw               x15, -4(x14)        x15=0000001e x14:00107fc0  PA:00107fbc
            47240000            1164 00000444 00178793 addi             x15, x15, 1         x15=0000001f x15:0000001e
            47280000            1165 00000448 fef42623 sw               x15, -20(x8)        x15:0000001f  x8:00107fd0  PA:00107fbc
            47320000            1166 0000044c ff040793 addi             x15, x8, -16        x15=00107fc0  x8:00107fd0
            47360000            1167 00000450 ffc7a703 lw               x14, -4(x15)        x14=0000001f x15:00107fc0  PA:00107fbc
            47400000            1168 00000454 01e00793 addi             x15, x0, 30         x15=0000001e
            47440000            1169 00000458 fee7d2e3 bge              x15, x14, -28       x15:0000001e x14:0000001f
            47480000            1170 0000045c 1a1087b7 lui              x15, 0x1a108000     x15=1a108000
            47520000            1171 00000460 00478793 addi             x15, x15, 4         x15=1a108004 x15:1a108000
            47560000            1172 00000464 ff040693 addi             x13, x8, -16        x13=00107fc0  x8:00107fd0
            47600000            1173 00000468 fe86a703 lw               x14, -24(x13)       x14=00107fd8 x13:00107fc0  PA:00107fa8
            47680000            1175 0000046c 00072703 lw               x14, 0(x14)         x14=40900000 x14:00107fd8  PA:00107fd8
            47760000            1177 00000470 00e7a023 sw               x14, 0(x15)         x14:40900000 x15:1a108004  PA:1a108004
            47800000            1178 00000474 00100793 addi             x15, x0, 1          x15=00000001
            48040000            1184 00000478 fef42423 sw               x15, -24(x8)        x15:00000001  x8:00107fd0  PA:00107fb8
            48080000            1185 0000047c 0140006f jal              x0, 20             
            48160000            1187 00000490 ff040793 addi             x15, x8, -16        x15=00107fc0  x8:00107fd0
            48200000            1188 00000494 ff87a703 lw               x14, -8(x15)        x14=00000001 x15:00107fc0  PA:00107fb8
            48240000            1189 00000498 01e00793 addi             x15, x0, 30         x15=0000001e
            48280000            1190 0000049c fee7d2e3 bge              x15, x14, -28       x15:0000001e x14:00000001
            48400000            1193 00000480 ff040713 addi             x14, x8, -16        x14=00107fc0  x8:00107fd0
            48440000            1194 00000484 ff872783 lw               x15, -8(x14)        x15=00000001 x14:00107fc0  PA:00107fb8
            48520000            1196 00000488 00178793 addi             x15, x15, 1         x15=00000002 x15:00000001
            48560000            1197 0000048c fef42423 sw               x15, -24(x8)        x15:00000002  x8:00107fd0  PA:00107fb8
            48600000            1198 00000490 ff040793 addi             x15, x8, -16        x15=00107fc0  x8:00107fd0
            48640000            1199 00000494 ff87a703 lw               x14, -8(x15)        x14=00000002 x15:00107fc0  PA:00107fb8
            48680000            1200 00000498 01e00793 addi             x15, x0, 30         x15=0000001e
            48720000            1201 0000049c fee7d2e3 bge              x15, x14, -28       x15:0000001e x14:00000002
            48840000            1204 00000480 ff040713 addi             x14, x8, -16        x14=00107fc0  x8:00107fd0
            48880000            1205 00000484 ff872783 lw               x15, -8(x14)        x15=00000002 x14:00107fc0  PA:00107fb8
            48960000            1207 00000488 00178793 addi             x15, x15, 1         x15=00000003 x15:00000002
            49000000            1208 0000048c fef42423 sw               x15, -24(x8)        x15:00000003  x8:00107fd0  PA:00107fb8
            49040000            1209 00000490 ff040793 addi             x15, x8, -16        x15=00107fc0  x8:00107fd0
            49080000            1210 00000494 ff87a703 lw               x14, -8(x15)        x14=00000003 x15:00107fc0  PA:00107fb8
            49120000            1211 00000498 01e00793 addi             x15, x0, 30         x15=0000001e
            49160000            1212 0000049c fee7d2e3 bge              x15, x14, -28       x15:0000001e x14:00000003
            49280000            1215 00000480 ff040713 addi             x14, x8, -16        x14=00107fc0  x8:00107fd0
            49320000            1216 00000484 ff872783 lw               x15, -8(x14)        x15=00000003 x14:00107fc0  PA:00107fb8
            49400000            1218 00000488 00178793 addi             x15, x15, 1         x15=00000004 x15:00000003
            49440000            1219 0000048c fef42423 sw               x15, -24(x8)        x15:00000004  x8:00107fd0  PA:00107fb8
            49480000            1220 00000490 ff040793 addi             x15, x8, -16        x15=00107fc0  x8:00107fd0
            49520000            1221 00000494 ff87a703 lw               x14, -8(x15)        x14=00000004 x15:00107fc0  PA:00107fb8
            49560000            1222 00000498 01e00793 addi             x15, x0, 30         x15=0000001e
            49600000            1223 0000049c fee7d2e3 bge              x15, x14, -28       x15:0000001e x14:00000004
            49720000            1226 00000480 ff040713 addi             x14, x8, -16        x14=00107fc0  x8:00107fd0
            49760000            1227 00000484 ff872783 lw               x15, -8(x14)        x15=00000004 x14:00107fc0  PA:00107fb8
            49840000            1229 00000488 00178793 addi             x15, x15, 1         x15=00000005 x15:00000004
            49880000            1230 0000048c fef42423 sw               x15, -24(x8)        x15:00000005  x8:00107fd0  PA:00107fb8
            49920000            1231 00000490 ff040793 addi             x15, x8, -16        x15=00107fc0  x8:00107fd0
            49960000            1232 00000494 ff87a703 lw               x14, -8(x15)        x14=00000005 x15:00107fc0  PA:00107fb8
            50000000            1233 00000498 01e00793 addi             x15, x0, 30         x15=0000001e
            50040000            1234 0000049c fee7d2e3 bge              x15, x14, -28       x15:0000001e x14:00000005
            50160000            1237 00000480 ff040713 addi             x14, x8, -16        x14=00107fc0  x8:00107fd0
            50200000            1238 00000484 ff872783 lw               x15, -8(x14)        x15=00000005 x14:00107fc0  PA:00107fb8
            50280000            1240 00000488 00178793 addi             x15, x15, 1         x15=00000006 x15:00000005
            50320000            1241 0000048c fef42423 sw               x15, -24(x8)        x15:00000006  x8:00107fd0  PA:00107fb8
            50360000            1242 00000490 ff040793 addi             x15, x8, -16        x15=00107fc0  x8:00107fd0
            50400000            1243 00000494 ff87a703 lw               x14, -8(x15)        x14=00000006 x15:00107fc0  PA:00107fb8
            50440000            1244 00000498 01e00793 addi             x15, x0, 30         x15=0000001e
            50480000            1245 0000049c fee7d2e3 bge              x15, x14, -28       x15:0000001e x14:00000006
            50600000            1248 00000480 ff040713 addi             x14, x8, -16        x14=00107fc0  x8:00107fd0
            50640000            1249 00000484 ff872783 lw               x15, -8(x14)        x15=00000006 x14:00107fc0  PA:00107fb8
            50720000            1251 00000488 00178793 addi             x15, x15, 1         x15=00000007 x15:00000006
            50760000            1252 0000048c fef42423 sw               x15, -24(x8)        x15:00000007  x8:00107fd0  PA:00107fb8
            50800000            1253 00000490 ff040793 addi             x15, x8, -16        x15=00107fc0  x8:00107fd0
            50840000            1254 00000494 ff87a703 lw               x14, -8(x15)        x14=00000007 x15:00107fc0  PA:00107fb8
            50880000            1255 00000498 01e00793 addi             x15, x0, 30         x15=0000001e
            50920000            1256 0000049c fee7d2e3 bge              x15, x14, -28       x15:0000001e x14:00000007
            51040000            1259 00000480 ff040713 addi             x14, x8, -16        x14=00107fc0  x8:00107fd0
            51080000            1260 00000484 ff872783 lw               x15, -8(x14)        x15=00000007 x14:00107fc0  PA:00107fb8
            51160000            1262 00000488 00178793 addi             x15, x15, 1         x15=00000008 x15:00000007
            51200000            1263 0000048c fef42423 sw               x15, -24(x8)        x15:00000008  x8:00107fd0  PA:00107fb8
            51240000            1264 00000490 ff040793 addi             x15, x8, -16        x15=00107fc0  x8:00107fd0
            51280000            1265 00000494 ff87a703 lw               x14, -8(x15)        x14=00000008 x15:00107fc0  PA:00107fb8
            51320000            1266 00000498 01e00793 addi             x15, x0, 30         x15=0000001e
            51360000            1267 0000049c fee7d2e3 bge              x15, x14, -28       x15:0000001e x14:00000008
            51480000            1270 00000480 ff040713 addi             x14, x8, -16        x14=00107fc0  x8:00107fd0
            51520000            1271 00000484 ff872783 lw               x15, -8(x14)        x15=00000008 x14:00107fc0  PA:00107fb8
            51600000            1273 00000488 00178793 addi             x15, x15, 1         x15=00000009 x15:00000008
            51640000            1274 0000048c fef42423 sw               x15, -24(x8)        x15:00000009  x8:00107fd0  PA:00107fb8
            51680000            1275 00000490 ff040793 addi             x15, x8, -16        x15=00107fc0  x8:00107fd0
            51720000            1276 00000494 ff87a703 lw               x14, -8(x15)        x14=00000009 x15:00107fc0  PA:00107fb8
            51760000            1277 00000498 01e00793 addi             x15, x0, 30         x15=0000001e
            51800000            1278 0000049c fee7d2e3 bge              x15, x14, -28       x15:0000001e x14:00000009
            51920000            1281 00000480 ff040713 addi             x14, x8, -16        x14=00107fc0  x8:00107fd0
            51960000            1282 00000484 ff872783 lw               x15, -8(x14)        x15=00000009 x14:00107fc0  PA:00107fb8
            52040000            1284 00000488 00178793 addi             x15, x15, 1         x15=0000000a x15:00000009
            52080000            1285 0000048c fef42423 sw               x15, -24(x8)        x15:0000000a  x8:00107fd0  PA:00107fb8
            52120000            1286 00000490 ff040793 addi             x15, x8, -16        x15=00107fc0  x8:00107fd0
            52160000            1287 00000494 ff87a703 lw               x14, -8(x15)        x14=0000000a x15:00107fc0  PA:00107fb8
            52200000            1288 00000498 01e00793 addi             x15, x0, 30         x15=0000001e
            52240000            1289 0000049c fee7d2e3 bge              x15, x14, -28       x15:0000001e x14:0000000a
            52360000            1292 00000480 ff040713 addi             x14, x8, -16        x14=00107fc0  x8:00107fd0
            52400000            1293 00000484 ff872783 lw               x15, -8(x14)        x15=0000000a x14:00107fc0  PA:00107fb8
            52480000            1295 00000488 00178793 addi             x15, x15, 1         x15=0000000b x15:0000000a
            52520000            1296 0000048c fef42423 sw               x15, -24(x8)        x15:0000000b  x8:00107fd0  PA:00107fb8
            52560000            1297 00000490 ff040793 addi             x15, x8, -16        x15=00107fc0  x8:00107fd0
            52600000            1298 00000494 ff87a703 lw               x14, -8(x15)        x14=0000000b x15:00107fc0  PA:00107fb8
            52640000            1299 00000498 01e00793 addi             x15, x0, 30         x15=0000001e
            52680000            1300 0000049c fee7d2e3 bge              x15, x14, -28       x15:0000001e x14:0000000b
            52800000            1303 00000480 ff040713 addi             x14, x8, -16        x14=00107fc0  x8:00107fd0
            52840000            1304 00000484 ff872783 lw               x15, -8(x14)        x15=0000000b x14:00107fc0  PA:00107fb8
            52920000            1306 00000488 00178793 addi             x15, x15, 1         x15=0000000c x15:0000000b
            52960000            1307 0000048c fef42423 sw               x15, -24(x8)        x15:0000000c  x8:00107fd0  PA:00107fb8
            53000000            1308 00000490 ff040793 addi             x15, x8, -16        x15=00107fc0  x8:00107fd0
            53040000            1309 00000494 ff87a703 lw               x14, -8(x15)        x14=0000000c x15:00107fc0  PA:00107fb8
            53080000            1310 00000498 01e00793 addi             x15, x0, 30         x15=0000001e
            53120000            1311 0000049c fee7d2e3 bge              x15, x14, -28       x15:0000001e x14:0000000c
            53240000            1314 00000480 ff040713 addi             x14, x8, -16        x14=00107fc0  x8:00107fd0
            53280000            1315 00000484 ff872783 lw               x15, -8(x14)        x15=0000000c x14:00107fc0  PA:00107fb8
            53360000            1317 00000488 00178793 addi             x15, x15, 1         x15=0000000d x15:0000000c
            53400000            1318 0000048c fef42423 sw               x15, -24(x8)        x15:0000000d  x8:00107fd0  PA:00107fb8
            53440000            1319 00000490 ff040793 addi             x15, x8, -16        x15=00107fc0  x8:00107fd0
            53480000            1320 00000494 ff87a703 lw               x14, -8(x15)        x14=0000000d x15:00107fc0  PA:00107fb8
            53520000            1321 00000498 01e00793 addi             x15, x0, 30         x15=0000001e
            53560000            1322 0000049c fee7d2e3 bge              x15, x14, -28       x15:0000001e x14:0000000d
            53680000            1325 00000480 ff040713 addi             x14, x8, -16        x14=00107fc0  x8:00107fd0
            53720000            1326 00000484 ff872783 lw               x15, -8(x14)        x15=0000000d x14:00107fc0  PA:00107fb8
            53800000            1328 00000488 00178793 addi             x15, x15, 1         x15=0000000e x15:0000000d
            53840000            1329 0000048c fef42423 sw               x15, -24(x8)        x15:0000000e  x8:00107fd0  PA:00107fb8
            53880000            1330 00000490 ff040793 addi             x15, x8, -16        x15=00107fc0  x8:00107fd0
            53920000            1331 00000494 ff87a703 lw               x14, -8(x15)        x14=0000000e x15:00107fc0  PA:00107fb8
            53960000            1332 00000498 01e00793 addi             x15, x0, 30         x15=0000001e
            54000000            1333 0000049c fee7d2e3 bge              x15, x14, -28       x15:0000001e x14:0000000e
            54120000            1336 00000480 ff040713 addi             x14, x8, -16        x14=00107fc0  x8:00107fd0
            54160000            1337 00000484 ff872783 lw               x15, -8(x14)        x15=0000000e x14:00107fc0  PA:00107fb8
            54240000            1339 00000488 00178793 addi             x15, x15, 1         x15=0000000f x15:0000000e
            54280000            1340 0000048c fef42423 sw               x15, -24(x8)        x15:0000000f  x8:00107fd0  PA:00107fb8
            54320000            1341 00000490 ff040793 addi             x15, x8, -16        x15=00107fc0  x8:00107fd0
            54360000            1342 00000494 ff87a703 lw               x14, -8(x15)        x14=0000000f x15:00107fc0  PA:00107fb8
            54400000            1343 00000498 01e00793 addi             x15, x0, 30         x15=0000001e
            54440000            1344 0000049c fee7d2e3 bge              x15, x14, -28       x15:0000001e x14:0000000f
            54560000            1347 00000480 ff040713 addi             x14, x8, -16        x14=00107fc0  x8:00107fd0
            54600000            1348 00000484 ff872783 lw               x15, -8(x14)        x15=0000000f x14:00107fc0  PA:00107fb8
            54680000            1350 00000488 00178793 addi             x15, x15, 1         x15=00000010 x15:0000000f
            54720000            1351 0000048c fef42423 sw               x15, -24(x8)        x15:00000010  x8:00107fd0  PA:00107fb8
            54760000            1352 00000490 ff040793 addi             x15, x8, -16        x15=00107fc0  x8:00107fd0
            54800000            1353 00000494 ff87a703 lw               x14, -8(x15)        x14=00000010 x15:00107fc0  PA:00107fb8
            54840000            1354 00000498 01e00793 addi             x15, x0, 30         x15=0000001e
            54880000            1355 0000049c fee7d2e3 bge              x15, x14, -28       x15:0000001e x14:00000010
            55000000            1358 00000480 ff040713 addi             x14, x8, -16        x14=00107fc0  x8:00107fd0
            55040000            1359 00000484 ff872783 lw               x15, -8(x14)        x15=00000010 x14:00107fc0  PA:00107fb8
            55120000            1361 00000488 00178793 addi             x15, x15, 1         x15=00000011 x15:00000010
            55160000            1362 0000048c fef42423 sw               x15, -24(x8)        x15:00000011  x8:00107fd0  PA:00107fb8
            55200000            1363 00000490 ff040793 addi             x15, x8, -16        x15=00107fc0  x8:00107fd0
            55240000            1364 00000494 ff87a703 lw               x14, -8(x15)        x14=00000011 x15:00107fc0  PA:00107fb8
            55280000            1365 00000498 01e00793 addi             x15, x0, 30         x15=0000001e
            55320000            1366 0000049c fee7d2e3 bge              x15, x14, -28       x15:0000001e x14:00000011
            55440000            1369 00000480 ff040713 addi             x14, x8, -16        x14=00107fc0  x8:00107fd0
            55480000            1370 00000484 ff872783 lw               x15, -8(x14)        x15=00000011 x14:00107fc0  PA:00107fb8
            55560000            1372 00000488 00178793 addi             x15, x15, 1         x15=00000012 x15:00000011
            55600000            1373 0000048c fef42423 sw               x15, -24(x8)        x15:00000012  x8:00107fd0  PA:00107fb8
            55640000            1374 00000490 ff040793 addi             x15, x8, -16        x15=00107fc0  x8:00107fd0
            55680000            1375 00000494 ff87a703 lw               x14, -8(x15)        x14=00000012 x15:00107fc0  PA:00107fb8
            55720000            1376 00000498 01e00793 addi             x15, x0, 30         x15=0000001e
            55760000            1377 0000049c fee7d2e3 bge              x15, x14, -28       x15:0000001e x14:00000012
            55880000            1380 00000480 ff040713 addi             x14, x8, -16        x14=00107fc0  x8:00107fd0
            55920000            1381 00000484 ff872783 lw               x15, -8(x14)        x15=00000012 x14:00107fc0  PA:00107fb8
            56000000            1383 00000488 00178793 addi             x15, x15, 1         x15=00000013 x15:00000012
            56040000            1384 0000048c fef42423 sw               x15, -24(x8)        x15:00000013  x8:00107fd0  PA:00107fb8
            56080000            1385 00000490 ff040793 addi             x15, x8, -16        x15=00107fc0  x8:00107fd0
            56120000            1386 00000494 ff87a703 lw               x14, -8(x15)        x14=00000013 x15:00107fc0  PA:00107fb8
            56160000            1387 00000498 01e00793 addi             x15, x0, 30         x15=0000001e
            56200000            1388 0000049c fee7d2e3 bge              x15, x14, -28       x15:0000001e x14:00000013
            56320000            1391 00000480 ff040713 addi             x14, x8, -16        x14=00107fc0  x8:00107fd0
            56360000            1392 00000484 ff872783 lw               x15, -8(x14)        x15=00000013 x14:00107fc0  PA:00107fb8
            56440000            1394 00000488 00178793 addi             x15, x15, 1         x15=00000014 x15:00000013
            56480000            1395 0000048c fef42423 sw               x15, -24(x8)        x15:00000014  x8:00107fd0  PA:00107fb8
            56520000            1396 00000490 ff040793 addi             x15, x8, -16        x15=00107fc0  x8:00107fd0
            56560000            1397 00000494 ff87a703 lw               x14, -8(x15)        x14=00000014 x15:00107fc0  PA:00107fb8
            56600000            1398 00000498 01e00793 addi             x15, x0, 30         x15=0000001e
            56640000            1399 0000049c fee7d2e3 bge              x15, x14, -28       x15:0000001e x14:00000014
            56760000            1402 00000480 ff040713 addi             x14, x8, -16        x14=00107fc0  x8:00107fd0
            56800000            1403 00000484 ff872783 lw               x15, -8(x14)        x15=00000014 x14:00107fc0  PA:00107fb8
            56880000            1405 00000488 00178793 addi             x15, x15, 1         x15=00000015 x15:00000014
            56920000            1406 0000048c fef42423 sw               x15, -24(x8)        x15:00000015  x8:00107fd0  PA:00107fb8
            56960000            1407 00000490 ff040793 addi             x15, x8, -16        x15=00107fc0  x8:00107fd0
            57000000            1408 00000494 ff87a703 lw               x14, -8(x15)        x14=00000015 x15:00107fc0  PA:00107fb8
            57040000            1409 00000498 01e00793 addi             x15, x0, 30         x15=0000001e
            57080000            1410 0000049c fee7d2e3 bge              x15, x14, -28       x15:0000001e x14:00000015
            57200000            1413 00000480 ff040713 addi             x14, x8, -16        x14=00107fc0  x8:00107fd0
            57240000            1414 00000484 ff872783 lw               x15, -8(x14)        x15=00000015 x14:00107fc0  PA:00107fb8
            57320000            1416 00000488 00178793 addi             x15, x15, 1         x15=00000016 x15:00000015
            57360000            1417 0000048c fef42423 sw               x15, -24(x8)        x15:00000016  x8:00107fd0  PA:00107fb8
            57400000            1418 00000490 ff040793 addi             x15, x8, -16        x15=00107fc0  x8:00107fd0
            57440000            1419 00000494 ff87a703 lw               x14, -8(x15)        x14=00000016 x15:00107fc0  PA:00107fb8
            57480000            1420 00000498 01e00793 addi             x15, x0, 30         x15=0000001e
            57520000            1421 0000049c fee7d2e3 bge              x15, x14, -28       x15:0000001e x14:00000016
            57640000            1424 00000480 ff040713 addi             x14, x8, -16        x14=00107fc0  x8:00107fd0
            57680000            1425 00000484 ff872783 lw               x15, -8(x14)        x15=00000016 x14:00107fc0  PA:00107fb8
            57760000            1427 00000488 00178793 addi             x15, x15, 1         x15=00000017 x15:00000016
            57800000            1428 0000048c fef42423 sw               x15, -24(x8)        x15:00000017  x8:00107fd0  PA:00107fb8
            57840000            1429 00000490 ff040793 addi             x15, x8, -16        x15=00107fc0  x8:00107fd0
            57880000            1430 00000494 ff87a703 lw               x14, -8(x15)        x14=00000017 x15:00107fc0  PA:00107fb8
            57920000            1431 00000498 01e00793 addi             x15, x0, 30         x15=0000001e
            57960000            1432 0000049c fee7d2e3 bge              x15, x14, -28       x15:0000001e x14:00000017
            58080000            1435 00000480 ff040713 addi             x14, x8, -16        x14=00107fc0  x8:00107fd0
            58120000            1436 00000484 ff872783 lw               x15, -8(x14)        x15=00000017 x14:00107fc0  PA:00107fb8
            58200000            1438 00000488 00178793 addi             x15, x15, 1         x15=00000018 x15:00000017
            58240000            1439 0000048c fef42423 sw               x15, -24(x8)        x15:00000018  x8:00107fd0  PA:00107fb8
            58280000            1440 00000490 ff040793 addi             x15, x8, -16        x15=00107fc0  x8:00107fd0
            58320000            1441 00000494 ff87a703 lw               x14, -8(x15)        x14=00000018 x15:00107fc0  PA:00107fb8
            58360000            1442 00000498 01e00793 addi             x15, x0, 30         x15=0000001e
            58400000            1443 0000049c fee7d2e3 bge              x15, x14, -28       x15:0000001e x14:00000018
            58520000            1446 00000480 ff040713 addi             x14, x8, -16        x14=00107fc0  x8:00107fd0
            58560000            1447 00000484 ff872783 lw               x15, -8(x14)        x15=00000018 x14:00107fc0  PA:00107fb8
            58640000            1449 00000488 00178793 addi             x15, x15, 1         x15=00000019 x15:00000018
            58680000            1450 0000048c fef42423 sw               x15, -24(x8)        x15:00000019  x8:00107fd0  PA:00107fb8
            58720000            1451 00000490 ff040793 addi             x15, x8, -16        x15=00107fc0  x8:00107fd0
            58760000            1452 00000494 ff87a703 lw               x14, -8(x15)        x14=00000019 x15:00107fc0  PA:00107fb8
            58800000            1453 00000498 01e00793 addi             x15, x0, 30         x15=0000001e
            58840000            1454 0000049c fee7d2e3 bge              x15, x14, -28       x15:0000001e x14:00000019
            58960000            1457 00000480 ff040713 addi             x14, x8, -16        x14=00107fc0  x8:00107fd0
            59000000            1458 00000484 ff872783 lw               x15, -8(x14)        x15=00000019 x14:00107fc0  PA:00107fb8
            59080000            1460 00000488 00178793 addi             x15, x15, 1         x15=0000001a x15:00000019
            59120000            1461 0000048c fef42423 sw               x15, -24(x8)        x15:0000001a  x8:00107fd0  PA:00107fb8
            59160000            1462 00000490 ff040793 addi             x15, x8, -16        x15=00107fc0  x8:00107fd0
            59200000            1463 00000494 ff87a703 lw               x14, -8(x15)        x14=0000001a x15:00107fc0  PA:00107fb8
            59240000            1464 00000498 01e00793 addi             x15, x0, 30         x15=0000001e
            59280000            1465 0000049c fee7d2e3 bge              x15, x14, -28       x15:0000001e x14:0000001a
            59400000            1468 00000480 ff040713 addi             x14, x8, -16        x14=00107fc0  x8:00107fd0
            59440000            1469 00000484 ff872783 lw               x15, -8(x14)        x15=0000001a x14:00107fc0  PA:00107fb8
            59520000            1471 00000488 00178793 addi             x15, x15, 1         x15=0000001b x15:0000001a
            59560000            1472 0000048c fef42423 sw               x15, -24(x8)        x15:0000001b  x8:00107fd0  PA:00107fb8
            59600000            1473 00000490 ff040793 addi             x15, x8, -16        x15=00107fc0  x8:00107fd0
            59640000            1474 00000494 ff87a703 lw               x14, -8(x15)        x14=0000001b x15:00107fc0  PA:00107fb8
            59680000            1475 00000498 01e00793 addi             x15, x0, 30         x15=0000001e
            59720000            1476 0000049c fee7d2e3 bge              x15, x14, -28       x15:0000001e x14:0000001b
            59840000            1479 00000480 ff040713 addi             x14, x8, -16        x14=00107fc0  x8:00107fd0
            59880000            1480 00000484 ff872783 lw               x15, -8(x14)        x15=0000001b x14:00107fc0  PA:00107fb8
            59960000            1482 00000488 00178793 addi             x15, x15, 1         x15=0000001c x15:0000001b
            60000000            1483 0000048c fef42423 sw               x15, -24(x8)        x15:0000001c  x8:00107fd0  PA:00107fb8
            60040000            1484 00000490 ff040793 addi             x15, x8, -16        x15=00107fc0  x8:00107fd0
            60080000            1485 00000494 ff87a703 lw               x14, -8(x15)        x14=0000001c x15:00107fc0  PA:00107fb8
            60120000            1486 00000498 01e00793 addi             x15, x0, 30         x15=0000001e
            60160000            1487 0000049c fee7d2e3 bge              x15, x14, -28       x15:0000001e x14:0000001c
            60280000            1490 00000480 ff040713 addi             x14, x8, -16        x14=00107fc0  x8:00107fd0
            60320000            1491 00000484 ff872783 lw               x15, -8(x14)        x15=0000001c x14:00107fc0  PA:00107fb8
            60400000            1493 00000488 00178793 addi             x15, x15, 1         x15=0000001d x15:0000001c
            60440000            1494 0000048c fef42423 sw               x15, -24(x8)        x15:0000001d  x8:00107fd0  PA:00107fb8
            60480000            1495 00000490 ff040793 addi             x15, x8, -16        x15=00107fc0  x8:00107fd0
            60520000            1496 00000494 ff87a703 lw               x14, -8(x15)        x14=0000001d x15:00107fc0  PA:00107fb8
            60560000            1497 00000498 01e00793 addi             x15, x0, 30         x15=0000001e
            60600000            1498 0000049c fee7d2e3 bge              x15, x14, -28       x15:0000001e x14:0000001d
            60720000            1501 00000480 ff040713 addi             x14, x8, -16        x14=00107fc0  x8:00107fd0
            60760000            1502 00000484 ff872783 lw               x15, -8(x14)        x15=0000001d x14:00107fc0  PA:00107fb8
            60840000            1504 00000488 00178793 addi             x15, x15, 1         x15=0000001e x15:0000001d
            60880000            1505 0000048c fef42423 sw               x15, -24(x8)        x15:0000001e  x8:00107fd0  PA:00107fb8
            60920000            1506 00000490 ff040793 addi             x15, x8, -16        x15=00107fc0  x8:00107fd0
            60960000            1507 00000494 ff87a703 lw               x14, -8(x15)        x14=0000001e x15:00107fc0  PA:00107fb8
            61000000            1508 00000498 01e00793 addi             x15, x0, 30         x15=0000001e
            61040000            1509 0000049c fee7d2e3 bge              x15, x14, -28       x15:0000001e x14:0000001e
            61160000            1512 00000480 ff040713 addi             x14, x8, -16        x14=00107fc0  x8:00107fd0
            61200000            1513 00000484 ff872783 lw               x15, -8(x14)        x15=0000001e x14:00107fc0  PA:00107fb8
            61280000            1515 00000488 00178793 addi             x15, x15, 1         x15=0000001f x15:0000001e
            61320000            1516 0000048c fef42423 sw               x15, -24(x8)        x15:0000001f  x8:00107fd0  PA:00107fb8
            61360000            1517 00000490 ff040793 addi             x15, x8, -16        x15=00107fc0  x8:00107fd0
            61400000            1518 00000494 ff87a703 lw               x14, -8(x15)        x14=0000001f x15:00107fc0  PA:00107fb8
            61440000            1519 00000498 01e00793 addi             x15, x0, 30         x15=0000001e
            61480000            1520 0000049c fee7d2e3 bge              x15, x14, -28       x15:0000001e x14:0000001f
            61520000            1521 000004a0 1a1087b7 lui              x15, 0x1a108000     x15=1a108000
            61560000            1522 000004a4 00878793 addi             x15, x15, 8         x15=1a108008 x15:1a108000
            61600000            1523 000004a8 ff040693 addi             x13, x8, -16        x13=00107fc0  x8:00107fd0
            61640000            1524 000004ac fe46a703 lw               x14, -28(x13)       x14=00107fd4 x13:00107fc0  PA:00107fa4
            61720000            1526 000004b0 00072703 lw               x14, 0(x14)         x14=00000000 x14:00107fd4  PA:00107fd4
            61800000            1528 000004b4 00e7a023 sw               x14, 0(x15)         x14:00000000 x15:1a108008  PA:1a108008
            61840000            1529 000004b8 00000013 nop                                 
            62080000            1535 000004bc 02c12403 lw               x8, 44(x2)           x8=00108000  x2:00107fa0  PA:00107fcc
            62120000            1536 000004c0 03010113 addi             x2, x2, 48           x2=00107fd0  x2:00107fa0
            62160000            1537 000004c4 00008067 jalr             x0, x1, 0            x1:00000574
            62240000            1539 00000574 f55ff0ef jal              x1, -172             x1=00000578
            62320000            1541 000004c8 fe010113 addi             x2, x2, -32          x2=00107fb0  x2:00107fd0
            62360000            1542 000004cc 00812e23 sw               x8, 28(x2)           x8:00108000  x2:00107fb0  PA:00107fcc
            62400000            1543 000004d0 02010413 addi             x8, x2, 32           x8=00107fd0  x2:00107fb0
            62440000            1544 000004d4 00100793 addi             x15, x0, 1          x15=00000001
            62480000            1545 000004d8 fef42623 sw               x15, -20(x8)        x15:00000001  x8:00107fd0  PA:00107fbc
            62520000            1546 000004dc 0140006f jal              x0, 20             
            62600000            1548 000004f0 ff040793 addi             x15, x8, -16        x15=00107fc0  x8:00107fd0
            62640000            1549 000004f4 ffc7a703 lw               x14, -4(x15)        x14=00000001 x15:00107fc0  PA:00107fbc
            62680000            1550 000004f8 06400793 addi             x15, x0, 100        x15=00000064
            62720000            1551 000004fc fee7d2e3 bge              x15, x14, -28       x15:00000064 x14:00000001
            62840000            1554 000004e0 ff040713 addi             x14, x8, -16        x14=00107fc0  x8:00107fd0
            62880000            1555 000004e4 ffc72783 lw               x15, -4(x14)        x15=00000001 x14:00107fc0  PA:00107fbc
            62960000            1557 000004e8 00178793 addi             x15, x15, 1         x15=00000002 x15:00000001
            63000000            1558 000004ec fef42623 sw               x15, -20(x8)        x15:00000002  x8:00107fd0  PA:00107fbc
            63040000            1559 000004f0 ff040793 addi             x15, x8, -16        x15=00107fc0  x8:00107fd0
            63080000            1560 000004f4 ffc7a703 lw               x14, -4(x15)        x14=00000002 x15:00107fc0  PA:00107fbc
            63120000            1561 000004f8 06400793 addi             x15, x0, 100        x15=00000064
            63160000            1562 000004fc fee7d2e3 bge              x15, x14, -28       x15:00000064 x14:00000002
            63280000            1565 000004e0 ff040713 addi             x14, x8, -16        x14=00107fc0  x8:00107fd0
            63320000            1566 000004e4 ffc72783 lw               x15, -4(x14)        x15=00000002 x14:00107fc0  PA:00107fbc
            63400000            1568 000004e8 00178793 addi             x15, x15, 1         x15=00000003 x15:00000002
            63440000            1569 000004ec fef42623 sw               x15, -20(x8)        x15:00000003  x8:00107fd0  PA:00107fbc
            63480000            1570 000004f0 ff040793 addi             x15, x8, -16        x15=00107fc0  x8:00107fd0
            63520000            1571 000004f4 ffc7a703 lw               x14, -4(x15)        x14=00000003 x15:00107fc0  PA:00107fbc
            63560000            1572 000004f8 06400793 addi             x15, x0, 100        x15=00000064
            63600000            1573 000004fc fee7d2e3 bge              x15, x14, -28       x15:00000064 x14:00000003
            63720000            1576 000004e0 ff040713 addi             x14, x8, -16        x14=00107fc0  x8:00107fd0
            63760000            1577 000004e4 ffc72783 lw               x15, -4(x14)        x15=00000003 x14:00107fc0  PA:00107fbc
            63840000            1579 000004e8 00178793 addi             x15, x15, 1         x15=00000004 x15:00000003
            63880000            1580 000004ec fef42623 sw               x15, -20(x8)        x15:00000004  x8:00107fd0  PA:00107fbc
            63920000            1581 000004f0 ff040793 addi             x15, x8, -16        x15=00107fc0  x8:00107fd0
            63960000            1582 000004f4 ffc7a703 lw               x14, -4(x15)        x14=00000004 x15:00107fc0  PA:00107fbc
            64000000            1583 000004f8 06400793 addi             x15, x0, 100        x15=00000064
            64040000            1584 000004fc fee7d2e3 bge              x15, x14, -28       x15:00000064 x14:00000004
            64160000            1587 000004e0 ff040713 addi             x14, x8, -16        x14=00107fc0  x8:00107fd0
            64200000            1588 000004e4 ffc72783 lw               x15, -4(x14)        x15=00000004 x14:00107fc0  PA:00107fbc
            64280000            1590 000004e8 00178793 addi             x15, x15, 1         x15=00000005 x15:00000004
            64320000            1591 000004ec fef42623 sw               x15, -20(x8)        x15:00000005  x8:00107fd0  PA:00107fbc
            64360000            1592 000004f0 ff040793 addi             x15, x8, -16        x15=00107fc0  x8:00107fd0
            64400000            1593 000004f4 ffc7a703 lw               x14, -4(x15)        x14=00000005 x15:00107fc0  PA:00107fbc
            64440000            1594 000004f8 06400793 addi             x15, x0, 100        x15=00000064
            64480000            1595 000004fc fee7d2e3 bge              x15, x14, -28       x15:00000064 x14:00000005
            64600000            1598 000004e0 ff040713 addi             x14, x8, -16        x14=00107fc0  x8:00107fd0
            64640000            1599 000004e4 ffc72783 lw               x15, -4(x14)        x15=00000005 x14:00107fc0  PA:00107fbc
            64720000            1601 000004e8 00178793 addi             x15, x15, 1         x15=00000006 x15:00000005
            64760000            1602 000004ec fef42623 sw               x15, -20(x8)        x15:00000006  x8:00107fd0  PA:00107fbc
            64800000            1603 000004f0 ff040793 addi             x15, x8, -16        x15=00107fc0  x8:00107fd0
            64840000            1604 000004f4 ffc7a703 lw               x14, -4(x15)        x14=00000006 x15:00107fc0  PA:00107fbc
            64880000            1605 000004f8 06400793 addi             x15, x0, 100        x15=00000064
            64920000            1606 000004fc fee7d2e3 bge              x15, x14, -28       x15:00000064 x14:00000006
            65040000            1609 000004e0 ff040713 addi             x14, x8, -16        x14=00107fc0  x8:00107fd0
            65080000            1610 000004e4 ffc72783 lw               x15, -4(x14)        x15=00000006 x14:00107fc0  PA:00107fbc
            65160000            1612 000004e8 00178793 addi             x15, x15, 1         x15=00000007 x15:00000006
            65200000            1613 000004ec fef42623 sw               x15, -20(x8)        x15:00000007  x8:00107fd0  PA:00107fbc
            65240000            1614 000004f0 ff040793 addi             x15, x8, -16        x15=00107fc0  x8:00107fd0
            65280000            1615 000004f4 ffc7a703 lw               x14, -4(x15)        x14=00000007 x15:00107fc0  PA:00107fbc
            65320000            1616 000004f8 06400793 addi             x15, x0, 100        x15=00000064
            65360000            1617 000004fc fee7d2e3 bge              x15, x14, -28       x15:00000064 x14:00000007
            65480000            1620 000004e0 ff040713 addi             x14, x8, -16        x14=00107fc0  x8:00107fd0
            65520000            1621 000004e4 ffc72783 lw               x15, -4(x14)        x15=00000007 x14:00107fc0  PA:00107fbc
            65600000            1623 000004e8 00178793 addi             x15, x15, 1         x15=00000008 x15:00000007
            65640000            1624 000004ec fef42623 sw               x15, -20(x8)        x15:00000008  x8:00107fd0  PA:00107fbc
            65680000            1625 000004f0 ff040793 addi             x15, x8, -16        x15=00107fc0  x8:00107fd0
            65720000            1626 000004f4 ffc7a703 lw               x14, -4(x15)        x14=00000008 x15:00107fc0  PA:00107fbc
            65760000            1627 000004f8 06400793 addi             x15, x0, 100        x15=00000064
            65800000            1628 000004fc fee7d2e3 bge              x15, x14, -28       x15:00000064 x14:00000008
            65920000            1631 000004e0 ff040713 addi             x14, x8, -16        x14=00107fc0  x8:00107fd0
            65960000            1632 000004e4 ffc72783 lw               x15, -4(x14)        x15=00000008 x14:00107fc0  PA:00107fbc
            66040000            1634 000004e8 00178793 addi             x15, x15, 1         x15=00000009 x15:00000008
            66080000            1635 000004ec fef42623 sw               x15, -20(x8)        x15:00000009  x8:00107fd0  PA:00107fbc
            66120000            1636 000004f0 ff040793 addi             x15, x8, -16        x15=00107fc0  x8:00107fd0
            66160000            1637 000004f4 ffc7a703 lw               x14, -4(x15)        x14=00000009 x15:00107fc0  PA:00107fbc
            66200000            1638 000004f8 06400793 addi             x15, x0, 100        x15=00000064
            66240000            1639 000004fc fee7d2e3 bge              x15, x14, -28       x15:00000064 x14:00000009
            66360000            1642 000004e0 ff040713 addi             x14, x8, -16        x14=00107fc0  x8:00107fd0
            66400000            1643 000004e4 ffc72783 lw               x15, -4(x14)        x15=00000009 x14:00107fc0  PA:00107fbc
            66480000            1645 000004e8 00178793 addi             x15, x15, 1         x15=0000000a x15:00000009
            66520000            1646 000004ec fef42623 sw               x15, -20(x8)        x15:0000000a  x8:00107fd0  PA:00107fbc
            66560000            1647 000004f0 ff040793 addi             x15, x8, -16        x15=00107fc0  x8:00107fd0
            66600000            1648 000004f4 ffc7a703 lw               x14, -4(x15)        x14=0000000a x15:00107fc0  PA:00107fbc
            66640000            1649 000004f8 06400793 addi             x15, x0, 100        x15=00000064
            66680000            1650 000004fc fee7d2e3 bge              x15, x14, -28       x15:00000064 x14:0000000a
            66800000            1653 000004e0 ff040713 addi             x14, x8, -16        x14=00107fc0  x8:00107fd0
            66840000            1654 000004e4 ffc72783 lw               x15, -4(x14)        x15=0000000a x14:00107fc0  PA:00107fbc
            66920000            1656 000004e8 00178793 addi             x15, x15, 1         x15=0000000b x15:0000000a
            66960000            1657 000004ec fef42623 sw               x15, -20(x8)        x15:0000000b  x8:00107fd0  PA:00107fbc
            67000000            1658 000004f0 ff040793 addi             x15, x8, -16        x15=00107fc0  x8:00107fd0
            67040000            1659 000004f4 ffc7a703 lw               x14, -4(x15)        x14=0000000b x15:00107fc0  PA:00107fbc
            67080000            1660 000004f8 06400793 addi             x15, x0, 100        x15=00000064
            67120000            1661 000004fc fee7d2e3 bge              x15, x14, -28       x15:00000064 x14:0000000b
            67240000            1664 000004e0 ff040713 addi             x14, x8, -16        x14=00107fc0  x8:00107fd0
            67280000            1665 000004e4 ffc72783 lw               x15, -4(x14)        x15=0000000b x14:00107fc0  PA:00107fbc
            67360000            1667 000004e8 00178793 addi             x15, x15, 1         x15=0000000c x15:0000000b
            67400000            1668 000004ec fef42623 sw               x15, -20(x8)        x15:0000000c  x8:00107fd0  PA:00107fbc
            67440000            1669 000004f0 ff040793 addi             x15, x8, -16        x15=00107fc0  x8:00107fd0
            67480000            1670 000004f4 ffc7a703 lw               x14, -4(x15)        x14=0000000c x15:00107fc0  PA:00107fbc
            67520000            1671 000004f8 06400793 addi             x15, x0, 100        x15=00000064
            67560000            1672 000004fc fee7d2e3 bge              x15, x14, -28       x15:00000064 x14:0000000c
            67680000            1675 000004e0 ff040713 addi             x14, x8, -16        x14=00107fc0  x8:00107fd0
            67720000            1676 000004e4 ffc72783 lw               x15, -4(x14)        x15=0000000c x14:00107fc0  PA:00107fbc
            67800000            1678 000004e8 00178793 addi             x15, x15, 1         x15=0000000d x15:0000000c
            67840000            1679 000004ec fef42623 sw               x15, -20(x8)        x15:0000000d  x8:00107fd0  PA:00107fbc
            67880000            1680 000004f0 ff040793 addi             x15, x8, -16        x15=00107fc0  x8:00107fd0
            67920000            1681 000004f4 ffc7a703 lw               x14, -4(x15)        x14=0000000d x15:00107fc0  PA:00107fbc
            67960000            1682 000004f8 06400793 addi             x15, x0, 100        x15=00000064
            68000000            1683 000004fc fee7d2e3 bge              x15, x14, -28       x15:00000064 x14:0000000d
            68120000            1686 000004e0 ff040713 addi             x14, x8, -16        x14=00107fc0  x8:00107fd0
            68160000            1687 000004e4 ffc72783 lw               x15, -4(x14)        x15=0000000d x14:00107fc0  PA:00107fbc
            68240000            1689 000004e8 00178793 addi             x15, x15, 1         x15=0000000e x15:0000000d
            68280000            1690 000004ec fef42623 sw               x15, -20(x8)        x15:0000000e  x8:00107fd0  PA:00107fbc
            68320000            1691 000004f0 ff040793 addi             x15, x8, -16        x15=00107fc0  x8:00107fd0
            68360000            1692 000004f4 ffc7a703 lw               x14, -4(x15)        x14=0000000e x15:00107fc0  PA:00107fbc
            68400000            1693 000004f8 06400793 addi             x15, x0, 100        x15=00000064
            68440000            1694 000004fc fee7d2e3 bge              x15, x14, -28       x15:00000064 x14:0000000e
            68560000            1697 000004e0 ff040713 addi             x14, x8, -16        x14=00107fc0  x8:00107fd0
            68600000            1698 000004e4 ffc72783 lw               x15, -4(x14)        x15=0000000e x14:00107fc0  PA:00107fbc
            68680000            1700 000004e8 00178793 addi             x15, x15, 1         x15=0000000f x15:0000000e
            68720000            1701 000004ec fef42623 sw               x15, -20(x8)        x15:0000000f  x8:00107fd0  PA:00107fbc
            68760000            1702 000004f0 ff040793 addi             x15, x8, -16        x15=00107fc0  x8:00107fd0
            68800000            1703 000004f4 ffc7a703 lw               x14, -4(x15)        x14=0000000f x15:00107fc0  PA:00107fbc
            68840000            1704 000004f8 06400793 addi             x15, x0, 100        x15=00000064
            68880000            1705 000004fc fee7d2e3 bge              x15, x14, -28       x15:00000064 x14:0000000f
            69000000            1708 000004e0 ff040713 addi             x14, x8, -16        x14=00107fc0  x8:00107fd0
            69040000            1709 000004e4 ffc72783 lw               x15, -4(x14)        x15=0000000f x14:00107fc0  PA:00107fbc
            69120000            1711 000004e8 00178793 addi             x15, x15, 1         x15=00000010 x15:0000000f
            69160000            1712 000004ec fef42623 sw               x15, -20(x8)        x15:00000010  x8:00107fd0  PA:00107fbc
            69200000            1713 000004f0 ff040793 addi             x15, x8, -16        x15=00107fc0  x8:00107fd0
            69240000            1714 000004f4 ffc7a703 lw               x14, -4(x15)        x14=00000010 x15:00107fc0  PA:00107fbc
            69280000            1715 000004f8 06400793 addi             x15, x0, 100        x15=00000064
            69320000            1716 000004fc fee7d2e3 bge              x15, x14, -28       x15:00000064 x14:00000010
            69440000            1719 000004e0 ff040713 addi             x14, x8, -16        x14=00107fc0  x8:00107fd0
            69480000            1720 000004e4 ffc72783 lw               x15, -4(x14)        x15=00000010 x14:00107fc0  PA:00107fbc
            69560000            1722 000004e8 00178793 addi             x15, x15, 1         x15=00000011 x15:00000010
            69600000            1723 000004ec fef42623 sw               x15, -20(x8)        x15:00000011  x8:00107fd0  PA:00107fbc
            69640000            1724 000004f0 ff040793 addi             x15, x8, -16        x15=00107fc0  x8:00107fd0
            69680000            1725 000004f4 ffc7a703 lw               x14, -4(x15)        x14=00000011 x15:00107fc0  PA:00107fbc
            69720000            1726 000004f8 06400793 addi             x15, x0, 100        x15=00000064
            69760000            1727 000004fc fee7d2e3 bge              x15, x14, -28       x15:00000064 x14:00000011
            69880000            1730 000004e0 ff040713 addi             x14, x8, -16        x14=00107fc0  x8:00107fd0
            69920000            1731 000004e4 ffc72783 lw               x15, -4(x14)        x15=00000011 x14:00107fc0  PA:00107fbc
            70000000            1733 000004e8 00178793 addi             x15, x15, 1         x15=00000012 x15:00000011
            70040000            1734 000004ec fef42623 sw               x15, -20(x8)        x15:00000012  x8:00107fd0  PA:00107fbc
            70080000            1735 000004f0 ff040793 addi             x15, x8, -16        x15=00107fc0  x8:00107fd0
            70120000            1736 000004f4 ffc7a703 lw               x14, -4(x15)        x14=00000012 x15:00107fc0  PA:00107fbc
            70160000            1737 000004f8 06400793 addi             x15, x0, 100        x15=00000064
            70200000            1738 000004fc fee7d2e3 bge              x15, x14, -28       x15:00000064 x14:00000012
            70320000            1741 000004e0 ff040713 addi             x14, x8, -16        x14=00107fc0  x8:00107fd0
            70360000            1742 000004e4 ffc72783 lw               x15, -4(x14)        x15=00000012 x14:00107fc0  PA:00107fbc
            70440000            1744 000004e8 00178793 addi             x15, x15, 1         x15=00000013 x15:00000012
            70480000            1745 000004ec fef42623 sw               x15, -20(x8)        x15:00000013  x8:00107fd0  PA:00107fbc
            70520000            1746 000004f0 ff040793 addi             x15, x8, -16        x15=00107fc0  x8:00107fd0
            70560000            1747 000004f4 ffc7a703 lw               x14, -4(x15)        x14=00000013 x15:00107fc0  PA:00107fbc
            70600000            1748 000004f8 06400793 addi             x15, x0, 100        x15=00000064
            70640000            1749 000004fc fee7d2e3 bge              x15, x14, -28       x15:00000064 x14:00000013
            70760000            1752 000004e0 ff040713 addi             x14, x8, -16        x14=00107fc0  x8:00107fd0
            70800000            1753 000004e4 ffc72783 lw               x15, -4(x14)        x15=00000013 x14:00107fc0  PA:00107fbc
            70880000            1755 000004e8 00178793 addi             x15, x15, 1         x15=00000014 x15:00000013
            70920000            1756 000004ec fef42623 sw               x15, -20(x8)        x15:00000014  x8:00107fd0  PA:00107fbc
            70960000            1757 000004f0 ff040793 addi             x15, x8, -16        x15=00107fc0  x8:00107fd0
            71000000            1758 000004f4 ffc7a703 lw               x14, -4(x15)        x14=00000014 x15:00107fc0  PA:00107fbc
            71040000            1759 000004f8 06400793 addi             x15, x0, 100        x15=00000064
            71080000            1760 000004fc fee7d2e3 bge              x15, x14, -28       x15:00000064 x14:00000014
            71200000            1763 000004e0 ff040713 addi             x14, x8, -16        x14=00107fc0  x8:00107fd0
            71240000            1764 000004e4 ffc72783 lw               x15, -4(x14)        x15=00000014 x14:00107fc0  PA:00107fbc
            71320000            1766 000004e8 00178793 addi             x15, x15, 1         x15=00000015 x15:00000014
            71360000            1767 000004ec fef42623 sw               x15, -20(x8)        x15:00000015  x8:00107fd0  PA:00107fbc
            71400000            1768 000004f0 ff040793 addi             x15, x8, -16        x15=00107fc0  x8:00107fd0
            71440000            1769 000004f4 ffc7a703 lw               x14, -4(x15)        x14=00000015 x15:00107fc0  PA:00107fbc
            71480000            1770 000004f8 06400793 addi             x15, x0, 100        x15=00000064
            71520000            1771 000004fc fee7d2e3 bge              x15, x14, -28       x15:00000064 x14:00000015
            71640000            1774 000004e0 ff040713 addi             x14, x8, -16        x14=00107fc0  x8:00107fd0
            71680000            1775 000004e4 ffc72783 lw               x15, -4(x14)        x15=00000015 x14:00107fc0  PA:00107fbc
            71760000            1777 000004e8 00178793 addi             x15, x15, 1         x15=00000016 x15:00000015
            71800000            1778 000004ec fef42623 sw               x15, -20(x8)        x15:00000016  x8:00107fd0  PA:00107fbc
            71840000            1779 000004f0 ff040793 addi             x15, x8, -16        x15=00107fc0  x8:00107fd0
            71880000            1780 000004f4 ffc7a703 lw               x14, -4(x15)        x14=00000016 x15:00107fc0  PA:00107fbc
            71920000            1781 000004f8 06400793 addi             x15, x0, 100        x15=00000064
            71960000            1782 000004fc fee7d2e3 bge              x15, x14, -28       x15:00000064 x14:00000016
            72080000            1785 000004e0 ff040713 addi             x14, x8, -16        x14=00107fc0  x8:00107fd0
            72120000            1786 000004e4 ffc72783 lw               x15, -4(x14)        x15=00000016 x14:00107fc0  PA:00107fbc
            72200000            1788 000004e8 00178793 addi             x15, x15, 1         x15=00000017 x15:00000016
            72240000            1789 000004ec fef42623 sw               x15, -20(x8)        x15:00000017  x8:00107fd0  PA:00107fbc
            72280000            1790 000004f0 ff040793 addi             x15, x8, -16        x15=00107fc0  x8:00107fd0
            72320000            1791 000004f4 ffc7a703 lw               x14, -4(x15)        x14=00000017 x15:00107fc0  PA:00107fbc
            72360000            1792 000004f8 06400793 addi             x15, x0, 100        x15=00000064
            72400000            1793 000004fc fee7d2e3 bge              x15, x14, -28       x15:00000064 x14:00000017
            72520000            1796 000004e0 ff040713 addi             x14, x8, -16        x14=00107fc0  x8:00107fd0
            72560000            1797 000004e4 ffc72783 lw               x15, -4(x14)        x15=00000017 x14:00107fc0  PA:00107fbc
            72640000            1799 000004e8 00178793 addi             x15, x15, 1         x15=00000018 x15:00000017
            72680000            1800 000004ec fef42623 sw               x15, -20(x8)        x15:00000018  x8:00107fd0  PA:00107fbc
            72720000            1801 000004f0 ff040793 addi             x15, x8, -16        x15=00107fc0  x8:00107fd0
            72760000            1802 000004f4 ffc7a703 lw               x14, -4(x15)        x14=00000018 x15:00107fc0  PA:00107fbc
            72800000            1803 000004f8 06400793 addi             x15, x0, 100        x15=00000064
            72840000            1804 000004fc fee7d2e3 bge              x15, x14, -28       x15:00000064 x14:00000018
            72960000            1807 000004e0 ff040713 addi             x14, x8, -16        x14=00107fc0  x8:00107fd0
            73000000            1808 000004e4 ffc72783 lw               x15, -4(x14)        x15=00000018 x14:00107fc0  PA:00107fbc
            73080000            1810 000004e8 00178793 addi             x15, x15, 1         x15=00000019 x15:00000018
            73120000            1811 000004ec fef42623 sw               x15, -20(x8)        x15:00000019  x8:00107fd0  PA:00107fbc
            73160000            1812 000004f0 ff040793 addi             x15, x8, -16        x15=00107fc0  x8:00107fd0
            73200000            1813 000004f4 ffc7a703 lw               x14, -4(x15)        x14=00000019 x15:00107fc0  PA:00107fbc
            73240000            1814 000004f8 06400793 addi             x15, x0, 100        x15=00000064
            73280000            1815 000004fc fee7d2e3 bge              x15, x14, -28       x15:00000064 x14:00000019
            73400000            1818 000004e0 ff040713 addi             x14, x8, -16        x14=00107fc0  x8:00107fd0
            73440000            1819 000004e4 ffc72783 lw               x15, -4(x14)        x15=00000019 x14:00107fc0  PA:00107fbc
            73520000            1821 000004e8 00178793 addi             x15, x15, 1         x15=0000001a x15:00000019
            73560000            1822 000004ec fef42623 sw               x15, -20(x8)        x15:0000001a  x8:00107fd0  PA:00107fbc
            73600000            1823 000004f0 ff040793 addi             x15, x8, -16        x15=00107fc0  x8:00107fd0
            73640000            1824 000004f4 ffc7a703 lw               x14, -4(x15)        x14=0000001a x15:00107fc0  PA:00107fbc
            73680000            1825 000004f8 06400793 addi             x15, x0, 100        x15=00000064
            73720000            1826 000004fc fee7d2e3 bge              x15, x14, -28       x15:00000064 x14:0000001a
            73840000            1829 000004e0 ff040713 addi             x14, x8, -16        x14=00107fc0  x8:00107fd0
            73880000            1830 000004e4 ffc72783 lw               x15, -4(x14)        x15=0000001a x14:00107fc0  PA:00107fbc
            73960000            1832 000004e8 00178793 addi             x15, x15, 1         x15=0000001b x15:0000001a
            74000000            1833 000004ec fef42623 sw               x15, -20(x8)        x15:0000001b  x8:00107fd0  PA:00107fbc
            74040000            1834 000004f0 ff040793 addi             x15, x8, -16        x15=00107fc0  x8:00107fd0
            74080000            1835 000004f4 ffc7a703 lw               x14, -4(x15)        x14=0000001b x15:00107fc0  PA:00107fbc
            74120000            1836 000004f8 06400793 addi             x15, x0, 100        x15=00000064
            74160000            1837 000004fc fee7d2e3 bge              x15, x14, -28       x15:00000064 x14:0000001b
            74280000            1840 000004e0 ff040713 addi             x14, x8, -16        x14=00107fc0  x8:00107fd0
            74320000            1841 000004e4 ffc72783 lw               x15, -4(x14)        x15=0000001b x14:00107fc0  PA:00107fbc
            74400000            1843 000004e8 00178793 addi             x15, x15, 1         x15=0000001c x15:0000001b
            74440000            1844 000004ec fef42623 sw               x15, -20(x8)        x15:0000001c  x8:00107fd0  PA:00107fbc
            74480000            1845 000004f0 ff040793 addi             x15, x8, -16        x15=00107fc0  x8:00107fd0
            74520000            1846 000004f4 ffc7a703 lw               x14, -4(x15)        x14=0000001c x15:00107fc0  PA:00107fbc
            74560000            1847 000004f8 06400793 addi             x15, x0, 100        x15=00000064
            74600000            1848 000004fc fee7d2e3 bge              x15, x14, -28       x15:00000064 x14:0000001c
            74720000            1851 000004e0 ff040713 addi             x14, x8, -16        x14=00107fc0  x8:00107fd0
            74760000            1852 000004e4 ffc72783 lw               x15, -4(x14)        x15=0000001c x14:00107fc0  PA:00107fbc
            74840000            1854 000004e8 00178793 addi             x15, x15, 1         x15=0000001d x15:0000001c
            74880000            1855 000004ec fef42623 sw               x15, -20(x8)        x15:0000001d  x8:00107fd0  PA:00107fbc
            74920000            1856 000004f0 ff040793 addi             x15, x8, -16        x15=00107fc0  x8:00107fd0
            74960000            1857 000004f4 ffc7a703 lw               x14, -4(x15)        x14=0000001d x15:00107fc0  PA:00107fbc
            75000000            1858 000004f8 06400793 addi             x15, x0, 100        x15=00000064
            75040000            1859 000004fc fee7d2e3 bge              x15, x14, -28       x15:00000064 x14:0000001d
            75160000            1862 000004e0 ff040713 addi             x14, x8, -16        x14=00107fc0  x8:00107fd0
            75200000            1863 000004e4 ffc72783 lw               x15, -4(x14)        x15=0000001d x14:00107fc0  PA:00107fbc
            75280000            1865 000004e8 00178793 addi             x15, x15, 1         x15=0000001e x15:0000001d
            75320000            1866 000004ec fef42623 sw               x15, -20(x8)        x15:0000001e  x8:00107fd0  PA:00107fbc
            75360000            1867 000004f0 ff040793 addi             x15, x8, -16        x15=00107fc0  x8:00107fd0
            75400000            1868 000004f4 ffc7a703 lw               x14, -4(x15)        x14=0000001e x15:00107fc0  PA:00107fbc
            75440000            1869 000004f8 06400793 addi             x15, x0, 100        x15=00000064
            75480000            1870 000004fc fee7d2e3 bge              x15, x14, -28       x15:00000064 x14:0000001e
            75600000            1873 000004e0 ff040713 addi             x14, x8, -16        x14=00107fc0  x8:00107fd0
            75640000            1874 000004e4 ffc72783 lw               x15, -4(x14)        x15=0000001e x14:00107fc0  PA:00107fbc
            75720000            1876 000004e8 00178793 addi             x15, x15, 1         x15=0000001f x15:0000001e
            75760000            1877 000004ec fef42623 sw               x15, -20(x8)        x15:0000001f  x8:00107fd0  PA:00107fbc
            75800000            1878 000004f0 ff040793 addi             x15, x8, -16        x15=00107fc0  x8:00107fd0
            75840000            1879 000004f4 ffc7a703 lw               x14, -4(x15)        x14=0000001f x15:00107fc0  PA:00107fbc
            75880000            1880 000004f8 06400793 addi             x15, x0, 100        x15=00000064
            75920000            1881 000004fc fee7d2e3 bge              x15, x14, -28       x15:00000064 x14:0000001f
            76040000            1884 000004e0 ff040713 addi             x14, x8, -16        x14=00107fc0  x8:00107fd0
            76080000            1885 000004e4 ffc72783 lw               x15, -4(x14)        x15=0000001f x14:00107fc0  PA:00107fbc
            76160000            1887 000004e8 00178793 addi             x15, x15, 1         x15=00000020 x15:0000001f
            76200000            1888 000004ec fef42623 sw               x15, -20(x8)        x15:00000020  x8:00107fd0  PA:00107fbc
            76240000            1889 000004f0 ff040793 addi             x15, x8, -16        x15=00107fc0  x8:00107fd0
            76280000            1890 000004f4 ffc7a703 lw               x14, -4(x15)        x14=00000020 x15:00107fc0  PA:00107fbc
            76320000            1891 000004f8 06400793 addi             x15, x0, 100        x15=00000064
            76360000            1892 000004fc fee7d2e3 bge              x15, x14, -28       x15:00000064 x14:00000020
            76480000            1895 000004e0 ff040713 addi             x14, x8, -16        x14=00107fc0  x8:00107fd0
            76520000            1896 000004e4 ffc72783 lw               x15, -4(x14)        x15=00000020 x14:00107fc0  PA:00107fbc
            76600000            1898 000004e8 00178793 addi             x15, x15, 1         x15=00000021 x15:00000020
            76640000            1899 000004ec fef42623 sw               x15, -20(x8)        x15:00000021  x8:00107fd0  PA:00107fbc
            76680000            1900 000004f0 ff040793 addi             x15, x8, -16        x15=00107fc0  x8:00107fd0
            76720000            1901 000004f4 ffc7a703 lw               x14, -4(x15)        x14=00000021 x15:00107fc0  PA:00107fbc
            76760000            1902 000004f8 06400793 addi             x15, x0, 100        x15=00000064
            76800000            1903 000004fc fee7d2e3 bge              x15, x14, -28       x15:00000064 x14:00000021
            76920000            1906 000004e0 ff040713 addi             x14, x8, -16        x14=00107fc0  x8:00107fd0
            76960000            1907 000004e4 ffc72783 lw               x15, -4(x14)        x15=00000021 x14:00107fc0  PA:00107fbc
            77040000            1909 000004e8 00178793 addi             x15, x15, 1         x15=00000022 x15:00000021
            77080000            1910 000004ec fef42623 sw               x15, -20(x8)        x15:00000022  x8:00107fd0  PA:00107fbc
            77120000            1911 000004f0 ff040793 addi             x15, x8, -16        x15=00107fc0  x8:00107fd0
            77160000            1912 000004f4 ffc7a703 lw               x14, -4(x15)        x14=00000022 x15:00107fc0  PA:00107fbc
            77200000            1913 000004f8 06400793 addi             x15, x0, 100        x15=00000064
            77240000            1914 000004fc fee7d2e3 bge              x15, x14, -28       x15:00000064 x14:00000022
            77360000            1917 000004e0 ff040713 addi             x14, x8, -16        x14=00107fc0  x8:00107fd0
            77400000            1918 000004e4 ffc72783 lw               x15, -4(x14)        x15=00000022 x14:00107fc0  PA:00107fbc
            77480000            1920 000004e8 00178793 addi             x15, x15, 1         x15=00000023 x15:00000022
            77520000            1921 000004ec fef42623 sw               x15, -20(x8)        x15:00000023  x8:00107fd0  PA:00107fbc
            77560000            1922 000004f0 ff040793 addi             x15, x8, -16        x15=00107fc0  x8:00107fd0
            77600000            1923 000004f4 ffc7a703 lw               x14, -4(x15)        x14=00000023 x15:00107fc0  PA:00107fbc
            77640000            1924 000004f8 06400793 addi             x15, x0, 100        x15=00000064
            77680000            1925 000004fc fee7d2e3 bge              x15, x14, -28       x15:00000064 x14:00000023
            77800000            1928 000004e0 ff040713 addi             x14, x8, -16        x14=00107fc0  x8:00107fd0
            77840000            1929 000004e4 ffc72783 lw               x15, -4(x14)        x15=00000023 x14:00107fc0  PA:00107fbc
            77920000            1931 000004e8 00178793 addi             x15, x15, 1         x15=00000024 x15:00000023
            77960000            1932 000004ec fef42623 sw               x15, -20(x8)        x15:00000024  x8:00107fd0  PA:00107fbc
            78000000            1933 000004f0 ff040793 addi             x15, x8, -16        x15=00107fc0  x8:00107fd0
            78040000            1934 000004f4 ffc7a703 lw               x14, -4(x15)        x14=00000024 x15:00107fc0  PA:00107fbc
            78080000            1935 000004f8 06400793 addi             x15, x0, 100        x15=00000064
            78120000            1936 000004fc fee7d2e3 bge              x15, x14, -28       x15:00000064 x14:00000024
            78240000            1939 000004e0 ff040713 addi             x14, x8, -16        x14=00107fc0  x8:00107fd0
            78280000            1940 000004e4 ffc72783 lw               x15, -4(x14)        x15=00000024 x14:00107fc0  PA:00107fbc
            78360000            1942 000004e8 00178793 addi             x15, x15, 1         x15=00000025 x15:00000024
            78400000            1943 000004ec fef42623 sw               x15, -20(x8)        x15:00000025  x8:00107fd0  PA:00107fbc
            78440000            1944 000004f0 ff040793 addi             x15, x8, -16        x15=00107fc0  x8:00107fd0
            78480000            1945 000004f4 ffc7a703 lw               x14, -4(x15)        x14=00000025 x15:00107fc0  PA:00107fbc
            78520000            1946 000004f8 06400793 addi             x15, x0, 100        x15=00000064
            78560000            1947 000004fc fee7d2e3 bge              x15, x14, -28       x15:00000064 x14:00000025
            78680000            1950 000004e0 ff040713 addi             x14, x8, -16        x14=00107fc0  x8:00107fd0
            78720000            1951 000004e4 ffc72783 lw               x15, -4(x14)        x15=00000025 x14:00107fc0  PA:00107fbc
            78800000            1953 000004e8 00178793 addi             x15, x15, 1         x15=00000026 x15:00000025
            78840000            1954 000004ec fef42623 sw               x15, -20(x8)        x15:00000026  x8:00107fd0  PA:00107fbc
            78880000            1955 000004f0 ff040793 addi             x15, x8, -16        x15=00107fc0  x8:00107fd0
            78920000            1956 000004f4 ffc7a703 lw               x14, -4(x15)        x14=00000026 x15:00107fc0  PA:00107fbc
            78960000            1957 000004f8 06400793 addi             x15, x0, 100        x15=00000064
            79000000            1958 000004fc fee7d2e3 bge              x15, x14, -28       x15:00000064 x14:00000026
            79120000            1961 000004e0 ff040713 addi             x14, x8, -16        x14=00107fc0  x8:00107fd0
            79160000            1962 000004e4 ffc72783 lw               x15, -4(x14)        x15=00000026 x14:00107fc0  PA:00107fbc
            79240000            1964 000004e8 00178793 addi             x15, x15, 1         x15=00000027 x15:00000026
            79280000            1965 000004ec fef42623 sw               x15, -20(x8)        x15:00000027  x8:00107fd0  PA:00107fbc
            79320000            1966 000004f0 ff040793 addi             x15, x8, -16        x15=00107fc0  x8:00107fd0
            79360000            1967 000004f4 ffc7a703 lw               x14, -4(x15)        x14=00000027 x15:00107fc0  PA:00107fbc
            79400000            1968 000004f8 06400793 addi             x15, x0, 100        x15=00000064
            79440000            1969 000004fc fee7d2e3 bge              x15, x14, -28       x15:00000064 x14:00000027
            79560000            1972 000004e0 ff040713 addi             x14, x8, -16        x14=00107fc0  x8:00107fd0
            79600000            1973 000004e4 ffc72783 lw               x15, -4(x14)        x15=00000027 x14:00107fc0  PA:00107fbc
            79680000            1975 000004e8 00178793 addi             x15, x15, 1         x15=00000028 x15:00000027
            79720000            1976 000004ec fef42623 sw               x15, -20(x8)        x15:00000028  x8:00107fd0  PA:00107fbc
            79760000            1977 000004f0 ff040793 addi             x15, x8, -16        x15=00107fc0  x8:00107fd0
            79800000            1978 000004f4 ffc7a703 lw               x14, -4(x15)        x14=00000028 x15:00107fc0  PA:00107fbc
            79840000            1979 000004f8 06400793 addi             x15, x0, 100        x15=00000064
            79880000            1980 000004fc fee7d2e3 bge              x15, x14, -28       x15:00000064 x14:00000028
            80000000            1983 000004e0 ff040713 addi             x14, x8, -16        x14=00107fc0  x8:00107fd0
            80040000            1984 000004e4 ffc72783 lw               x15, -4(x14)        x15=00000028 x14:00107fc0  PA:00107fbc
            80120000            1986 000004e8 00178793 addi             x15, x15, 1         x15=00000029 x15:00000028
            80160000            1987 000004ec fef42623 sw               x15, -20(x8)        x15:00000029  x8:00107fd0  PA:00107fbc
            80200000            1988 000004f0 ff040793 addi             x15, x8, -16        x15=00107fc0  x8:00107fd0
            80240000            1989 000004f4 ffc7a703 lw               x14, -4(x15)        x14=00000029 x15:00107fc0  PA:00107fbc
            80280000            1990 000004f8 06400793 addi             x15, x0, 100        x15=00000064
            80320000            1991 000004fc fee7d2e3 bge              x15, x14, -28       x15:00000064 x14:00000029
            80440000            1994 000004e0 ff040713 addi             x14, x8, -16        x14=00107fc0  x8:00107fd0
            80480000            1995 000004e4 ffc72783 lw               x15, -4(x14)        x15=00000029 x14:00107fc0  PA:00107fbc
            80560000            1997 000004e8 00178793 addi             x15, x15, 1         x15=0000002a x15:00000029
            80600000            1998 000004ec fef42623 sw               x15, -20(x8)        x15:0000002a  x8:00107fd0  PA:00107fbc
            80640000            1999 000004f0 ff040793 addi             x15, x8, -16        x15=00107fc0  x8:00107fd0
            80680000            2000 000004f4 ffc7a703 lw               x14, -4(x15)        x14=0000002a x15:00107fc0  PA:00107fbc
            80720000            2001 000004f8 06400793 addi             x15, x0, 100        x15=00000064
            80760000            2002 000004fc fee7d2e3 bge              x15, x14, -28       x15:00000064 x14:0000002a
            80880000            2005 000004e0 ff040713 addi             x14, x8, -16        x14=00107fc0  x8:00107fd0
            80920000            2006 000004e4 ffc72783 lw               x15, -4(x14)        x15=0000002a x14:00107fc0  PA:00107fbc
            81000000            2008 000004e8 00178793 addi             x15, x15, 1         x15=0000002b x15:0000002a
            81040000            2009 000004ec fef42623 sw               x15, -20(x8)        x15:0000002b  x8:00107fd0  PA:00107fbc
            81080000            2010 000004f0 ff040793 addi             x15, x8, -16        x15=00107fc0  x8:00107fd0
            81120000            2011 000004f4 ffc7a703 lw               x14, -4(x15)        x14=0000002b x15:00107fc0  PA:00107fbc
            81160000            2012 000004f8 06400793 addi             x15, x0, 100        x15=00000064
            81200000            2013 000004fc fee7d2e3 bge              x15, x14, -28       x15:00000064 x14:0000002b
            81320000            2016 000004e0 ff040713 addi             x14, x8, -16        x14=00107fc0  x8:00107fd0
            81360000            2017 000004e4 ffc72783 lw               x15, -4(x14)        x15=0000002b x14:00107fc0  PA:00107fbc
            81440000            2019 000004e8 00178793 addi             x15, x15, 1         x15=0000002c x15:0000002b
            81480000            2020 000004ec fef42623 sw               x15, -20(x8)        x15:0000002c  x8:00107fd0  PA:00107fbc
            81520000            2021 000004f0 ff040793 addi             x15, x8, -16        x15=00107fc0  x8:00107fd0
            81560000            2022 000004f4 ffc7a703 lw               x14, -4(x15)        x14=0000002c x15:00107fc0  PA:00107fbc
            81600000            2023 000004f8 06400793 addi             x15, x0, 100        x15=00000064
            81640000            2024 000004fc fee7d2e3 bge              x15, x14, -28       x15:00000064 x14:0000002c
            81760000            2027 000004e0 ff040713 addi             x14, x8, -16        x14=00107fc0  x8:00107fd0
            81800000            2028 000004e4 ffc72783 lw               x15, -4(x14)        x15=0000002c x14:00107fc0  PA:00107fbc
            81880000            2030 000004e8 00178793 addi             x15, x15, 1         x15=0000002d x15:0000002c
            81920000            2031 000004ec fef42623 sw               x15, -20(x8)        x15:0000002d  x8:00107fd0  PA:00107fbc
            81960000            2032 000004f0 ff040793 addi             x15, x8, -16        x15=00107fc0  x8:00107fd0
            82000000            2033 000004f4 ffc7a703 lw               x14, -4(x15)        x14=0000002d x15:00107fc0  PA:00107fbc
            82040000            2034 000004f8 06400793 addi             x15, x0, 100        x15=00000064
            82080000            2035 000004fc fee7d2e3 bge              x15, x14, -28       x15:00000064 x14:0000002d
            82200000            2038 000004e0 ff040713 addi             x14, x8, -16        x14=00107fc0  x8:00107fd0
            82240000            2039 000004e4 ffc72783 lw               x15, -4(x14)        x15=0000002d x14:00107fc0  PA:00107fbc
            82320000            2041 000004e8 00178793 addi             x15, x15, 1         x15=0000002e x15:0000002d
            82360000            2042 000004ec fef42623 sw               x15, -20(x8)        x15:0000002e  x8:00107fd0  PA:00107fbc
            82400000            2043 000004f0 ff040793 addi             x15, x8, -16        x15=00107fc0  x8:00107fd0
            82440000            2044 000004f4 ffc7a703 lw               x14, -4(x15)        x14=0000002e x15:00107fc0  PA:00107fbc
            82480000            2045 000004f8 06400793 addi             x15, x0, 100        x15=00000064
            82520000            2046 000004fc fee7d2e3 bge              x15, x14, -28       x15:00000064 x14:0000002e
            82640000            2049 000004e0 ff040713 addi             x14, x8, -16        x14=00107fc0  x8:00107fd0
            82680000            2050 000004e4 ffc72783 lw               x15, -4(x14)        x15=0000002e x14:00107fc0  PA:00107fbc
            82760000            2052 000004e8 00178793 addi             x15, x15, 1         x15=0000002f x15:0000002e
            82800000            2053 000004ec fef42623 sw               x15, -20(x8)        x15:0000002f  x8:00107fd0  PA:00107fbc
            82840000            2054 000004f0 ff040793 addi             x15, x8, -16        x15=00107fc0  x8:00107fd0
            82880000            2055 000004f4 ffc7a703 lw               x14, -4(x15)        x14=0000002f x15:00107fc0  PA:00107fbc
            82920000            2056 000004f8 06400793 addi             x15, x0, 100        x15=00000064
            82960000            2057 000004fc fee7d2e3 bge              x15, x14, -28       x15:00000064 x14:0000002f
            83080000            2060 000004e0 ff040713 addi             x14, x8, -16        x14=00107fc0  x8:00107fd0
            83120000            2061 000004e4 ffc72783 lw               x15, -4(x14)        x15=0000002f x14:00107fc0  PA:00107fbc
            83200000            2063 000004e8 00178793 addi             x15, x15, 1         x15=00000030 x15:0000002f
            83240000            2064 000004ec fef42623 sw               x15, -20(x8)        x15:00000030  x8:00107fd0  PA:00107fbc
            83280000            2065 000004f0 ff040793 addi             x15, x8, -16        x15=00107fc0  x8:00107fd0
            83320000            2066 000004f4 ffc7a703 lw               x14, -4(x15)        x14=00000030 x15:00107fc0  PA:00107fbc
            83360000            2067 000004f8 06400793 addi             x15, x0, 100        x15=00000064
            83400000            2068 000004fc fee7d2e3 bge              x15, x14, -28       x15:00000064 x14:00000030
            83520000            2071 000004e0 ff040713 addi             x14, x8, -16        x14=00107fc0  x8:00107fd0
            83560000            2072 000004e4 ffc72783 lw               x15, -4(x14)        x15=00000030 x14:00107fc0  PA:00107fbc
            83640000            2074 000004e8 00178793 addi             x15, x15, 1         x15=00000031 x15:00000030
            83680000            2075 000004ec fef42623 sw               x15, -20(x8)        x15:00000031  x8:00107fd0  PA:00107fbc
            83720000            2076 000004f0 ff040793 addi             x15, x8, -16        x15=00107fc0  x8:00107fd0
            83760000            2077 000004f4 ffc7a703 lw               x14, -4(x15)        x14=00000031 x15:00107fc0  PA:00107fbc
            83800000            2078 000004f8 06400793 addi             x15, x0, 100        x15=00000064
            83840000            2079 000004fc fee7d2e3 bge              x15, x14, -28       x15:00000064 x14:00000031
            83960000            2082 000004e0 ff040713 addi             x14, x8, -16        x14=00107fc0  x8:00107fd0
            84000000            2083 000004e4 ffc72783 lw               x15, -4(x14)        x15=00000031 x14:00107fc0  PA:00107fbc
            84080000            2085 000004e8 00178793 addi             x15, x15, 1         x15=00000032 x15:00000031
            84120000            2086 000004ec fef42623 sw               x15, -20(x8)        x15:00000032  x8:00107fd0  PA:00107fbc
            84160000            2087 000004f0 ff040793 addi             x15, x8, -16        x15=00107fc0  x8:00107fd0
            84200000            2088 000004f4 ffc7a703 lw               x14, -4(x15)        x14=00000032 x15:00107fc0  PA:00107fbc
            84240000            2089 000004f8 06400793 addi             x15, x0, 100        x15=00000064
            84280000            2090 000004fc fee7d2e3 bge              x15, x14, -28       x15:00000064 x14:00000032
            84400000            2093 000004e0 ff040713 addi             x14, x8, -16        x14=00107fc0  x8:00107fd0
            84440000            2094 000004e4 ffc72783 lw               x15, -4(x14)        x15=00000032 x14:00107fc0  PA:00107fbc
            84520000            2096 000004e8 00178793 addi             x15, x15, 1         x15=00000033 x15:00000032
            84560000            2097 000004ec fef42623 sw               x15, -20(x8)        x15:00000033  x8:00107fd0  PA:00107fbc
            84600000            2098 000004f0 ff040793 addi             x15, x8, -16        x15=00107fc0  x8:00107fd0
            84640000            2099 000004f4 ffc7a703 lw               x14, -4(x15)        x14=00000033 x15:00107fc0  PA:00107fbc
            84680000            2100 000004f8 06400793 addi             x15, x0, 100        x15=00000064
            84720000            2101 000004fc fee7d2e3 bge              x15, x14, -28       x15:00000064 x14:00000033
            84840000            2104 000004e0 ff040713 addi             x14, x8, -16        x14=00107fc0  x8:00107fd0
            84880000            2105 000004e4 ffc72783 lw               x15, -4(x14)        x15=00000033 x14:00107fc0  PA:00107fbc
            84960000            2107 000004e8 00178793 addi             x15, x15, 1         x15=00000034 x15:00000033
            85000000            2108 000004ec fef42623 sw               x15, -20(x8)        x15:00000034  x8:00107fd0  PA:00107fbc
            85040000            2109 000004f0 ff040793 addi             x15, x8, -16        x15=00107fc0  x8:00107fd0
            85080000            2110 000004f4 ffc7a703 lw               x14, -4(x15)        x14=00000034 x15:00107fc0  PA:00107fbc
            85120000            2111 000004f8 06400793 addi             x15, x0, 100        x15=00000064
            85160000            2112 000004fc fee7d2e3 bge              x15, x14, -28       x15:00000064 x14:00000034
            85280000            2115 000004e0 ff040713 addi             x14, x8, -16        x14=00107fc0  x8:00107fd0
            85320000            2116 000004e4 ffc72783 lw               x15, -4(x14)        x15=00000034 x14:00107fc0  PA:00107fbc
            85400000            2118 000004e8 00178793 addi             x15, x15, 1         x15=00000035 x15:00000034
            85440000            2119 000004ec fef42623 sw               x15, -20(x8)        x15:00000035  x8:00107fd0  PA:00107fbc
            85480000            2120 000004f0 ff040793 addi             x15, x8, -16        x15=00107fc0  x8:00107fd0
            85520000            2121 000004f4 ffc7a703 lw               x14, -4(x15)        x14=00000035 x15:00107fc0  PA:00107fbc
            85560000            2122 000004f8 06400793 addi             x15, x0, 100        x15=00000064
            85600000            2123 000004fc fee7d2e3 bge              x15, x14, -28       x15:00000064 x14:00000035
            85720000            2126 000004e0 ff040713 addi             x14, x8, -16        x14=00107fc0  x8:00107fd0
            85760000            2127 000004e4 ffc72783 lw               x15, -4(x14)        x15=00000035 x14:00107fc0  PA:00107fbc
            85840000            2129 000004e8 00178793 addi             x15, x15, 1         x15=00000036 x15:00000035
            85880000            2130 000004ec fef42623 sw               x15, -20(x8)        x15:00000036  x8:00107fd0  PA:00107fbc
            85920000            2131 000004f0 ff040793 addi             x15, x8, -16        x15=00107fc0  x8:00107fd0
            85960000            2132 000004f4 ffc7a703 lw               x14, -4(x15)        x14=00000036 x15:00107fc0  PA:00107fbc
            86000000            2133 000004f8 06400793 addi             x15, x0, 100        x15=00000064
            86040000            2134 000004fc fee7d2e3 bge              x15, x14, -28       x15:00000064 x14:00000036
            86160000            2137 000004e0 ff040713 addi             x14, x8, -16        x14=00107fc0  x8:00107fd0
            86200000            2138 000004e4 ffc72783 lw               x15, -4(x14)        x15=00000036 x14:00107fc0  PA:00107fbc
            86280000            2140 000004e8 00178793 addi             x15, x15, 1         x15=00000037 x15:00000036
            86320000            2141 000004ec fef42623 sw               x15, -20(x8)        x15:00000037  x8:00107fd0  PA:00107fbc
            86360000            2142 000004f0 ff040793 addi             x15, x8, -16        x15=00107fc0  x8:00107fd0
            86400000            2143 000004f4 ffc7a703 lw               x14, -4(x15)        x14=00000037 x15:00107fc0  PA:00107fbc
            86440000            2144 000004f8 06400793 addi             x15, x0, 100        x15=00000064
            86480000            2145 000004fc fee7d2e3 bge              x15, x14, -28       x15:00000064 x14:00000037
            86600000            2148 000004e0 ff040713 addi             x14, x8, -16        x14=00107fc0  x8:00107fd0
            86640000            2149 000004e4 ffc72783 lw               x15, -4(x14)        x15=00000037 x14:00107fc0  PA:00107fbc
            86720000            2151 000004e8 00178793 addi             x15, x15, 1         x15=00000038 x15:00000037
            86760000            2152 000004ec fef42623 sw               x15, -20(x8)        x15:00000038  x8:00107fd0  PA:00107fbc
            86800000            2153 000004f0 ff040793 addi             x15, x8, -16        x15=00107fc0  x8:00107fd0
            86840000            2154 000004f4 ffc7a703 lw               x14, -4(x15)        x14=00000038 x15:00107fc0  PA:00107fbc
            86880000            2155 000004f8 06400793 addi             x15, x0, 100        x15=00000064
            86920000            2156 000004fc fee7d2e3 bge              x15, x14, -28       x15:00000064 x14:00000038
            87040000            2159 000004e0 ff040713 addi             x14, x8, -16        x14=00107fc0  x8:00107fd0
            87080000            2160 000004e4 ffc72783 lw               x15, -4(x14)        x15=00000038 x14:00107fc0  PA:00107fbc
            87160000            2162 000004e8 00178793 addi             x15, x15, 1         x15=00000039 x15:00000038
            87200000            2163 000004ec fef42623 sw               x15, -20(x8)        x15:00000039  x8:00107fd0  PA:00107fbc
            87240000            2164 000004f0 ff040793 addi             x15, x8, -16        x15=00107fc0  x8:00107fd0
            87280000            2165 000004f4 ffc7a703 lw               x14, -4(x15)        x14=00000039 x15:00107fc0  PA:00107fbc
            87320000            2166 000004f8 06400793 addi             x15, x0, 100        x15=00000064
            87360000            2167 000004fc fee7d2e3 bge              x15, x14, -28       x15:00000064 x14:00000039
            87480000            2170 000004e0 ff040713 addi             x14, x8, -16        x14=00107fc0  x8:00107fd0
            87520000            2171 000004e4 ffc72783 lw               x15, -4(x14)        x15=00000039 x14:00107fc0  PA:00107fbc
            87600000            2173 000004e8 00178793 addi             x15, x15, 1         x15=0000003a x15:00000039
            87640000            2174 000004ec fef42623 sw               x15, -20(x8)        x15:0000003a  x8:00107fd0  PA:00107fbc
            87680000            2175 000004f0 ff040793 addi             x15, x8, -16        x15=00107fc0  x8:00107fd0
            87720000            2176 000004f4 ffc7a703 lw               x14, -4(x15)        x14=0000003a x15:00107fc0  PA:00107fbc
            87760000            2177 000004f8 06400793 addi             x15, x0, 100        x15=00000064
            87800000            2178 000004fc fee7d2e3 bge              x15, x14, -28       x15:00000064 x14:0000003a
            87920000            2181 000004e0 ff040713 addi             x14, x8, -16        x14=00107fc0  x8:00107fd0
            87960000            2182 000004e4 ffc72783 lw               x15, -4(x14)        x15=0000003a x14:00107fc0  PA:00107fbc
            88040000            2184 000004e8 00178793 addi             x15, x15, 1         x15=0000003b x15:0000003a
            88080000            2185 000004ec fef42623 sw               x15, -20(x8)        x15:0000003b  x8:00107fd0  PA:00107fbc
            88120000            2186 000004f0 ff040793 addi             x15, x8, -16        x15=00107fc0  x8:00107fd0
            88160000            2187 000004f4 ffc7a703 lw               x14, -4(x15)        x14=0000003b x15:00107fc0  PA:00107fbc
            88200000            2188 000004f8 06400793 addi             x15, x0, 100        x15=00000064
            88240000            2189 000004fc fee7d2e3 bge              x15, x14, -28       x15:00000064 x14:0000003b
            88360000            2192 000004e0 ff040713 addi             x14, x8, -16        x14=00107fc0  x8:00107fd0
            88400000            2193 000004e4 ffc72783 lw               x15, -4(x14)        x15=0000003b x14:00107fc0  PA:00107fbc
            88480000            2195 000004e8 00178793 addi             x15, x15, 1         x15=0000003c x15:0000003b
            88520000            2196 000004ec fef42623 sw               x15, -20(x8)        x15:0000003c  x8:00107fd0  PA:00107fbc
            88560000            2197 000004f0 ff040793 addi             x15, x8, -16        x15=00107fc0  x8:00107fd0
            88600000            2198 000004f4 ffc7a703 lw               x14, -4(x15)        x14=0000003c x15:00107fc0  PA:00107fbc
            88640000            2199 000004f8 06400793 addi             x15, x0, 100        x15=00000064
            88680000            2200 000004fc fee7d2e3 bge              x15, x14, -28       x15:00000064 x14:0000003c
            88800000            2203 000004e0 ff040713 addi             x14, x8, -16        x14=00107fc0  x8:00107fd0
            88840000            2204 000004e4 ffc72783 lw               x15, -4(x14)        x15=0000003c x14:00107fc0  PA:00107fbc
            88920000            2206 000004e8 00178793 addi             x15, x15, 1         x15=0000003d x15:0000003c
            88960000            2207 000004ec fef42623 sw               x15, -20(x8)        x15:0000003d  x8:00107fd0  PA:00107fbc
            89000000            2208 000004f0 ff040793 addi             x15, x8, -16        x15=00107fc0  x8:00107fd0
            89040000            2209 000004f4 ffc7a703 lw               x14, -4(x15)        x14=0000003d x15:00107fc0  PA:00107fbc
            89080000            2210 000004f8 06400793 addi             x15, x0, 100        x15=00000064
            89120000            2211 000004fc fee7d2e3 bge              x15, x14, -28       x15:00000064 x14:0000003d
            89240000            2214 000004e0 ff040713 addi             x14, x8, -16        x14=00107fc0  x8:00107fd0
            89280000            2215 000004e4 ffc72783 lw               x15, -4(x14)        x15=0000003d x14:00107fc0  PA:00107fbc
            89360000            2217 000004e8 00178793 addi             x15, x15, 1         x15=0000003e x15:0000003d
            89400000            2218 000004ec fef42623 sw               x15, -20(x8)        x15:0000003e  x8:00107fd0  PA:00107fbc
            89440000            2219 000004f0 ff040793 addi             x15, x8, -16        x15=00107fc0  x8:00107fd0
            89480000            2220 000004f4 ffc7a703 lw               x14, -4(x15)        x14=0000003e x15:00107fc0  PA:00107fbc
            89520000            2221 000004f8 06400793 addi             x15, x0, 100        x15=00000064
            89560000            2222 000004fc fee7d2e3 bge              x15, x14, -28       x15:00000064 x14:0000003e
            89680000            2225 000004e0 ff040713 addi             x14, x8, -16        x14=00107fc0  x8:00107fd0
            89720000            2226 000004e4 ffc72783 lw               x15, -4(x14)        x15=0000003e x14:00107fc0  PA:00107fbc
            89800000            2228 000004e8 00178793 addi             x15, x15, 1         x15=0000003f x15:0000003e
            89840000            2229 000004ec fef42623 sw               x15, -20(x8)        x15:0000003f  x8:00107fd0  PA:00107fbc
            89880000            2230 000004f0 ff040793 addi             x15, x8, -16        x15=00107fc0  x8:00107fd0
            89920000            2231 000004f4 ffc7a703 lw               x14, -4(x15)        x14=0000003f x15:00107fc0  PA:00107fbc
            89960000            2232 000004f8 06400793 addi             x15, x0, 100        x15=00000064
            90000000            2233 000004fc fee7d2e3 bge              x15, x14, -28       x15:00000064 x14:0000003f
            90120000            2236 000004e0 ff040713 addi             x14, x8, -16        x14=00107fc0  x8:00107fd0
            90160000            2237 000004e4 ffc72783 lw               x15, -4(x14)        x15=0000003f x14:00107fc0  PA:00107fbc
            90240000            2239 000004e8 00178793 addi             x15, x15, 1         x15=00000040 x15:0000003f
            90280000            2240 000004ec fef42623 sw               x15, -20(x8)        x15:00000040  x8:00107fd0  PA:00107fbc
            90320000            2241 000004f0 ff040793 addi             x15, x8, -16        x15=00107fc0  x8:00107fd0
            90360000            2242 000004f4 ffc7a703 lw               x14, -4(x15)        x14=00000040 x15:00107fc0  PA:00107fbc
            90400000            2243 000004f8 06400793 addi             x15, x0, 100        x15=00000064
            90440000            2244 000004fc fee7d2e3 bge              x15, x14, -28       x15:00000064 x14:00000040
            90560000            2247 000004e0 ff040713 addi             x14, x8, -16        x14=00107fc0  x8:00107fd0
            90600000            2248 000004e4 ffc72783 lw               x15, -4(x14)        x15=00000040 x14:00107fc0  PA:00107fbc
            90680000            2250 000004e8 00178793 addi             x15, x15, 1         x15=00000041 x15:00000040
            90720000            2251 000004ec fef42623 sw               x15, -20(x8)        x15:00000041  x8:00107fd0  PA:00107fbc
            90760000            2252 000004f0 ff040793 addi             x15, x8, -16        x15=00107fc0  x8:00107fd0
            90800000            2253 000004f4 ffc7a703 lw               x14, -4(x15)        x14=00000041 x15:00107fc0  PA:00107fbc
            90840000            2254 000004f8 06400793 addi             x15, x0, 100        x15=00000064
            90880000            2255 000004fc fee7d2e3 bge              x15, x14, -28       x15:00000064 x14:00000041
            91000000            2258 000004e0 ff040713 addi             x14, x8, -16        x14=00107fc0  x8:00107fd0
            91040000            2259 000004e4 ffc72783 lw               x15, -4(x14)        x15=00000041 x14:00107fc0  PA:00107fbc
            91120000            2261 000004e8 00178793 addi             x15, x15, 1         x15=00000042 x15:00000041
            91160000            2262 000004ec fef42623 sw               x15, -20(x8)        x15:00000042  x8:00107fd0  PA:00107fbc
            91200000            2263 000004f0 ff040793 addi             x15, x8, -16        x15=00107fc0  x8:00107fd0
            91240000            2264 000004f4 ffc7a703 lw               x14, -4(x15)        x14=00000042 x15:00107fc0  PA:00107fbc
            91280000            2265 000004f8 06400793 addi             x15, x0, 100        x15=00000064
            91320000            2266 000004fc fee7d2e3 bge              x15, x14, -28       x15:00000064 x14:00000042
            91440000            2269 000004e0 ff040713 addi             x14, x8, -16        x14=00107fc0  x8:00107fd0
            91480000            2270 000004e4 ffc72783 lw               x15, -4(x14)        x15=00000042 x14:00107fc0  PA:00107fbc
            91560000            2272 000004e8 00178793 addi             x15, x15, 1         x15=00000043 x15:00000042
            91600000            2273 000004ec fef42623 sw               x15, -20(x8)        x15:00000043  x8:00107fd0  PA:00107fbc
            91640000            2274 000004f0 ff040793 addi             x15, x8, -16        x15=00107fc0  x8:00107fd0
            91680000            2275 000004f4 ffc7a703 lw               x14, -4(x15)        x14=00000043 x15:00107fc0  PA:00107fbc
            91720000            2276 000004f8 06400793 addi             x15, x0, 100        x15=00000064
            91760000            2277 000004fc fee7d2e3 bge              x15, x14, -28       x15:00000064 x14:00000043
            91880000            2280 000004e0 ff040713 addi             x14, x8, -16        x14=00107fc0  x8:00107fd0
            91920000            2281 000004e4 ffc72783 lw               x15, -4(x14)        x15=00000043 x14:00107fc0  PA:00107fbc
            92000000            2283 000004e8 00178793 addi             x15, x15, 1         x15=00000044 x15:00000043
            92040000            2284 000004ec fef42623 sw               x15, -20(x8)        x15:00000044  x8:00107fd0  PA:00107fbc
            92080000            2285 000004f0 ff040793 addi             x15, x8, -16        x15=00107fc0  x8:00107fd0
            92120000            2286 000004f4 ffc7a703 lw               x14, -4(x15)        x14=00000044 x15:00107fc0  PA:00107fbc
            92160000            2287 000004f8 06400793 addi             x15, x0, 100        x15=00000064
            92200000            2288 000004fc fee7d2e3 bge              x15, x14, -28       x15:00000064 x14:00000044
            92320000            2291 000004e0 ff040713 addi             x14, x8, -16        x14=00107fc0  x8:00107fd0
            92360000            2292 000004e4 ffc72783 lw               x15, -4(x14)        x15=00000044 x14:00107fc0  PA:00107fbc
            92440000            2294 000004e8 00178793 addi             x15, x15, 1         x15=00000045 x15:00000044
            92480000            2295 000004ec fef42623 sw               x15, -20(x8)        x15:00000045  x8:00107fd0  PA:00107fbc
            92520000            2296 000004f0 ff040793 addi             x15, x8, -16        x15=00107fc0  x8:00107fd0
            92560000            2297 000004f4 ffc7a703 lw               x14, -4(x15)        x14=00000045 x15:00107fc0  PA:00107fbc
            92600000            2298 000004f8 06400793 addi             x15, x0, 100        x15=00000064
            92640000            2299 000004fc fee7d2e3 bge              x15, x14, -28       x15:00000064 x14:00000045
            92760000            2302 000004e0 ff040713 addi             x14, x8, -16        x14=00107fc0  x8:00107fd0
            92800000            2303 000004e4 ffc72783 lw               x15, -4(x14)        x15=00000045 x14:00107fc0  PA:00107fbc
            92880000            2305 000004e8 00178793 addi             x15, x15, 1         x15=00000046 x15:00000045
            92920000            2306 000004ec fef42623 sw               x15, -20(x8)        x15:00000046  x8:00107fd0  PA:00107fbc
            92960000            2307 000004f0 ff040793 addi             x15, x8, -16        x15=00107fc0  x8:00107fd0
            93000000            2308 000004f4 ffc7a703 lw               x14, -4(x15)        x14=00000046 x15:00107fc0  PA:00107fbc
            93040000            2309 000004f8 06400793 addi             x15, x0, 100        x15=00000064
            93080000            2310 000004fc fee7d2e3 bge              x15, x14, -28       x15:00000064 x14:00000046
            93200000            2313 000004e0 ff040713 addi             x14, x8, -16        x14=00107fc0  x8:00107fd0
            93240000            2314 000004e4 ffc72783 lw               x15, -4(x14)        x15=00000046 x14:00107fc0  PA:00107fbc
            93320000            2316 000004e8 00178793 addi             x15, x15, 1         x15=00000047 x15:00000046
            93360000            2317 000004ec fef42623 sw               x15, -20(x8)        x15:00000047  x8:00107fd0  PA:00107fbc
            93400000            2318 000004f0 ff040793 addi             x15, x8, -16        x15=00107fc0  x8:00107fd0
            93440000            2319 000004f4 ffc7a703 lw               x14, -4(x15)        x14=00000047 x15:00107fc0  PA:00107fbc
            93480000            2320 000004f8 06400793 addi             x15, x0, 100        x15=00000064
            93520000            2321 000004fc fee7d2e3 bge              x15, x14, -28       x15:00000064 x14:00000047
            93640000            2324 000004e0 ff040713 addi             x14, x8, -16        x14=00107fc0  x8:00107fd0
            93680000            2325 000004e4 ffc72783 lw               x15, -4(x14)        x15=00000047 x14:00107fc0  PA:00107fbc
            93760000            2327 000004e8 00178793 addi             x15, x15, 1         x15=00000048 x15:00000047
            93800000            2328 000004ec fef42623 sw               x15, -20(x8)        x15:00000048  x8:00107fd0  PA:00107fbc
            93840000            2329 000004f0 ff040793 addi             x15, x8, -16        x15=00107fc0  x8:00107fd0
            93880000            2330 000004f4 ffc7a703 lw               x14, -4(x15)        x14=00000048 x15:00107fc0  PA:00107fbc
            93920000            2331 000004f8 06400793 addi             x15, x0, 100        x15=00000064
            93960000            2332 000004fc fee7d2e3 bge              x15, x14, -28       x15:00000064 x14:00000048
            94080000            2335 000004e0 ff040713 addi             x14, x8, -16        x14=00107fc0  x8:00107fd0
            94120000            2336 000004e4 ffc72783 lw               x15, -4(x14)        x15=00000048 x14:00107fc0  PA:00107fbc
            94200000            2338 000004e8 00178793 addi             x15, x15, 1         x15=00000049 x15:00000048
            94240000            2339 000004ec fef42623 sw               x15, -20(x8)        x15:00000049  x8:00107fd0  PA:00107fbc
            94280000            2340 000004f0 ff040793 addi             x15, x8, -16        x15=00107fc0  x8:00107fd0
            94320000            2341 000004f4 ffc7a703 lw               x14, -4(x15)        x14=00000049 x15:00107fc0  PA:00107fbc
            94360000            2342 000004f8 06400793 addi             x15, x0, 100        x15=00000064
            94400000            2343 000004fc fee7d2e3 bge              x15, x14, -28       x15:00000064 x14:00000049
            94520000            2346 000004e0 ff040713 addi             x14, x8, -16        x14=00107fc0  x8:00107fd0
            94560000            2347 000004e4 ffc72783 lw               x15, -4(x14)        x15=00000049 x14:00107fc0  PA:00107fbc
            94640000            2349 000004e8 00178793 addi             x15, x15, 1         x15=0000004a x15:00000049
            94680000            2350 000004ec fef42623 sw               x15, -20(x8)        x15:0000004a  x8:00107fd0  PA:00107fbc
            94720000            2351 000004f0 ff040793 addi             x15, x8, -16        x15=00107fc0  x8:00107fd0
            94760000            2352 000004f4 ffc7a703 lw               x14, -4(x15)        x14=0000004a x15:00107fc0  PA:00107fbc
            94800000            2353 000004f8 06400793 addi             x15, x0, 100        x15=00000064
            94840000            2354 000004fc fee7d2e3 bge              x15, x14, -28       x15:00000064 x14:0000004a
            94960000            2357 000004e0 ff040713 addi             x14, x8, -16        x14=00107fc0  x8:00107fd0
            95000000            2358 000004e4 ffc72783 lw               x15, -4(x14)        x15=0000004a x14:00107fc0  PA:00107fbc
            95080000            2360 000004e8 00178793 addi             x15, x15, 1         x15=0000004b x15:0000004a
            95120000            2361 000004ec fef42623 sw               x15, -20(x8)        x15:0000004b  x8:00107fd0  PA:00107fbc
            95160000            2362 000004f0 ff040793 addi             x15, x8, -16        x15=00107fc0  x8:00107fd0
            95200000            2363 000004f4 ffc7a703 lw               x14, -4(x15)        x14=0000004b x15:00107fc0  PA:00107fbc
            95240000            2364 000004f8 06400793 addi             x15, x0, 100        x15=00000064
            95280000            2365 000004fc fee7d2e3 bge              x15, x14, -28       x15:00000064 x14:0000004b
            95400000            2368 000004e0 ff040713 addi             x14, x8, -16        x14=00107fc0  x8:00107fd0
            95440000            2369 000004e4 ffc72783 lw               x15, -4(x14)        x15=0000004b x14:00107fc0  PA:00107fbc
            95520000            2371 000004e8 00178793 addi             x15, x15, 1         x15=0000004c x15:0000004b
            95560000            2372 000004ec fef42623 sw               x15, -20(x8)        x15:0000004c  x8:00107fd0  PA:00107fbc
            95600000            2373 000004f0 ff040793 addi             x15, x8, -16        x15=00107fc0  x8:00107fd0
            95640000            2374 000004f4 ffc7a703 lw               x14, -4(x15)        x14=0000004c x15:00107fc0  PA:00107fbc
            95680000            2375 000004f8 06400793 addi             x15, x0, 100        x15=00000064
            95720000            2376 000004fc fee7d2e3 bge              x15, x14, -28       x15:00000064 x14:0000004c
            95840000            2379 000004e0 ff040713 addi             x14, x8, -16        x14=00107fc0  x8:00107fd0
            95880000            2380 000004e4 ffc72783 lw               x15, -4(x14)        x15=0000004c x14:00107fc0  PA:00107fbc
            95960000            2382 000004e8 00178793 addi             x15, x15, 1         x15=0000004d x15:0000004c
            96000000            2383 000004ec fef42623 sw               x15, -20(x8)        x15:0000004d  x8:00107fd0  PA:00107fbc
            96040000            2384 000004f0 ff040793 addi             x15, x8, -16        x15=00107fc0  x8:00107fd0
            96080000            2385 000004f4 ffc7a703 lw               x14, -4(x15)        x14=0000004d x15:00107fc0  PA:00107fbc
            96120000            2386 000004f8 06400793 addi             x15, x0, 100        x15=00000064
            96160000            2387 000004fc fee7d2e3 bge              x15, x14, -28       x15:00000064 x14:0000004d
            96280000            2390 000004e0 ff040713 addi             x14, x8, -16        x14=00107fc0  x8:00107fd0
            96320000            2391 000004e4 ffc72783 lw               x15, -4(x14)        x15=0000004d x14:00107fc0  PA:00107fbc
            96400000            2393 000004e8 00178793 addi             x15, x15, 1         x15=0000004e x15:0000004d
            96440000            2394 000004ec fef42623 sw               x15, -20(x8)        x15:0000004e  x8:00107fd0  PA:00107fbc
            96480000            2395 000004f0 ff040793 addi             x15, x8, -16        x15=00107fc0  x8:00107fd0
            96520000            2396 000004f4 ffc7a703 lw               x14, -4(x15)        x14=0000004e x15:00107fc0  PA:00107fbc
            96560000            2397 000004f8 06400793 addi             x15, x0, 100        x15=00000064
            96600000            2398 000004fc fee7d2e3 bge              x15, x14, -28       x15:00000064 x14:0000004e
            96720000            2401 000004e0 ff040713 addi             x14, x8, -16        x14=00107fc0  x8:00107fd0
            96760000            2402 000004e4 ffc72783 lw               x15, -4(x14)        x15=0000004e x14:00107fc0  PA:00107fbc
            96840000            2404 000004e8 00178793 addi             x15, x15, 1         x15=0000004f x15:0000004e
            96880000            2405 000004ec fef42623 sw               x15, -20(x8)        x15:0000004f  x8:00107fd0  PA:00107fbc
            96920000            2406 000004f0 ff040793 addi             x15, x8, -16        x15=00107fc0  x8:00107fd0
            96960000            2407 000004f4 ffc7a703 lw               x14, -4(x15)        x14=0000004f x15:00107fc0  PA:00107fbc
            97000000            2408 000004f8 06400793 addi             x15, x0, 100        x15=00000064
            97040000            2409 000004fc fee7d2e3 bge              x15, x14, -28       x15:00000064 x14:0000004f
            97160000            2412 000004e0 ff040713 addi             x14, x8, -16        x14=00107fc0  x8:00107fd0
            97200000            2413 000004e4 ffc72783 lw               x15, -4(x14)        x15=0000004f x14:00107fc0  PA:00107fbc
            97280000            2415 000004e8 00178793 addi             x15, x15, 1         x15=00000050 x15:0000004f
            97320000            2416 000004ec fef42623 sw               x15, -20(x8)        x15:00000050  x8:00107fd0  PA:00107fbc
            97360000            2417 000004f0 ff040793 addi             x15, x8, -16        x15=00107fc0  x8:00107fd0
            97400000            2418 000004f4 ffc7a703 lw               x14, -4(x15)        x14=00000050 x15:00107fc0  PA:00107fbc
            97440000            2419 000004f8 06400793 addi             x15, x0, 100        x15=00000064
            97480000            2420 000004fc fee7d2e3 bge              x15, x14, -28       x15:00000064 x14:00000050
            97600000            2423 000004e0 ff040713 addi             x14, x8, -16        x14=00107fc0  x8:00107fd0
            97640000            2424 000004e4 ffc72783 lw               x15, -4(x14)        x15=00000050 x14:00107fc0  PA:00107fbc
            97720000            2426 000004e8 00178793 addi             x15, x15, 1         x15=00000051 x15:00000050
            97760000            2427 000004ec fef42623 sw               x15, -20(x8)        x15:00000051  x8:00107fd0  PA:00107fbc
            97800000            2428 000004f0 ff040793 addi             x15, x8, -16        x15=00107fc0  x8:00107fd0
            97840000            2429 000004f4 ffc7a703 lw               x14, -4(x15)        x14=00000051 x15:00107fc0  PA:00107fbc
            97880000            2430 000004f8 06400793 addi             x15, x0, 100        x15=00000064
            97920000            2431 000004fc fee7d2e3 bge              x15, x14, -28       x15:00000064 x14:00000051
            98040000            2434 000004e0 ff040713 addi             x14, x8, -16        x14=00107fc0  x8:00107fd0
            98080000            2435 000004e4 ffc72783 lw               x15, -4(x14)        x15=00000051 x14:00107fc0  PA:00107fbc
            98160000            2437 000004e8 00178793 addi             x15, x15, 1         x15=00000052 x15:00000051
            98200000            2438 000004ec fef42623 sw               x15, -20(x8)        x15:00000052  x8:00107fd0  PA:00107fbc
            98240000            2439 000004f0 ff040793 addi             x15, x8, -16        x15=00107fc0  x8:00107fd0
            98280000            2440 000004f4 ffc7a703 lw               x14, -4(x15)        x14=00000052 x15:00107fc0  PA:00107fbc
            98320000            2441 000004f8 06400793 addi             x15, x0, 100        x15=00000064
            98360000            2442 000004fc fee7d2e3 bge              x15, x14, -28       x15:00000064 x14:00000052
            98480000            2445 000004e0 ff040713 addi             x14, x8, -16        x14=00107fc0  x8:00107fd0
            98520000            2446 000004e4 ffc72783 lw               x15, -4(x14)        x15=00000052 x14:00107fc0  PA:00107fbc
            98600000            2448 000004e8 00178793 addi             x15, x15, 1         x15=00000053 x15:00000052
            98640000            2449 000004ec fef42623 sw               x15, -20(x8)        x15:00000053  x8:00107fd0  PA:00107fbc
            98680000            2450 000004f0 ff040793 addi             x15, x8, -16        x15=00107fc0  x8:00107fd0
            98720000            2451 000004f4 ffc7a703 lw               x14, -4(x15)        x14=00000053 x15:00107fc0  PA:00107fbc
            98760000            2452 000004f8 06400793 addi             x15, x0, 100        x15=00000064
            98800000            2453 000004fc fee7d2e3 bge              x15, x14, -28       x15:00000064 x14:00000053
            98920000            2456 000004e0 ff040713 addi             x14, x8, -16        x14=00107fc0  x8:00107fd0
            98960000            2457 000004e4 ffc72783 lw               x15, -4(x14)        x15=00000053 x14:00107fc0  PA:00107fbc
            99040000            2459 000004e8 00178793 addi             x15, x15, 1         x15=00000054 x15:00000053
            99080000            2460 000004ec fef42623 sw               x15, -20(x8)        x15:00000054  x8:00107fd0  PA:00107fbc
            99120000            2461 000004f0 ff040793 addi             x15, x8, -16        x15=00107fc0  x8:00107fd0
            99160000            2462 000004f4 ffc7a703 lw               x14, -4(x15)        x14=00000054 x15:00107fc0  PA:00107fbc
            99200000            2463 000004f8 06400793 addi             x15, x0, 100        x15=00000064
            99240000            2464 000004fc fee7d2e3 bge              x15, x14, -28       x15:00000064 x14:00000054
            99360000            2467 000004e0 ff040713 addi             x14, x8, -16        x14=00107fc0  x8:00107fd0
            99400000            2468 000004e4 ffc72783 lw               x15, -4(x14)        x15=00000054 x14:00107fc0  PA:00107fbc
            99480000            2470 000004e8 00178793 addi             x15, x15, 1         x15=00000055 x15:00000054
            99520000            2471 000004ec fef42623 sw               x15, -20(x8)        x15:00000055  x8:00107fd0  PA:00107fbc
            99560000            2472 000004f0 ff040793 addi             x15, x8, -16        x15=00107fc0  x8:00107fd0
            99600000            2473 000004f4 ffc7a703 lw               x14, -4(x15)        x14=00000055 x15:00107fc0  PA:00107fbc
            99640000            2474 000004f8 06400793 addi             x15, x0, 100        x15=00000064
            99680000            2475 000004fc fee7d2e3 bge              x15, x14, -28       x15:00000064 x14:00000055
            99800000            2478 000004e0 ff040713 addi             x14, x8, -16        x14=00107fc0  x8:00107fd0
            99840000            2479 000004e4 ffc72783 lw               x15, -4(x14)        x15=00000055 x14:00107fc0  PA:00107fbc
            99920000            2481 000004e8 00178793 addi             x15, x15, 1         x15=00000056 x15:00000055
            99960000            2482 000004ec fef42623 sw               x15, -20(x8)        x15:00000056  x8:00107fd0  PA:00107fbc
           100000000            2483 000004f0 ff040793 addi             x15, x8, -16        x15=00107fc0  x8:00107fd0
           100040000            2484 000004f4 ffc7a703 lw               x14, -4(x15)        x14=00000056 x15:00107fc0  PA:00107fbc
           100080000            2485 000004f8 06400793 addi             x15, x0, 100        x15=00000064
           100120000            2486 000004fc fee7d2e3 bge              x15, x14, -28       x15:00000064 x14:00000056
           100240000            2489 000004e0 ff040713 addi             x14, x8, -16        x14=00107fc0  x8:00107fd0
           100280000            2490 000004e4 ffc72783 lw               x15, -4(x14)        x15=00000056 x14:00107fc0  PA:00107fbc
           100360000            2492 000004e8 00178793 addi             x15, x15, 1         x15=00000057 x15:00000056
           100400000            2493 000004ec fef42623 sw               x15, -20(x8)        x15:00000057  x8:00107fd0  PA:00107fbc
           100440000            2494 000004f0 ff040793 addi             x15, x8, -16        x15=00107fc0  x8:00107fd0
           100480000            2495 000004f4 ffc7a703 lw               x14, -4(x15)        x14=00000057 x15:00107fc0  PA:00107fbc
           100520000            2496 000004f8 06400793 addi             x15, x0, 100        x15=00000064
           100560000            2497 000004fc fee7d2e3 bge              x15, x14, -28       x15:00000064 x14:00000057
           100680000            2500 000004e0 ff040713 addi             x14, x8, -16        x14=00107fc0  x8:00107fd0
           100720000            2501 000004e4 ffc72783 lw               x15, -4(x14)        x15=00000057 x14:00107fc0  PA:00107fbc
           100800000            2503 000004e8 00178793 addi             x15, x15, 1         x15=00000058 x15:00000057
           100840000            2504 000004ec fef42623 sw               x15, -20(x8)        x15:00000058  x8:00107fd0  PA:00107fbc
           100880000            2505 000004f0 ff040793 addi             x15, x8, -16        x15=00107fc0  x8:00107fd0
           100920000            2506 000004f4 ffc7a703 lw               x14, -4(x15)        x14=00000058 x15:00107fc0  PA:00107fbc
           100960000            2507 000004f8 06400793 addi             x15, x0, 100        x15=00000064
           101000000            2508 000004fc fee7d2e3 bge              x15, x14, -28       x15:00000064 x14:00000058
           101120000            2511 000004e0 ff040713 addi             x14, x8, -16        x14=00107fc0  x8:00107fd0
           101160000            2512 000004e4 ffc72783 lw               x15, -4(x14)        x15=00000058 x14:00107fc0  PA:00107fbc
           101240000            2514 000004e8 00178793 addi             x15, x15, 1         x15=00000059 x15:00000058
           101280000            2515 000004ec fef42623 sw               x15, -20(x8)        x15:00000059  x8:00107fd0  PA:00107fbc
           101320000            2516 000004f0 ff040793 addi             x15, x8, -16        x15=00107fc0  x8:00107fd0
           101360000            2517 000004f4 ffc7a703 lw               x14, -4(x15)        x14=00000059 x15:00107fc0  PA:00107fbc
           101400000            2518 000004f8 06400793 addi             x15, x0, 100        x15=00000064
           101440000            2519 000004fc fee7d2e3 bge              x15, x14, -28       x15:00000064 x14:00000059
           101560000            2522 000004e0 ff040713 addi             x14, x8, -16        x14=00107fc0  x8:00107fd0
           101600000            2523 000004e4 ffc72783 lw               x15, -4(x14)        x15=00000059 x14:00107fc0  PA:00107fbc
           101680000            2525 000004e8 00178793 addi             x15, x15, 1         x15=0000005a x15:00000059
           101720000            2526 000004ec fef42623 sw               x15, -20(x8)        x15:0000005a  x8:00107fd0  PA:00107fbc
           101760000            2527 000004f0 ff040793 addi             x15, x8, -16        x15=00107fc0  x8:00107fd0
           101800000            2528 000004f4 ffc7a703 lw               x14, -4(x15)        x14=0000005a x15:00107fc0  PA:00107fbc
           101840000            2529 000004f8 06400793 addi             x15, x0, 100        x15=00000064
           101880000            2530 000004fc fee7d2e3 bge              x15, x14, -28       x15:00000064 x14:0000005a
           102000000            2533 000004e0 ff040713 addi             x14, x8, -16        x14=00107fc0  x8:00107fd0
           102040000            2534 000004e4 ffc72783 lw               x15, -4(x14)        x15=0000005a x14:00107fc0  PA:00107fbc
           102120000            2536 000004e8 00178793 addi             x15, x15, 1         x15=0000005b x15:0000005a
           102160000            2537 000004ec fef42623 sw               x15, -20(x8)        x15:0000005b  x8:00107fd0  PA:00107fbc
           102200000            2538 000004f0 ff040793 addi             x15, x8, -16        x15=00107fc0  x8:00107fd0
           102240000            2539 000004f4 ffc7a703 lw               x14, -4(x15)        x14=0000005b x15:00107fc0  PA:00107fbc
           102280000            2540 000004f8 06400793 addi             x15, x0, 100        x15=00000064
           102320000            2541 000004fc fee7d2e3 bge              x15, x14, -28       x15:00000064 x14:0000005b
           102440000            2544 000004e0 ff040713 addi             x14, x8, -16        x14=00107fc0  x8:00107fd0
           102480000            2545 000004e4 ffc72783 lw               x15, -4(x14)        x15=0000005b x14:00107fc0  PA:00107fbc
           102560000            2547 000004e8 00178793 addi             x15, x15, 1         x15=0000005c x15:0000005b
           102600000            2548 000004ec fef42623 sw               x15, -20(x8)        x15:0000005c  x8:00107fd0  PA:00107fbc
           102640000            2549 000004f0 ff040793 addi             x15, x8, -16        x15=00107fc0  x8:00107fd0
           102680000            2550 000004f4 ffc7a703 lw               x14, -4(x15)        x14=0000005c x15:00107fc0  PA:00107fbc
           102720000            2551 000004f8 06400793 addi             x15, x0, 100        x15=00000064
           102760000            2552 000004fc fee7d2e3 bge              x15, x14, -28       x15:00000064 x14:0000005c
           102880000            2555 000004e0 ff040713 addi             x14, x8, -16        x14=00107fc0  x8:00107fd0
           102920000            2556 000004e4 ffc72783 lw               x15, -4(x14)        x15=0000005c x14:00107fc0  PA:00107fbc
           103000000            2558 000004e8 00178793 addi             x15, x15, 1         x15=0000005d x15:0000005c
           103040000            2559 000004ec fef42623 sw               x15, -20(x8)        x15:0000005d  x8:00107fd0  PA:00107fbc
           103080000            2560 000004f0 ff040793 addi             x15, x8, -16        x15=00107fc0  x8:00107fd0
           103120000            2561 000004f4 ffc7a703 lw               x14, -4(x15)        x14=0000005d x15:00107fc0  PA:00107fbc
           103160000            2562 000004f8 06400793 addi             x15, x0, 100        x15=00000064
           103200000            2563 000004fc fee7d2e3 bge              x15, x14, -28       x15:00000064 x14:0000005d
           103320000            2566 000004e0 ff040713 addi             x14, x8, -16        x14=00107fc0  x8:00107fd0
           103360000            2567 000004e4 ffc72783 lw               x15, -4(x14)        x15=0000005d x14:00107fc0  PA:00107fbc
           103440000            2569 000004e8 00178793 addi             x15, x15, 1         x15=0000005e x15:0000005d
           103480000            2570 000004ec fef42623 sw               x15, -20(x8)        x15:0000005e  x8:00107fd0  PA:00107fbc
           103520000            2571 000004f0 ff040793 addi             x15, x8, -16        x15=00107fc0  x8:00107fd0
           103560000            2572 000004f4 ffc7a703 lw               x14, -4(x15)        x14=0000005e x15:00107fc0  PA:00107fbc
           103600000            2573 000004f8 06400793 addi             x15, x0, 100        x15=00000064
           103640000            2574 000004fc fee7d2e3 bge              x15, x14, -28       x15:00000064 x14:0000005e
           103760000            2577 000004e0 ff040713 addi             x14, x8, -16        x14=00107fc0  x8:00107fd0
           103800000            2578 000004e4 ffc72783 lw               x15, -4(x14)        x15=0000005e x14:00107fc0  PA:00107fbc
           103880000            2580 000004e8 00178793 addi             x15, x15, 1         x15=0000005f x15:0000005e
           103920000            2581 000004ec fef42623 sw               x15, -20(x8)        x15:0000005f  x8:00107fd0  PA:00107fbc
           103960000            2582 000004f0 ff040793 addi             x15, x8, -16        x15=00107fc0  x8:00107fd0
           104000000            2583 000004f4 ffc7a703 lw               x14, -4(x15)        x14=0000005f x15:00107fc0  PA:00107fbc
           104040000            2584 000004f8 06400793 addi             x15, x0, 100        x15=00000064
           104080000            2585 000004fc fee7d2e3 bge              x15, x14, -28       x15:00000064 x14:0000005f
           104200000            2588 000004e0 ff040713 addi             x14, x8, -16        x14=00107fc0  x8:00107fd0
           104240000            2589 000004e4 ffc72783 lw               x15, -4(x14)        x15=0000005f x14:00107fc0  PA:00107fbc
           104320000            2591 000004e8 00178793 addi             x15, x15, 1         x15=00000060 x15:0000005f
           104360000            2592 000004ec fef42623 sw               x15, -20(x8)        x15:00000060  x8:00107fd0  PA:00107fbc
           104400000            2593 000004f0 ff040793 addi             x15, x8, -16        x15=00107fc0  x8:00107fd0
           104440000            2594 000004f4 ffc7a703 lw               x14, -4(x15)        x14=00000060 x15:00107fc0  PA:00107fbc
           104480000            2595 000004f8 06400793 addi             x15, x0, 100        x15=00000064
           104520000            2596 000004fc fee7d2e3 bge              x15, x14, -28       x15:00000064 x14:00000060
           104640000            2599 000004e0 ff040713 addi             x14, x8, -16        x14=00107fc0  x8:00107fd0
           104680000            2600 000004e4 ffc72783 lw               x15, -4(x14)        x15=00000060 x14:00107fc0  PA:00107fbc
           104760000            2602 000004e8 00178793 addi             x15, x15, 1         x15=00000061 x15:00000060
           104800000            2603 000004ec fef42623 sw               x15, -20(x8)        x15:00000061  x8:00107fd0  PA:00107fbc
           104840000            2604 000004f0 ff040793 addi             x15, x8, -16        x15=00107fc0  x8:00107fd0
           104880000            2605 000004f4 ffc7a703 lw               x14, -4(x15)        x14=00000061 x15:00107fc0  PA:00107fbc
           104920000            2606 000004f8 06400793 addi             x15, x0, 100        x15=00000064
           104960000            2607 000004fc fee7d2e3 bge              x15, x14, -28       x15:00000064 x14:00000061
           105080000            2610 000004e0 ff040713 addi             x14, x8, -16        x14=00107fc0  x8:00107fd0
           105120000            2611 000004e4 ffc72783 lw               x15, -4(x14)        x15=00000061 x14:00107fc0  PA:00107fbc
           105200000            2613 000004e8 00178793 addi             x15, x15, 1         x15=00000062 x15:00000061
           105240000            2614 000004ec fef42623 sw               x15, -20(x8)        x15:00000062  x8:00107fd0  PA:00107fbc
           105280000            2615 000004f0 ff040793 addi             x15, x8, -16        x15=00107fc0  x8:00107fd0
           105320000            2616 000004f4 ffc7a703 lw               x14, -4(x15)        x14=00000062 x15:00107fc0  PA:00107fbc
           105360000            2617 000004f8 06400793 addi             x15, x0, 100        x15=00000064
           105400000            2618 000004fc fee7d2e3 bge              x15, x14, -28       x15:00000064 x14:00000062
           105520000            2621 000004e0 ff040713 addi             x14, x8, -16        x14=00107fc0  x8:00107fd0
           105560000            2622 000004e4 ffc72783 lw               x15, -4(x14)        x15=00000062 x14:00107fc0  PA:00107fbc
           105640000            2624 000004e8 00178793 addi             x15, x15, 1         x15=00000063 x15:00000062
           105680000            2625 000004ec fef42623 sw               x15, -20(x8)        x15:00000063  x8:00107fd0  PA:00107fbc
           105720000            2626 000004f0 ff040793 addi             x15, x8, -16        x15=00107fc0  x8:00107fd0
           105760000            2627 000004f4 ffc7a703 lw               x14, -4(x15)        x14=00000063 x15:00107fc0  PA:00107fbc
           105800000            2628 000004f8 06400793 addi             x15, x0, 100        x15=00000064
           105840000            2629 000004fc fee7d2e3 bge              x15, x14, -28       x15:00000064 x14:00000063
           105960000            2632 000004e0 ff040713 addi             x14, x8, -16        x14=00107fc0  x8:00107fd0
           106000000            2633 000004e4 ffc72783 lw               x15, -4(x14)        x15=00000063 x14:00107fc0  PA:00107fbc
           106080000            2635 000004e8 00178793 addi             x15, x15, 1         x15=00000064 x15:00000063
           106120000            2636 000004ec fef42623 sw               x15, -20(x8)        x15:00000064  x8:00107fd0  PA:00107fbc
           106160000            2637 000004f0 ff040793 addi             x15, x8, -16        x15=00107fc0  x8:00107fd0
           106200000            2638 000004f4 ffc7a703 lw               x14, -4(x15)        x14=00000064 x15:00107fc0  PA:00107fbc
           106240000            2639 000004f8 06400793 addi             x15, x0, 100        x15=00000064
           106280000            2640 000004fc fee7d2e3 bge              x15, x14, -28       x15:00000064 x14:00000064
           106400000            2643 000004e0 ff040713 addi             x14, x8, -16        x14=00107fc0  x8:00107fd0
           106440000            2644 000004e4 ffc72783 lw               x15, -4(x14)        x15=00000064 x14:00107fc0  PA:00107fbc
           106520000            2646 000004e8 00178793 addi             x15, x15, 1         x15=00000065 x15:00000064
           106560000            2647 000004ec fef42623 sw               x15, -20(x8)        x15:00000065  x8:00107fd0  PA:00107fbc
           106600000            2648 000004f0 ff040793 addi             x15, x8, -16        x15=00107fc0  x8:00107fd0
           106640000            2649 000004f4 ffc7a703 lw               x14, -4(x15)        x14=00000065 x15:00107fc0  PA:00107fbc
           106680000            2650 000004f8 06400793 addi             x15, x0, 100        x15=00000064
           106720000            2651 000004fc fee7d2e3 bge              x15, x14, -28       x15:00000064 x14:00000065
           106760000            2652 00000500 1a1087b7 lui              x15, 0x1a108000     x15=1a108000
           106800000            2653 00000504 00c78793 addi             x15, x15, 12        x15=1a10800c x15:1a108000
           106840000            2654 00000508 0007a783 lw               x15, 0(x15)         x15=41040000 x15:1a10800c  PA:1a10800c
           107080000            2660 0000050c 00078513 addi             x10, x15, 0         x10=41040000 x15:41040000
           107120000            2661 00000510 01c12403 lw               x8, 28(x2)           x8=00108000  x2:00107fb0  PA:00107fcc
           107160000            2662 00000514 02010113 addi             x2, x2, 32           x2=00107fd0  x2:00107fb0
           107200000            2663 00000518 00008067 jalr             x0, x1, 0            x1:00000578
           107280000            2665 00000578 fea42023 sw               x10, -32(x8)        x10:41040000  x8:00108000  PA:00107fe0
           107320000            2666 0000057c ff040793 addi             x15, x8, -16        x15=00107ff0  x8:00108000
           107360000            2667 00000580 ff07a583 lw               x11, -16(x15)       x11=41040000 x15:00107ff0  PA:00107fe0
           107400000            2668 00000584 001007b7 lui              x15, 0x100000       x15=00100000
           107440000            2669 00000588 00078513 addi             x10, x15, 0         x10=00100000 x15:00100000
           107480000            2670 0000058c 050010ef jal              x1, 4176             x1=00000590
           107560000            2672 000015dc fb010113 addi             x2, x2, -80          x2=00107f80  x2:00107fd0
           107600000            2673 000015e0 02112623 sw               x1, 44(x2)           x1:00000590  x2:00107f80  PA:00107fac
           107640000            2674 000015e4 02812423 sw               x8, 40(x2)           x8:00108000  x2:00107f80  PA:00107fa8
           107680000            2675 000015e8 03010413 addi             x8, x2, 48           x8=00107fb0  x2:00107f80
           107720000            2676 000015ec fca42e23 sw               x10, -36(x8)        x10:00100000  x8:00107fb0  PA:00107f8c
           107760000            2677 000015f0 00b42223 sw               x11, 4(x8)          x11:41040000  x8:00107fb0  PA:00107fb4
           107800000            2678 000015f4 00c42423 sw               x12, 8(x8)          x12:00107fd4  x8:00107fb0  PA:00107fb8
           107840000            2679 000015f8 00d42623 sw               x13, 12(x8)         x13:00107fc0  x8:00107fb0  PA:00107fbc
           107880000            2680 000015fc 00e42823 sw               x14, 16(x8)         x14:00000065  x8:00107fb0  PA:00107fc0
           107920000            2681 00001600 00f42a23 sw               x15, 20(x8)         x15:00100000  x8:00107fb0  PA:00107fc4
           107960000            2682 00001604 01042c23 sw               x16, 24(x8)         x16:00000000  x8:00107fb0  PA:00107fc8
           108000000            2683 00001608 01142e23 sw               x17, 28(x8)         x17:00000000  x8:00107fb0  PA:00107fcc
           108040000            2684 0000160c 02040793 addi             x15, x8, 32         x15=00107fd0  x8:00107fb0
           108080000            2685 00001610 fe478793 addi             x15, x15, -28       x15=00107fb4 x15:00107fd0
           108120000            2686 00001614 fef42423 sw               x15, -24(x8)        x15:00107fb4  x8:00107fb0  PA:00107f98
           108160000            2687 00001618 ff040713 addi             x14, x8, -16        x14=00107fa0  x8:00107fb0
           108200000            2688 0000161c ff872783 lw               x15, -8(x14)        x15=00107fb4 x14:00107fa0  PA:00107f98
           108280000            2690 00001620 00078613 addi             x12, x15, 0         x12=00107fb4 x15:00107fb4
           108320000            2691 00001624 ff040793 addi             x15, x8, -16        x15=00107fa0  x8:00107fb0
           108360000            2692 00001628 fec7a583 lw               x11, -20(x15)       x11=00100000 x15:00107fa0  PA:00107f8c
           108400000            2693 0000162c 00000513 addi             x10, x0, 0          x10=00000000
           108440000            2694 00001630 bd5ff0ef jal              x1, -1068            x1=00001634
           108520000            2696 00001204 fc010113 addi             x2, x2, -64          x2=00107f40  x2:00107f80
           108560000            2697 00001208 02112e23 sw               x1, 60(x2)           x1:00001634  x2:00107f40  PA:00107f7c
           108600000            2698 0000120c 02812c23 sw               x8, 56(x2)           x8:00107fb0  x2:00107f40  PA:00107f78
           108640000            2699 00001210 02912a23 sw               x9, 52(x2)           x9:00000000  x2:00107f40  PA:00107f74
           108680000            2700 00001214 03212823 sw               x18, 48(x2)         x18:00000000  x2:00107f40  PA:00107f70
           108720000            2701 00001218 03312623 sw               x19, 44(x2)         x19:00000000  x2:00107f40  PA:00107f6c
           108760000            2702 0000121c 04010413 addi             x8, x2, 64           x8=00107f80  x2:00107f40
           108800000            2703 00001220 fca42623 sw               x10, -52(x8)        x10:00000000  x8:00107f80  PA:00107f4c
           108840000            2704 00001224 fcb42423 sw               x11, -56(x8)        x11:00100000  x8:00107f80  PA:00107f48
           108880000            2705 00001228 fcc42223 sw               x12, -60(x8)        x12:00107fb4  x8:00107f80  PA:00107f44
           108920000            2706 0000122c 00000493 addi             x9, x0, 0            x9=00000000
           108960000            2707 00001230 3540006f jal              x0, 852            
           109040000            2709 00001584 fe040713 addi             x14, x8, -32        x14=00107f60  x8:00107f80
           109080000            2710 00001588 fe872783 lw               x15, -24(x14)       x15=00100000 x14:00107f60  PA:00107f48
           109160000            2712 0000158c 0007c783 lbu              x15, 0(x15)         x15=00000025 x15:00100000  PA:00100000
           109240000            2714 00001590 ca0792e3 bne              x15, x0, -860       x15:00000025
           109360000            2717 00001234 fe040713 addi             x14, x8, -32        x14=00107f60  x8:00107f80
           109400000            2718 00001238 fe872783 lw               x15, -24(x14)       x15=00100000 x14:00107f60  PA:00107f48
           109480000            2720 0000123c 0007c703 lbu              x14, 0(x15)         x14=00000025 x15:00100000  PA:00100000
           109520000            2721 00001240 02500793 addi             x15, x0, 37         x15=00000025
           109560000            2722 00001244 30f71863 bne              x14, x15, 784       x14:00000025 x15:00000025
           109600000            2723 00001248 fe040893 addi             x17, x8, -32        x17=00107f60  x8:00107f80
           109640000            2724 0000124c fe88a783 lw               x15, -24(x17)       x15=00100000 x17:00107f60  PA:00107f48
           109720000            2726 00001250 00178793 addi             x15, x15, 1         x15=00100001 x15:00100000
           109760000            2727 00001254 fcf42423 sw               x15, -56(x8)        x15:00100001  x8:00107f80  PA:00107f48
           109800000            2728 00001258 00000993 addi             x19, x0, 0          x19=00000000
           109840000            2729 0000125c 00098913 addi             x18, x19, 0         x18=00000000 x19:00000000
           109880000            2730 00001260 fe040713 addi             x14, x8, -32        x14=00107f60  x8:00107f80
           109920000            2731 00001264 fe872783 lw               x15, -24(x14)       x15=00100001 x14:00107f60  PA:00107f48
           110000000            2733 00001268 0007c783 lbu              x15, 0(x15)         x15=0000006c x15:00100001  PA:00100001
           110080000            2735 0000126c 32078663 beq              x15, x0, 812        x15:0000006c
           110120000            2736 00001270 fe040893 addi             x17, x8, -32        x17=00107f60  x8:00107f80
           110160000            2737 00001274 fe88a783 lw               x15, -24(x17)       x15=00100001 x17:00107f60  PA:00107f48
           110240000            2739 00001278 0007c703 lbu              x14, 0(x15)         x14=0000006c x15:00100001  PA:00100001
           110280000            2740 0000127c 02500793 addi             x15, x0, 37         x15=00000025
           110320000            2741 00001280 2cf70863 beq              x14, x15, 720       x14:0000006c x15:00000025
           110360000            2742 00001284 fe040713 addi             x14, x8, -32        x14=00107f60  x8:00107f80
           110400000            2743 00001288 fe872783 lw               x15, -24(x14)       x15=00100001 x14:00107f60  PA:00107f48
           110480000            2745 0000128c 0007c703 lbu              x14, 0(x15)         x14=0000006c x15:00100001  PA:00100001
           110520000            2746 00001290 02d00793 addi             x15, x0, 45         x15=0000002d
           110560000            2747 00001294 02f71863 bne              x14, x15, 48        x14:0000006c x15:0000002d
           110680000            2750 000012c4 fe040893 addi             x17, x8, -32        x17=00107f60  x8:00107f80
           110720000            2751 000012c8 fe88a783 lw               x15, -24(x17)       x15=00100001 x17:00107f60  PA:00107f48
           110800000            2753 000012cc 0007c703 lbu              x14, 0(x15)         x14=0000006c x15:00100001  PA:00100001
           110840000            2754 000012d0 03000793 addi             x15, x0, 48         x15=00000030
           110880000            2755 000012d4 fcf70ee3 beq              x14, x15, -36       x14:0000006c x15:00000030
           110920000            2756 000012d8 0380006f jal              x0, 56             
           111000000            2758 00001310 fe040713 addi             x14, x8, -32        x14=00107f60  x8:00107f80
           111040000            2759 00001314 fe872783 lw               x15, -24(x14)       x15=00100001 x14:00107f60  PA:00107f48
           111120000            2761 00001318 0007c703 lbu              x14, 0(x15)         x14=0000006c x15:00100001  PA:00100001
           111160000            2762 0000131c 02f00793 addi             x15, x0, 47         x15=0000002f
           111200000            2763 00001320 00e7fc63 bgeu             x15, x14, 24        x15:0000002f x14:0000006c
           111240000            2764 00001324 fe040893 addi             x17, x8, -32        x17=00107f60  x8:00107f80
           111280000            2765 00001328 fe88a783 lw               x15, -24(x17)       x15=00100001 x17:00107f60  PA:00107f48
           111360000            2767 0000132c 0007c703 lbu              x14, 0(x15)         x14=0000006c x15:00100001  PA:00100001
           111400000            2768 00001330 03900793 addi             x15, x0, 57         x15=00000039
           111440000            2769 00001334 fae7f4e3 bgeu             x15, x14, -88       x15:00000039 x14:0000006c
           111480000            2770 00001338 fe040713 addi             x14, x8, -32        x14=00107f60  x8:00107f80
           111520000            2771 0000133c fe872783 lw               x15, -24(x14)       x15=00100001 x14:00107f60  PA:00107f48
           111600000            2773 00001340 0007c703 lbu              x14, 0(x15)         x14=0000006c x15:00100001  PA:00100001
           111640000            2774 00001344 07300793 addi             x15, x0, 115        x15=00000073
           111680000            2775 00001348 04f71863 bne              x14, x15, 80        x14:0000006c x15:00000073
           111800000            2778 00001398 fe040893 addi             x17, x8, -32        x17=00107f60  x8:00107f80
           111840000            2779 0000139c fe88a783 lw               x15, -24(x17)       x15=00100001 x17:00107f60  PA:00107f48
           111920000            2781 000013a0 0007c703 lbu              x14, 0(x15)         x14=0000006c x15:00100001  PA:00100001
           111960000            2782 000013a4 06400793 addi             x15, x0, 100        x15=00000064
           112000000            2783 000013a8 04f71263 bne              x14, x15, 68        x14:0000006c x15:00000064
           112120000            2786 000013ec fe040713 addi             x14, x8, -32        x14=00107f60  x8:00107f80
           112160000            2787 000013f0 fe872783 lw               x15, -24(x14)       x15=00100001 x14:00107f60  PA:00107f48
           112240000            2789 000013f4 0007c703 lbu              x14, 0(x15)         x14=0000006c x15:00100001  PA:00100001
           112280000            2790 000013f8 07500793 addi             x15, x0, 117        x15=00000075
           112320000            2791 000013fc 04f71463 bne              x14, x15, 72        x14:0000006c x15:00000075
           112440000            2794 00001444 fe040713 addi             x14, x8, -32        x14=00107f60  x8:00107f80
           112480000            2795 00001448 fe872783 lw               x15, -24(x14)       x15=00100001 x14:00107f60  PA:00107f48
           112560000            2797 0000144c 0007c703 lbu              x14, 0(x15)         x14=0000006c x15:00100001  PA:00100001
           112600000            2798 00001450 07800793 addi             x15, x0, 120        x15=00000078
           112640000            2799 00001454 04f71463 bne              x14, x15, 72        x14:0000006c x15:00000078
           112760000            2802 0000149c fe040713 addi             x14, x8, -32        x14=00107f60  x8:00107f80
           112800000            2803 000014a0 fe872783 lw               x15, -24(x14)       x15=00100001 x14:00107f60  PA:00107f48
           112880000            2805 000014a4 0007c703 lbu              x14, 0(x15)         x14=0000006c x15:00100001  PA:00100001
           112920000            2806 000014a8 05800793 addi             x15, x0, 88         x15=00000058
           112960000            2807 000014ac 04f71463 bne              x14, x15, 72        x14:0000006c x15:00000058
           113080000            2810 000014f4 fe040713 addi             x14, x8, -32        x14=00107f60  x8:00107f80
           113120000            2811 000014f8 fe872783 lw               x15, -24(x14)       x15=00100001 x14:00107f60  PA:00107f48
           113200000            2813 000014fc 0007c703 lbu              x14, 0(x15)         x14=0000006c x15:00100001  PA:00100001
           113240000            2814 00001500 06300793 addi             x15, x0, 99         x15=00000063
           113280000            2815 00001504 06f71863 bne              x14, x15, 112       x14:0000006c x15:00000063
           113400000            2818 00001574 fe040893 addi             x17, x8, -32        x17=00107f60  x8:00107f80
           113440000            2819 00001578 fe88a783 lw               x15, -24(x17)       x15=00100001 x17:00107f60  PA:00107f48
           113520000            2821 0000157c 00178793 addi             x15, x15, 1         x15=00100002 x15:00100001
           113560000            2822 00001580 fcf42423 sw               x15, -56(x8)        x15:00100002  x8:00107f80  PA:00107f48
           113600000            2823 00001584 fe040713 addi             x14, x8, -32        x14=00107f60  x8:00107f80
           113640000            2824 00001588 fe872783 lw               x15, -24(x14)       x15=00100002 x14:00107f60  PA:00107f48
           113720000            2826 0000158c 0007c783 lbu              x15, 0(x15)         x15=00000075 x15:00100002  PA:00100002
           113800000            2828 00001590 ca0792e3 bne              x15, x0, -860       x15:00000075
           113920000            2831 00001234 fe040713 addi             x14, x8, -32        x14=00107f60  x8:00107f80
           113960000            2832 00001238 fe872783 lw               x15, -24(x14)       x15=00100002 x14:00107f60  PA:00107f48
           114040000            2834 0000123c 0007c703 lbu              x14, 0(x15)         x14=00000075 x15:00100002  PA:00100002
           114080000            2835 00001240 02500793 addi             x15, x0, 37         x15=00000025
           114120000            2836 00001244 30f71863 bne              x14, x15, 784       x14:00000075 x15:00000025
           114240000            2839 00001554 fe040893 addi             x17, x8, -32        x17=00107f60  x8:00107f80
           114280000            2840 00001558 fe88a783 lw               x15, -24(x17)       x15=00100002 x17:00107f60  PA:00107f48
           114360000            2842 0000155c 0007c783 lbu              x15, 0(x15)         x15=00000075 x15:00100002  PA:00100002
           114440000            2844 00001560 00078593 addi             x11, x15, 0         x11=00000075 x15:00000075
           114480000            2845 00001564 fe040713 addi             x14, x8, -32        x14=00107f60  x8:00107f80
           114520000            2846 00001568 fec72503 lw               x10, -20(x14)       x10=00000000 x14:00107f60  PA:00107f4c
           114560000            2847 0000156c 855ff0ef jal              x1, -1964            x1=00001570
           114640000            2849 00000dc0 fe010113 addi             x2, x2, -32          x2=00107f20  x2:00107f40
           114680000            2850 00000dc4 00112e23 sw               x1, 28(x2)           x1:00001570  x2:00107f20  PA:00107f3c
           114720000            2851 00000dc8 00812c23 sw               x8, 24(x2)           x8:00107f80  x2:00107f20  PA:00107f38
           114760000            2852 00000dcc 02010413 addi             x8, x2, 32           x8=00107f40  x2:00107f20
           114800000            2853 00000dd0 fea42623 sw               x10, -20(x8)        x10:00000000  x8:00107f40  PA:00107f2c
           114840000            2854 00000dd4 feb42423 sw               x11, -24(x8)        x11:00000075  x8:00107f40  PA:00107f28
           114880000            2855 00000dd8 ff040693 addi             x13, x8, -16        x13=00107f30  x8:00107f40
           114920000            2856 00000ddc ffc6a783 lw               x15, -4(x13)        x15=00000000 x13:00107f30  PA:00107f2c
           115000000            2858 00000de0 04078063 beq              x15, x0, 64         x15:00000000
           115120000            2861 00000e20 ff040713 addi             x14, x8, -16        x14=00107f30  x8:00107f40
           115160000            2862 00000e24 ff872783 lw               x15, -8(x14)        x15=00000075 x14:00107f30  PA:00107f28
           115240000            2864 00000e28 ee87b7b3 p.bclr           x15, x15, 23, 8     x15=00000075 x15:00000075
           115280000            2865 00000e2c 00078513 addi             x10, x15, 0         x10=00000075 x15:00000075
           115320000            2866 00000e30 f4dff0ef jal              x1, -180             x1=00000e34
           115400000            2868 00000d7c fe010113 addi             x2, x2, -32          x2=00107f00  x2:00107f20
           115440000            2869 00000d80 00112e23 sw               x1, 28(x2)           x1:00000e34  x2:00107f00  PA:00107f1c
           115480000            2870 00000d84 00812c23 sw               x8, 24(x2)           x8:00107f40  x2:00107f00  PA:00107f18
           115520000            2871 00000d88 02010413 addi             x8, x2, 32           x8=00107f20  x2:00107f00
           115560000            2872 00000d8c fea42623 sw               x10, -20(x8)        x10:00000075  x8:00107f20  PA:00107f0c
           115600000            2873 00000d90 ff040713 addi             x14, x8, -16        x14=00107f10  x8:00107f20
           115640000            2874 00000d94 ffc72783 lw               x15, -4(x14)        x15=00000075 x14:00107f10  PA:00107f0c
           115720000            2876 00000d98 0ff7f793 andi             x15, x15, 255       x15=00000075 x15:00000075
           115760000            2877 00000d9c 00078513 addi             x10, x15, 0         x10=00000075 x15:00000075
           115800000            2878 00000da0 38d000ef jal              x1, 2956             x1=00000da4
           115880000            2880 0000192c fe010113 addi             x2, x2, -32          x2=00107ee0  x2:00107f00
           115920000            2881 00001930 00812e23 sw               x8, 28(x2)           x8:00107f20  x2:00107ee0  PA:00107efc
           115960000            2882 00001934 02010413 addi             x8, x2, 32           x8=00107f00  x2:00107ee0
           116000000            2883 00001938 00050793 addi             x15, x10, 0         x15=00000075 x10:00000075
           116040000            2884 0000193c fef407a3 sb               x15, -17(x8)        x15:00000075  x8:00107f00  PA:00107eef
           116080000            2885 00001940 00000013 nop                                 
           116120000            2886 00001944 1a1007b7 lui              x15, 0x1a100000     x15=1a100000
           116160000            2887 00001948 01478793 addi             x15, x15, 20        x15=1a100014 x15:1a100000
           116200000            2888 0000194c 0007a783 lw               x15, 0(x15)         x15=00000060 x15:1a100014  PA:1a100014
           116440000            2894 00001950 0207f793 andi             x15, x15, 32        x15=00000020 x15:00000060
           116480000            2895 00001954 fe0788e3 beq              x15, x0, -16        x15:00000020
           116520000            2896 00001958 1a1007b7 lui              x15, 0x1a100000     x15=1a100000
           116560000            2897 0000195c fef44703 lbu              x14, -17(x8)        x14=00000075  x8:00107f00  PA:00107eef
           116640000            2899 00001960 00e7a023 sw               x14, 0(x15)         x14:00000075 x15:1a100000  PA:1a100000
           116680000            2900 00001964 00000013 nop                                 
           116920000            2906 00001968 01c12403 lw               x8, 28(x2)           x8=00107f20  x2:00107ee0  PA:00107efc
           116960000            2907 0000196c 02010113 addi             x2, x2, 32           x2=00107f00  x2:00107ee0
           117000000            2908 00001970 00008067 jalr             x0, x1, 0            x1:00000da4
           117080000            2910 00000da4 ff040713 addi             x14, x8, -16        x14=00107f10  x8:00107f20
           117120000            2911 00000da8 ffc72783 lw               x15, -4(x14)        x15=00000075 x14:00107f10  PA:00107f0c
           117200000            2913 00000dac 00078513 addi             x10, x15, 0         x10=00000075 x15:00000075
           117240000            2914 00000db0 01c12083 lw               x1, 28(x2)           x1=00000e34  x2:00107f00  PA:00107f1c
           117280000            2915 00000db4 01812403 lw               x8, 24(x2)           x8=00107f40  x2:00107f00  PA:00107f18
           117320000            2916 00000db8 02010113 addi             x2, x2, 32           x2=00107f20  x2:00107f00
           117360000            2917 00000dbc 00008067 jalr             x0, x1, 0            x1:00000e34
           117440000            2919 00000e34 00000013 nop                                 
           117480000            2920 00000e38 01c12083 lw               x1, 28(x2)           x1=00001570  x2:00107f20  PA:00107f3c
           117520000            2921 00000e3c 01812403 lw               x8, 24(x2)           x8=00107f80  x2:00107f20  PA:00107f38
           117560000            2922 00000e40 02010113 addi             x2, x2, 32           x2=00107f40  x2:00107f20
           117600000            2923 00000e44 00008067 jalr             x0, x1, 0            x1:00001570
           117680000            2925 00001570 00148493 addi             x9, x9, 1            x9=00000001  x9:00000000
           117720000            2926 00001574 fe040893 addi             x17, x8, -32        x17=00107f60  x8:00107f80
           117760000            2927 00001578 fe88a783 lw               x15, -24(x17)       x15=00100002 x17:00107f60  PA:00107f48
           117840000            2929 0000157c 00178793 addi             x15, x15, 1         x15=00100003 x15:00100002
           117880000            2930 00001580 fcf42423 sw               x15, -56(x8)        x15:00100003  x8:00107f80  PA:00107f48
           117920000            2931 00001584 fe040713 addi             x14, x8, -32        x14=00107f60  x8:00107f80
           117960000            2932 00001588 fe872783 lw               x15, -24(x14)       x15=00100003 x14:00107f60  PA:00107f48
           118040000            2934 0000158c 0007c783 lbu              x15, 0(x15)         x15=00000000 x15:00100003  PA:00100003
           118120000            2936 00001590 ca0792e3 bne              x15, x0, -860       x15:00000000
           118160000            2937 00001594 0080006f jal              x0, 8              
           118240000            2939 0000159c fe040893 addi             x17, x8, -32        x17=00107f60  x8:00107f80
           118280000            2940 000015a0 fec8a783 lw               x15, -20(x17)       x15=00000000 x17:00107f60  PA:00107f4c
           118360000            2942 000015a4 00078a63 beq              x15, x0, 20         x15:00000000
           118480000            2945 000015b8 00048793 addi             x15, x9, 0          x15=00000001  x9:00000001
           118520000            2946 000015bc 00078513 addi             x10, x15, 0         x10=00000001 x15:00000001
           118560000            2947 000015c0 03c12083 lw               x1, 60(x2)           x1=00001634  x2:00107f40  PA:00107f7c
           118600000            2948 000015c4 03812403 lw               x8, 56(x2)           x8=00107fb0  x2:00107f40  PA:00107f78
           118640000            2949 000015c8 03412483 lw               x9, 52(x2)           x9=00000000  x2:00107f40  PA:00107f74
           118680000            2950 000015cc 03012903 lw               x18, 48(x2)         x18=00000000  x2:00107f40  PA:00107f70
           118720000            2951 000015d0 02c12983 lw               x19, 44(x2)         x19=00000000  x2:00107f40  PA:00107f6c
           118760000            2952 000015d4 04010113 addi             x2, x2, 64           x2=00107f80  x2:00107f40
           118800000            2953 000015d8 00008067 jalr             x0, x1, 0            x1:00001634
           118880000            2955 00001634 fea42623 sw               x10, -20(x8)        x10:00000001  x8:00107fb0  PA:00107f9c
           118920000            2956 00001638 ff040713 addi             x14, x8, -16        x14=00107fa0  x8:00107fb0
           118960000            2957 0000163c ffc72783 lw               x15, -4(x14)        x15=00000001 x14:00107fa0  PA:00107f9c
           119040000            2959 00001640 00078513 addi             x10, x15, 0         x10=00000001 x15:00000001
           119080000            2960 00001644 02c12083 lw               x1, 44(x2)           x1=00000590  x2:00107f80  PA:00107fac
           119120000            2961 00001648 02812403 lw               x8, 40(x2)           x8=00108000  x2:00107f80  PA:00107fa8
           119160000            2962 0000164c 05010113 addi             x2, x2, 80           x2=00107fd0  x2:00107f80
           119200000            2963 00001650 00008067 jalr             x0, x1, 0            x1:00000590
           119280000            2965 00000590 00000793 addi             x15, x0, 0          x15=00000000
           119320000            2966 00000594 00078513 addi             x10, x15, 0         x10=00000000 x15:00000000
           119360000            2967 00000598 02c12083 lw               x1, 44(x2)           x1=00000150  x2:00107fd0  PA:00107ffc
           119400000            2968 0000059c 02812403 lw               x8, 40(x2)           x8=00000000  x2:00107fd0  PA:00107ff8
           119440000            2969 000005a0 03010113 addi             x2, x2, 48           x2=00108000  x2:00107fd0
           119480000            2970 000005a4 00008067 jalr             x0, x1, 0            x1:00000150
           119560000            2972 00000150 00050413 addi             x8, x10, 0           x8=00000000 x10:00000000
           119600000            2973 00000154 021010ef jal              x1, 6176             x1=00000158
           119680000            2975 00001974 ff010113 addi             x2, x2, -16          x2=00107ff0  x2:00108000
           119720000            2976 00001978 00812623 sw               x8, 12(x2)           x8:00000000  x2:00107ff0  PA:00107ffc
           119760000            2977 0000197c 01010413 addi             x8, x2, 16           x8=00108000  x2:00107ff0
           119800000            2978 00001980 00000013 nop                                 
           119840000            2979 00001984 1a1007b7 lui              x15, 0x1a100000     x15=1a100000
           119880000            2980 00001988 01478793 addi             x15, x15, 20        x15=1a100014 x15:1a100000
           119920000            2981 0000198c 0007a783 lw               x15, 0(x15)         x15=00000020 x15:1a100014  PA:1a100014
           120160000            2987 00001990 0407f793 andi             x15, x15, 64        x15=00000000 x15:00000020
           120200000            2988 00001994 fe0788e3 beq              x15, x0, -16        x15:00000000
           120320000            2991 00001984 1a1007b7 lui              x15, 0x1a100000     x15=1a100000
           120360000            2992 00001988 01478793 addi             x15, x15, 20        x15=1a100014 x15:1a100000
           120400000            2993 0000198c 0007a783 lw               x15, 0(x15)         x15=00000020 x15:1a100014  PA:1a100014
           120640000            2999 00001990 0407f793 andi             x15, x15, 64        x15=00000000 x15:00000020
           120680000            3000 00001994 fe0788e3 beq              x15, x0, -16        x15:00000000
           120800000            3003 00001984 1a1007b7 lui              x15, 0x1a100000     x15=1a100000
           120840000            3004 00001988 01478793 addi             x15, x15, 20        x15=1a100014 x15:1a100000
           120880000            3005 0000198c 0007a783 lw               x15, 0(x15)         x15=00000020 x15:1a100014  PA:1a100014
           121120000            3011 00001990 0407f793 andi             x15, x15, 64        x15=00000000 x15:00000020
           121160000            3012 00001994 fe0788e3 beq              x15, x0, -16        x15:00000000
           121280000            3015 00001984 1a1007b7 lui              x15, 0x1a100000     x15=1a100000
           121320000            3016 00001988 01478793 addi             x15, x15, 20        x15=1a100014 x15:1a100000
           121360000            3017 0000198c 0007a783 lw               x15, 0(x15)         x15=00000020 x15:1a100014  PA:1a100014
           121600000            3023 00001990 0407f793 andi             x15, x15, 64        x15=00000000 x15:00000020
           121640000            3024 00001994 fe0788e3 beq              x15, x0, -16        x15:00000000
           121760000            3027 00001984 1a1007b7 lui              x15, 0x1a100000     x15=1a100000
           121800000            3028 00001988 01478793 addi             x15, x15, 20        x15=1a100014 x15:1a100000
           121840000            3029 0000198c 0007a783 lw               x15, 0(x15)         x15=00000020 x15:1a100014  PA:1a100014
           122080000            3035 00001990 0407f793 andi             x15, x15, 64        x15=00000000 x15:00000020
           122120000            3036 00001994 fe0788e3 beq              x15, x0, -16        x15:00000000
           122240000            3039 00001984 1a1007b7 lui              x15, 0x1a100000     x15=1a100000
           122280000            3040 00001988 01478793 addi             x15, x15, 20        x15=1a100014 x15:1a100000
           122320000            3041 0000198c 0007a783 lw               x15, 0(x15)         x15=00000020 x15:1a100014  PA:1a100014
           122560000            3047 00001990 0407f793 andi             x15, x15, 64        x15=00000000 x15:00000020
           122600000            3048 00001994 fe0788e3 beq              x15, x0, -16        x15:00000000
           122720000            3051 00001984 1a1007b7 lui              x15, 0x1a100000     x15=1a100000
           122760000            3052 00001988 01478793 addi             x15, x15, 20        x15=1a100014 x15:1a100000
           122800000            3053 0000198c 0007a783 lw               x15, 0(x15)         x15=00000020 x15:1a100014  PA:1a100014
           123040000            3059 00001990 0407f793 andi             x15, x15, 64        x15=00000000 x15:00000020
           123080000            3060 00001994 fe0788e3 beq              x15, x0, -16        x15:00000000
           123200000            3063 00001984 1a1007b7 lui              x15, 0x1a100000     x15=1a100000
           123240000            3064 00001988 01478793 addi             x15, x15, 20        x15=1a100014 x15:1a100000
           123280000            3065 0000198c 0007a783 lw               x15, 0(x15)         x15=00000020 x15:1a100014  PA:1a100014
           123520000            3071 00001990 0407f793 andi             x15, x15, 64        x15=00000000 x15:00000020
           123560000            3072 00001994 fe0788e3 beq              x15, x0, -16        x15:00000000
           123680000            3075 00001984 1a1007b7 lui              x15, 0x1a100000     x15=1a100000
           123720000            3076 00001988 01478793 addi             x15, x15, 20        x15=1a100014 x15:1a100000
           123760000            3077 0000198c 0007a783 lw               x15, 0(x15)         x15=00000020 x15:1a100014  PA:1a100014
           124000000            3083 00001990 0407f793 andi             x15, x15, 64        x15=00000000 x15:00000020
           124040000            3084 00001994 fe0788e3 beq              x15, x0, -16        x15:00000000
           124160000            3087 00001984 1a1007b7 lui              x15, 0x1a100000     x15=1a100000
           124200000            3088 00001988 01478793 addi             x15, x15, 20        x15=1a100014 x15:1a100000
           124240000            3089 0000198c 0007a783 lw               x15, 0(x15)         x15=00000020 x15:1a100014  PA:1a100014
           124480000            3095 00001990 0407f793 andi             x15, x15, 64        x15=00000000 x15:00000020
           124520000            3096 00001994 fe0788e3 beq              x15, x0, -16        x15:00000000
           124640000            3099 00001984 1a1007b7 lui              x15, 0x1a100000     x15=1a100000
           124680000            3100 00001988 01478793 addi             x15, x15, 20        x15=1a100014 x15:1a100000
           124720000            3101 0000198c 0007a783 lw               x15, 0(x15)         x15=00000020 x15:1a100014  PA:1a100014
           124960000            3107 00001990 0407f793 andi             x15, x15, 64        x15=00000000 x15:00000020
           125000000            3108 00001994 fe0788e3 beq              x15, x0, -16        x15:00000000
           125120000            3111 00001984 1a1007b7 lui              x15, 0x1a100000     x15=1a100000
           125160000            3112 00001988 01478793 addi             x15, x15, 20        x15=1a100014 x15:1a100000
           125200000            3113 0000198c 0007a783 lw               x15, 0(x15)         x15=00000020 x15:1a100014  PA:1a100014
           125440000            3119 00001990 0407f793 andi             x15, x15, 64        x15=00000000 x15:00000020
           125480000            3120 00001994 fe0788e3 beq              x15, x0, -16        x15:00000000
           125600000            3123 00001984 1a1007b7 lui              x15, 0x1a100000     x15=1a100000
           125640000            3124 00001988 01478793 addi             x15, x15, 20        x15=1a100014 x15:1a100000
           125680000            3125 0000198c 0007a783 lw               x15, 0(x15)         x15=00000020 x15:1a100014  PA:1a100014
           125920000            3131 00001990 0407f793 andi             x15, x15, 64        x15=00000000 x15:00000020
           125960000            3132 00001994 fe0788e3 beq              x15, x0, -16        x15:00000000
           126080000            3135 00001984 1a1007b7 lui              x15, 0x1a100000     x15=1a100000
           126120000            3136 00001988 01478793 addi             x15, x15, 20        x15=1a100014 x15:1a100000
           126160000            3137 0000198c 0007a783 lw               x15, 0(x15)         x15=00000020 x15:1a100014  PA:1a100014
           126400000            3143 00001990 0407f793 andi             x15, x15, 64        x15=00000000 x15:00000020
           126440000            3144 00001994 fe0788e3 beq              x15, x0, -16        x15:00000000
           126560000            3147 00001984 1a1007b7 lui              x15, 0x1a100000     x15=1a100000
           126600000            3148 00001988 01478793 addi             x15, x15, 20        x15=1a100014 x15:1a100000
           126640000            3149 0000198c 0007a783 lw               x15, 0(x15)         x15=00000020 x15:1a100014  PA:1a100014
           126880000            3155 00001990 0407f793 andi             x15, x15, 64        x15=00000000 x15:00000020
           126920000            3156 00001994 fe0788e3 beq              x15, x0, -16        x15:00000000
           127040000            3159 00001984 1a1007b7 lui              x15, 0x1a100000     x15=1a100000
           127080000            3160 00001988 01478793 addi             x15, x15, 20        x15=1a100014 x15:1a100000
           127120000            3161 0000198c 0007a783 lw               x15, 0(x15)         x15=00000020 x15:1a100014  PA:1a100014
           127360000            3167 00001990 0407f793 andi             x15, x15, 64        x15=00000000 x15:00000020
           127400000            3168 00001994 fe0788e3 beq              x15, x0, -16        x15:00000000
           127520000            3171 00001984 1a1007b7 lui              x15, 0x1a100000     x15=1a100000
           127560000            3172 00001988 01478793 addi             x15, x15, 20        x15=1a100014 x15:1a100000
           127600000            3173 0000198c 0007a783 lw               x15, 0(x15)         x15=00000020 x15:1a100014  PA:1a100014
           127840000            3179 00001990 0407f793 andi             x15, x15, 64        x15=00000000 x15:00000020
           127880000            3180 00001994 fe0788e3 beq              x15, x0, -16        x15:00000000
           128000000            3183 00001984 1a1007b7 lui              x15, 0x1a100000     x15=1a100000
           128040000            3184 00001988 01478793 addi             x15, x15, 20        x15=1a100014 x15:1a100000
           128080000            3185 0000198c 0007a783 lw               x15, 0(x15)         x15=00000020 x15:1a100014  PA:1a100014
           128320000            3191 00001990 0407f793 andi             x15, x15, 64        x15=00000000 x15:00000020
           128360000            3192 00001994 fe0788e3 beq              x15, x0, -16        x15:00000000
           128480000            3195 00001984 1a1007b7 lui              x15, 0x1a100000     x15=1a100000
           128520000            3196 00001988 01478793 addi             x15, x15, 20        x15=1a100014 x15:1a100000
           128560000            3197 0000198c 0007a783 lw               x15, 0(x15)         x15=00000020 x15:1a100014  PA:1a100014
           128800000            3203 00001990 0407f793 andi             x15, x15, 64        x15=00000000 x15:00000020
           128840000            3204 00001994 fe0788e3 beq              x15, x0, -16        x15:00000000
           128960000            3207 00001984 1a1007b7 lui              x15, 0x1a100000     x15=1a100000
           129000000            3208 00001988 01478793 addi             x15, x15, 20        x15=1a100014 x15:1a100000
           129040000            3209 0000198c 0007a783 lw               x15, 0(x15)         x15=00000060 x15:1a100014  PA:1a100014
           129280000            3215 00001990 0407f793 andi             x15, x15, 64        x15=00000040 x15:00000060
           129320000            3216 00001994 fe0788e3 beq              x15, x0, -16        x15:00000040
           129360000            3217 00001998 00000013 nop                                 
           129400000            3218 0000199c 00c12403 lw               x8, 12(x2)           x8=00000000  x2:00107ff0  PA:00107ffc
           129440000            3219 000019a0 01010113 addi             x2, x2, 16           x2=00108000  x2:00107ff0
           129480000            3220 000019a4 00008067 jalr             x0, x1, 0            x1:00000158
           129560000            3222 00000158 00040513 addi             x10, x8, 0          x10=00000000  x8:00000000
           129600000            3223 0000015c 04d010ef jal              x1, 6220             x1=00000160
           129680000            3225 000019a8 fe010113 addi             x2, x2, -32          x2=00107fe0  x2:00108000
           129720000            3226 000019ac 00112e23 sw               x1, 28(x2)           x1:00000160  x2:00107fe0  PA:00107ffc
           129760000            3227 000019b0 00812c23 sw               x8, 24(x2)           x8:00000000  x2:00107fe0  PA:00107ff8
           129800000            3228 000019b4 02010413 addi             x8, x2, 32           x8=00108000  x2:00107fe0
           129840000            3229 000019b8 fea42623 sw               x10, -20(x8)        x10:00000000  x8:00108000  PA:00107fec
           129880000            3230 000019bc ff040793 addi             x15, x8, -16        x15=00107ff0  x8:00108000
           129920000            3231 000019c0 ffc7a503 lw               x10, -4(x15)        x10=00000000 x15:00107ff0  PA:00107fec
           129960000            3232 000019c4 008000ef jal              x1, 8                x1=000019c8
           130040000            3234 000019cc fe010113 addi             x2, x2, -32          x2=00107fc0  x2:00107fe0
           130080000            3235 000019d0 00112e23 sw               x1, 28(x2)           x1:000019c8  x2:00107fc0  PA:00107fdc
           130120000            3236 000019d4 00812c23 sw               x8, 24(x2)           x8:00108000  x2:00107fc0  PA:00107fd8
           130160000            3237 000019d8 02010413 addi             x8, x2, 32           x8=00107fe0  x2:00107fc0
           130200000            3238 000019dc fea42623 sw               x10, -20(x8)        x10:00000000  x8:00107fe0  PA:00107fcc
           130240000            3239 000019e0 ff040713 addi             x14, x8, -16        x14=00107fd0  x8:00107fe0
           130280000            3240 000019e4 ffc72783 lw               x15, -4(x14)        x15=00000000 x14:00107fd0  PA:00107fcc
           130360000            3242 000019e8 00078c63 beq              x15, x0, 24         x15:00000000
           130480000            3245 00001a00 1a1077b7 lui              x15, 0x1a107000     x15=1a107000
           130520000            3246 00001a04 01478793 addi             x15, x15, 20        x15=1a107014 x15:1a107000
           130560000            3247 00001a08 0007a023 sw               x0, 0(x15)          x15:1a107014  PA:1a107014
           130600000            3248 00001a0c 1a1077b7 lui              x15, 0x1a107000     x15=1a107000
           130840000            3254 00001a10 00478793 addi             x15, x15, 4         x15=1a107004 x15:1a107000
           130880000            3255 00001a14 1a107737 lui              x14, 0x1a107000     x14=1a107000
           130920000            3256 00001a18 00470713 addi             x14, x14, 4         x14=1a107004 x14:1a107000
           130960000            3257 00001a1c 00072703 lw               x14, 0(x14)         x14=ffffffff x14:1a107004  PA:1a107004
           131200000            3263 00001a20 c0274733 p.bset           x14, x14, 0, 2      x14=ffffffff x14:ffffffff
           131240000            3264 00001a24 00e7a023 sw               x14, 0(x15)         x14:ffffffff x15:1a107004  PA:1a107004
           131280000            3265 00001a28 00100593 addi             x11, x0, 1          x11=00000001
           131520000            3271 00001a2c 00800513 addi             x10, x0, 8          x10=00000008
           131560000            3272 00001a30 c35ff0ef jal              x1, -972             x1=00001a34
           131640000            3274 00001664 fd010113 addi             x2, x2, -48          x2=00107f90  x2:00107fc0
           131680000            3275 00001668 02812623 sw               x8, 44(x2)           x8:00107fe0  x2:00107f90  PA:00107fbc
           131720000            3276 0000166c 03010413 addi             x8, x2, 48           x8=00107fc0  x2:00107f90
           131760000            3277 00001670 fca42e23 sw               x10, -36(x8)        x10:00000008  x8:00107fc0  PA:00107f9c
           131800000            3278 00001674 fcb42c23 sw               x11, -40(x8)        x11:00000001  x8:00107fc0  PA:00107f98
           131840000            3279 00001678 1a1077b7 lui              x15, 0x1a107000     x15=1a107000
           131880000            3280 0000167c 0007a783 lw               x15, 0(x15)         x15=00000000 x15:1a107000  PA:1a107000
           132120000            3286 00001680 fef42623 sw               x15, -20(x8)        x15:00000000  x8:00107fc0  PA:00107fac
           132160000            3287 00001684 00100713 addi             x14, x0, 1          x14=00000001
           132200000            3288 00001688 ff040693 addi             x13, x8, -16        x13=00107fb0  x8:00107fc0
           132240000            3289 0000168c fec6a783 lw               x15, -20(x13)       x15=00000008 x13:00107fb0  PA:00107f9c
           132320000            3291 00001690 00f717b3 sll              x15, x14, x15       x15=00000100 x14:00000001 x15:00000008
           132360000            3292 00001694 fff7c713 xori             x14, x15, -1        x14=fffffeff x15:00000100
           132400000            3293 00001698 ff040693 addi             x13, x8, -16        x13=00107fb0  x8:00107fc0
           132440000            3294 0000169c ffc6a783 lw               x15, -4(x13)        x15=00000000 x13:00107fb0  PA:00107fac
           132520000            3296 000016a0 00f777b3 and              x15, x14, x15       x15=00000000 x14:fffffeff x15:00000000
           132560000            3297 000016a4 fef42623 sw               x15, -20(x8)        x15:00000000  x8:00107fc0  PA:00107fac
           132600000            3298 000016a8 ff040793 addi             x15, x8, -16        x15=00107fb0  x8:00107fc0
           132640000            3299 000016ac fe87a703 lw               x14, -24(x15)       x14=00000001 x15:00107fb0  PA:00107f98
           132680000            3300 000016b0 ff040693 addi             x13, x8, -16        x13=00107fb0  x8:00107fc0
           132720000            3301 000016b4 fec6a783 lw               x15, -20(x13)       x15=00000008 x13:00107fb0  PA:00107f9c
           132800000            3303 000016b8 00f71733 sll              x14, x14, x15       x14=00000100 x14:00000001 x15:00000008
           132840000            3304 000016bc ff040693 addi             x13, x8, -16        x13=00107fb0  x8:00107fc0
           132880000            3305 000016c0 ffc6a783 lw               x15, -4(x13)        x15=00000000 x13:00107fb0  PA:00107fac
           132960000            3307 000016c4 00f767b3 or               x15, x14, x15       x15=00000100 x14:00000100 x15:00000000
           133000000            3308 000016c8 fef42623 sw               x15, -20(x8)        x15:00000100  x8:00107fc0  PA:00107fac
           133040000            3309 000016cc 1a1077b7 lui              x15, 0x1a107000     x15=1a107000
           133080000            3310 000016d0 ff040693 addi             x13, x8, -16        x13=00107fb0  x8:00107fc0
           133120000            3311 000016d4 ffc6a703 lw               x14, -4(x13)        x14=00000100 x13:00107fb0  PA:00107fac
           133200000            3313 000016d8 00e7a023 sw               x14, 0(x15)         x14:00000100 x15:1a107000  PA:1a107000
           133240000            3314 000016dc 00000013 nop                                 
           133480000            3320 000016e0 02c12403 lw               x8, 44(x2)           x8=00107fe0  x2:00107f90  PA:00107fbc
           133520000            3321 000016e4 03010113 addi             x2, x2, 48           x2=00107fc0  x2:00107f90
           133560000            3322 000016e8 00008067 jalr             x0, x1, 0            x1:00001a34
           133640000            3324 00001a34 00100593 addi             x11, x0, 1          x11=00000001
           133680000            3325 00001a38 00800513 addi             x10, x0, 8          x10=00000008
           133720000            3326 00001a3c cb1ff0ef jal              x1, -848             x1=00001a40
           133800000            3328 000016ec fd010113 addi             x2, x2, -48          x2=00107f90  x2:00107fc0
           133840000            3329 000016f0 02812623 sw               x8, 44(x2)           x8:00107fe0  x2:00107f90  PA:00107fbc
           133880000            3330 000016f4 03010413 addi             x8, x2, 48           x8=00107fc0  x2:00107f90
           133920000            3331 000016f8 fca42e23 sw               x10, -36(x8)        x10:00000008  x8:00107fc0  PA:00107f9c
           133960000            3332 000016fc fcb42c23 sw               x11, -40(x8)        x11:00000001  x8:00107fc0  PA:00107f98
           134000000            3333 00001700 1a1017b7 lui              x15, 0x1a101000     x15=1a101000
           134040000            3334 00001704 0007a783 lw               x15, 0(x15)         x15=00000000 x15:1a101000  PA:1a101000
           134280000            3340 00001708 fef42623 sw               x15, -20(x8)        x15:00000000  x8:00107fc0  PA:00107fac
           134320000            3341 0000170c ff040693 addi             x13, x8, -16        x13=00107fb0  x8:00107fc0
           134360000            3342 00001710 fe86a783 lw               x15, -24(x13)       x15=00000001 x13:00107fb0  PA:00107f98
           134440000            3344 00001714 02079663 bne              x15, x0, 44         x15:00000001
           134560000            3347 00001740 00100713 addi             x14, x0, 1          x14=00000001
           134600000            3348 00001744 ff040693 addi             x13, x8, -16        x13=00107fb0  x8:00107fc0
           134640000            3349 00001748 fec6a783 lw               x15, -20(x13)       x15=00000008 x13:00107fb0  PA:00107f9c
           134720000            3351 0000174c 00f71733 sll              x14, x14, x15       x14=00000100 x14:00000001 x15:00000008
           134760000            3352 00001750 ff040693 addi             x13, x8, -16        x13=00107fb0  x8:00107fc0
           134800000            3353 00001754 ffc6a783 lw               x15, -4(x13)        x15=00000000 x13:00107fb0  PA:00107fac
           134880000            3355 00001758 00f767b3 or               x15, x14, x15       x15=00000100 x14:00000100 x15:00000000
           134920000            3356 0000175c fef42623 sw               x15, -20(x8)        x15:00000100  x8:00107fc0  PA:00107fac
           134960000            3357 00001760 1a1017b7 lui              x15, 0x1a101000     x15=1a101000
           135000000            3358 00001764 ff040693 addi             x13, x8, -16        x13=00107fb0  x8:00107fc0
           135040000            3359 00001768 ffc6a703 lw               x14, -4(x13)        x14=00000100 x13:00107fb0  PA:00107fac
           135120000            3361 0000176c 00e7a023 sw               x14, 0(x15)         x14:00000100 x15:1a101000  PA:1a101000
           135160000            3362 00001770 00000013 nop                                 
           135400000            3368 00001774 02c12403 lw               x8, 44(x2)           x8=00107fe0  x2:00107f90  PA:00107fbc
           135440000            3369 00001778 03010113 addi             x2, x2, 48           x2=00107fc0  x2:00107f90
           135480000            3370 0000177c 00008067 jalr             x0, x1, 0            x1:00001a40
           135560000            3372 00001a40 00100593 addi             x11, x0, 1          x11=00000001
           135600000            3373 00001a44 00800513 addi             x10, x0, 8          x10=00000008
           135640000            3374 00001a48 d39ff0ef jal              x1, -712             x1=00001a4c
           135720000            3376 00001780 fd010113 addi             x2, x2, -48          x2=00107f90  x2:00107fc0
           135760000            3377 00001784 02812623 sw               x8, 44(x2)           x8:00107fe0  x2:00107f90  PA:00107fbc
           135800000            3378 00001788 03010413 addi             x8, x2, 48           x8=00107fc0  x2:00107f90
           135840000            3379 0000178c fca42e23 sw               x10, -36(x8)        x10:00000008  x8:00107fc0  PA:00107f9c
           135880000            3380 00001790 fcb42c23 sw               x11, -40(x8)        x11:00000001  x8:00107fc0  PA:00107f98
           135920000            3381 00001794 1a1017b7 lui              x15, 0x1a101000     x15=1a101000
           135960000            3382 00001798 00878793 addi             x15, x15, 8         x15=1a101008 x15:1a101000
           136000000            3383 0000179c 0007a783 lw               x15, 0(x15)         x15=00000000 x15:1a101008  PA:1a101008
           136240000            3389 000017a0 fef42623 sw               x15, -20(x8)        x15:00000000  x8:00107fc0  PA:00107fac
           136280000            3390 000017a4 ff040693 addi             x13, x8, -16        x13=00107fb0  x8:00107fc0
           136320000            3391 000017a8 fe86a783 lw               x15, -24(x13)       x15=00000001 x13:00107fb0  PA:00107f98
           136400000            3393 000017ac 02079663 bne              x15, x0, 44         x15:00000001
           136520000            3396 000017d8 00100713 addi             x14, x0, 1          x14=00000001
           136560000            3397 000017dc ff040693 addi             x13, x8, -16        x13=00107fb0  x8:00107fc0
           136600000            3398 000017e0 fec6a783 lw               x15, -20(x13)       x15=00000008 x13:00107fb0  PA:00107f9c
           136680000            3400 000017e4 00f71733 sll              x14, x14, x15       x14=00000100 x14:00000001 x15:00000008
           136720000            3401 000017e8 ff040693 addi             x13, x8, -16        x13=00107fb0  x8:00107fc0
           136760000            3402 000017ec ffc6a783 lw               x15, -4(x13)        x15=00000000 x13:00107fb0  PA:00107fac
           136840000            3404 000017f0 00f767b3 or               x15, x14, x15       x15=00000100 x14:00000100 x15:00000000
           136880000            3405 000017f4 fef42623 sw               x15, -20(x8)        x15:00000100  x8:00107fc0  PA:00107fac
           136920000            3406 000017f8 1a1017b7 lui              x15, 0x1a101000     x15=1a101000
           136960000            3407 000017fc 00878793 addi             x15, x15, 8         x15=1a101008 x15:1a101000
           137000000            3408 00001800 ff040693 addi             x13, x8, -16        x13=00107fb0  x8:00107fc0
           137040000            3409 00001804 ffc6a703 lw               x14, -4(x13)        x14=00000100 x13:00107fb0  PA:00107fac
           137120000            3411 00001808 00e7a023 sw               x14, 0(x15)         x14:00000100 x15:1a101008  PA:1a101008
           137160000            3412 0000180c 00000013 nop                                 
           137400000            3418 00001810 02c12403 lw               x8, 44(x2)           x8=00107fe0  x2:00107f90  PA:00107fbc
           137440000            3419 00001814 03010113 addi             x2, x2, 48           x2=00107fc0  x2:00107f90
           137480000            3420 00001818 00008067 jalr             x0, x1, 0            x1:00001a4c
           137560000            3422 00001a4c 00000013 nop                                 
           137600000            3423 00001a50 01c12083 lw               x1, 28(x2)           x1=000019c8  x2:00107fc0  PA:00107fdc
           137640000            3424 00001a54 01812403 lw               x8, 24(x2)           x8=00108000  x2:00107fc0  PA:00107fd8
           137680000            3425 00001a58 02010113 addi             x2, x2, 32           x2=00107fe0  x2:00107fc0
           137720000            3426 00001a5c 00008067 jalr             x0, x1, 0            x1:000019c8
           137800000            3428 000019c8 0000006f jal              x0, 0              
           137880000            3430 000019c8 0000006f jal              x0, 0              
           137960000            3432 000019c8 0000006f jal              x0, 0              
           138040000            3434 000019c8 0000006f jal              x0, 0              
           138120000            3436 000019c8 0000006f jal              x0, 0              
           138200000            3438 000019c8 0000006f jal              x0, 0              
           138280000            3440 000019c8 0000006f jal              x0, 0              
           138360000            3442 000019c8 0000006f jal              x0, 0              
           138440000            3444 000019c8 0000006f jal              x0, 0              
           138520000            3446 000019c8 0000006f jal              x0, 0              
           138600000            3448 000019c8 0000006f jal              x0, 0              
           138680000            3450 000019c8 0000006f jal              x0, 0              
           138760000            3452 000019c8 0000006f jal              x0, 0              
           138840000            3454 000019c8 0000006f jal              x0, 0              
           138920000            3456 000019c8 0000006f jal              x0, 0              
           139000000            3458 000019c8 0000006f jal              x0, 0              
           139080000            3460 000019c8 0000006f jal              x0, 0              
           139160000            3462 000019c8 0000006f jal              x0, 0              
           139240000            3464 000019c8 0000006f jal              x0, 0              
           139320000            3466 000019c8 0000006f jal              x0, 0              
           139400000            3468 000019c8 0000006f jal              x0, 0              
           139480000            3470 000019c8 0000006f jal              x0, 0              
           139560000            3472 000019c8 0000006f jal              x0, 0              
           139640000            3474 000019c8 0000006f jal              x0, 0              
           139720000            3476 000019c8 0000006f jal              x0, 0              
           139800000            3478 000019c8 0000006f jal              x0, 0              
           139880000            3480 000019c8 0000006f jal              x0, 0              
           139960000            3482 000019c8 0000006f jal              x0, 0              
           140040000            3484 000019c8 0000006f jal              x0, 0              
           140120000            3486 000019c8 0000006f jal              x0, 0              
           140200000            3488 000019c8 0000006f jal              x0, 0              
           140280000            3490 000019c8 0000006f jal              x0, 0              
           140360000            3492 000019c8 0000006f jal              x0, 0              
           140440000            3494 000019c8 0000006f jal              x0, 0              
           140520000            3496 000019c8 0000006f jal              x0, 0              
           140600000            3498 000019c8 0000006f jal              x0, 0              
           140680000            3500 000019c8 0000006f jal              x0, 0              
           140760000            3502 000019c8 0000006f jal              x0, 0              
           140840000            3504 000019c8 0000006f jal              x0, 0              
           140920000            3506 000019c8 0000006f jal              x0, 0              
           141000000            3508 000019c8 0000006f jal              x0, 0              
           141080000            3510 000019c8 0000006f jal              x0, 0              
           141160000            3512 000019c8 0000006f jal              x0, 0              
           141240000            3514 000019c8 0000006f jal              x0, 0              
           141320000            3516 000019c8 0000006f jal              x0, 0              
           141400000            3518 000019c8 0000006f jal              x0, 0              
           141480000            3520 000019c8 0000006f jal              x0, 0              
           141560000            3522 000019c8 0000006f jal              x0, 0              
           141640000            3524 000019c8 0000006f jal              x0, 0              
           141720000            3526 000019c8 0000006f jal              x0, 0              
           141800000            3528 000019c8 0000006f jal              x0, 0              
           141880000            3530 000019c8 0000006f jal              x0, 0              
           141960000            3532 000019c8 0000006f jal              x0, 0              
           142040000            3534 000019c8 0000006f jal              x0, 0              
           142120000            3536 000019c8 0000006f jal              x0, 0              
           142200000            3538 000019c8 0000006f jal              x0, 0              
           142280000            3540 000019c8 0000006f jal              x0, 0              
           142360000            3542 000019c8 0000006f jal              x0, 0              
           142440000            3544 000019c8 0000006f jal              x0, 0              
           142520000            3546 000019c8 0000006f jal              x0, 0              
           142600000            3548 000019c8 0000006f jal              x0, 0              
           142680000            3550 000019c8 0000006f jal              x0, 0              
